[ 2017-04-15T09:12:20+08:00 ] 127.0.0.1 /admin.php
INFO: [ app_init ] --START--
INFO: Run Behavior\BuildLiteBehavior [ RunTime:0.000000s ]
SQL: SHOW COLUMNS FROM `ly_admin_config` [ RunTime:0.0270s ]
SQL: SELECT `name`,`value`,`type` FROM `ly_admin_config` WHERE `status` = 1  [ RunTime:0.0020s ]
SQL: SHOW COLUMNS FROM `ly_admin_module` [ RunTime:0.0100s ]
SQL: SELECT `name` FROM `ly_admin_module` WHERE `status` = 1 AND `is_system` = 0  [ RunTime:0.0010s ]
INFO: Run Common\Behavior\InitModuleBehavior [ RunTime:0.107006s ]
INFO: [ app_init ] --END-- [ RunTime:0.107006s ]
INFO: [ app_begin ] --START--
INFO: Run Behavior\ReadHtmlCacheBehavior [ RunTime:0.009001s ]
SQL: SELECT `name`,`value`,`type` FROM `ly_admin_config` WHERE `status` = 1  [ RunTime:0.0000s ]
SQL: SELECT `name`,`config` FROM `ly_admin_module` WHERE `status` = 1  [ RunTime:0.0000s ]
INFO: Run Common\Behavior\InitConfigBehavior [ RunTime:0.018001s ]
INFO: [ app_begin ] --END-- [ RunTime:0.027002s ]
SQL: SHOW COLUMNS FROM `ly_admin_user` [ RunTime:0.0180s ]

[ 2017-04-15T09:12:20+08:00 ] 127.0.0.1 /admin.php?s=/Admin/Public/login.html
INFO: [ app_init ] --START--
INFO: Run Behavior\BuildLiteBehavior [ RunTime:0.000000s ]
SQL: SHOW COLUMNS FROM `ly_admin_config` [ RunTime:0.0030s ]
SQL: SELECT `name`,`value`,`type` FROM `ly_admin_config` WHERE `status` = 1  [ RunTime:0.0000s ]
SQL: SHOW COLUMNS FROM `ly_admin_module` [ RunTime:0.0040s ]
SQL: SELECT `name` FROM `ly_admin_module` WHERE `status` = 1 AND `is_system` = 0  [ RunTime:0.0000s ]
INFO: Run Common\Behavior\InitModuleBehavior [ RunTime:0.029002s ]
INFO: [ app_init ] --END-- [ RunTime:0.029002s ]
INFO: [ app_begin ] --START--
INFO: Run Behavior\ReadHtmlCacheBehavior [ RunTime:0.001000s ]
SQL: SELECT `name`,`value`,`type` FROM `ly_admin_config` WHERE `status` = 1  [ RunTime:0.0000s ]
SQL: SELECT `name`,`config` FROM `ly_admin_module` WHERE `status` = 1  [ RunTime:0.0010s ]
INFO: Run Common\Behavior\InitConfigBehavior [ RunTime:0.003000s ]
INFO: [ app_begin ] --END-- [ RunTime:0.004000s ]
INFO: [ view_parse ] --START--
INFO: [ template_filter ] --START--
INFO: Run Behavior\ContentReplaceBehavior [ RunTime:0.000000s ]
INFO: [ template_filter ] --END-- [ RunTime:0.000000s ]
NOTIC: [8] Undefined variable: _admin_tabs D:\phpStudy\WWW\thinkphp\admin.thinkphp.com\Runtime\Cache\Admin\3c5566b2bfbf6ef00ac5366ba47246fe.php 第 257 行.
INFO: Run Behavior\ParseTemplateBehavior [ RunTime:0.058003s ]
INFO: [ view_parse ] --END-- [ RunTime:0.058003s ]
INFO: [ view_filter ] --START--
INFO: Run Behavior\WriteHtmlCacheBehavior [ RunTime:0.001000s ]
INFO: [ view_filter ] --END-- [ RunTime:0.001000s ]
INFO: [ app_end ] --START--
INFO: Run Behavior\ShowPageTraceBehavior [ RunTime:0.001000s ]
INFO: [ app_end ] --END-- [ RunTime:0.001000s ]

[ 2017-04-15T09:12:28+08:00 ] 127.0.0.1 /admin.php?s=/Admin/Public/login.html
INFO: [ app_init ] --START--
INFO: Run Behavior\BuildLiteBehavior [ RunTime:0.000000s ]
SQL: SHOW COLUMNS FROM `ly_admin_config` [ RunTime:0.0030s ]
SQL: SELECT `name`,`value`,`type` FROM `ly_admin_config` WHERE `status` = 1  [ RunTime:0.0000s ]
SQL: SHOW COLUMNS FROM `ly_admin_module` [ RunTime:0.0030s ]
SQL: SELECT `name` FROM `ly_admin_module` WHERE `status` = 1 AND `is_system` = 0  [ RunTime:0.0000s ]
INFO: Run Common\Behavior\InitModuleBehavior [ RunTime:0.023002s ]
INFO: [ app_init ] --END-- [ RunTime:0.023002s ]
INFO: [ app_begin ] --START--
INFO: Run Behavior\ReadHtmlCacheBehavior [ RunTime:0.001000s ]
SQL: SELECT `name`,`value`,`type` FROM `ly_admin_config` WHERE `status` = 1  [ RunTime:0.0000s ]
SQL: SELECT `name`,`config` FROM `ly_admin_module` WHERE `status` = 1  [ RunTime:0.0000s ]
INFO: Run Common\Behavior\InitConfigBehavior [ RunTime:0.002000s ]
INFO: [ app_begin ] --END-- [ RunTime:0.003000s ]
SQL: SHOW COLUMNS FROM `ly_admin_user` [ RunTime:0.0030s ]
SQL: SELECT * FROM `ly_admin_user` WHERE `username` = 'admin' AND `status` = 1 LIMIT 1   [ RunTime:0.0000s ]
SQL: SHOW COLUMNS FROM `ly_admin_access` [ RunTime:0.0040s ]
SQL: SELECT * FROM `ly_admin_access` WHERE `uid` = 1 LIMIT 1   [ RunTime:0.0000s ]

[ 2017-04-15T09:12:30+08:00 ] 127.0.0.1 /admin.php?s=/Admin/Index/index.html
INFO: [ app_init ] --START--
INFO: Run Behavior\BuildLiteBehavior [ RunTime:0.000000s ]
SQL: SHOW COLUMNS FROM `ly_admin_config` [ RunTime:0.0050s ]
SQL: SELECT `name`,`value`,`type` FROM `ly_admin_config` WHERE `status` = 1  [ RunTime:0.0000s ]
SQL: SHOW COLUMNS FROM `ly_admin_module` [ RunTime:0.0040s ]
SQL: SELECT `name` FROM `ly_admin_module` WHERE `status` = 1 AND `is_system` = 0  [ RunTime:0.0000s ]
INFO: Run Common\Behavior\InitModuleBehavior [ RunTime:0.031001s ]
INFO: [ app_init ] --END-- [ RunTime:0.031001s ]
INFO: [ app_begin ] --START--
INFO: Run Behavior\ReadHtmlCacheBehavior [ RunTime:0.001000s ]
SQL: SELECT `name`,`value`,`type` FROM `ly_admin_config` WHERE `status` = 1  [ RunTime:0.0010s ]
SQL: SELECT `name`,`config` FROM `ly_admin_module` WHERE `status` = 1  [ RunTime:0.0010s ]
INFO: Run Common\Behavior\InitConfigBehavior [ RunTime:0.004001s ]
INFO: [ app_begin ] --END-- [ RunTime:0.005001s ]
SQL: SHOW COLUMNS FROM `ly_admin_user` [ RunTime:0.0050s ]
SQL: SHOW COLUMNS FROM `ly_admin_access` [ RunTime:0.0050s ]
SQL: SELECT `group` FROM `ly_admin_access` WHERE `uid` = 1 LIMIT 1   [ RunTime:0.0010s ]
SQL: SHOW COLUMNS FROM `ly_admin_group` [ RunTime:0.0060s ]
SQL: SELECT * FROM `ly_admin_group` WHERE `id` = 1 LIMIT 1   [ RunTime:0.0010s ]
SQL: SELECT * FROM `ly_admin_module` WHERE `status` = 1 ORDER BY sort asc, id asc  [ RunTime:0.0080s ]
SQL: SELECT `admin_menu` FROM `ly_admin_module` WHERE `name` = 'Admin' LIMIT 1   [ RunTime:0.0010s ]
NOTIC: [8] Undefined variable: result D:\phpStudy\WWW\thinkphp\admin.thinkphp.com\Application\Admin\Model\ModuleModel.class.php 第 97 行.
INFO: [ view_parse ] --START--
INFO: [ template_filter ] --START--
INFO: Run Behavior\ContentReplaceBehavior [ RunTime:0.001000s ]
INFO: [ template_filter ] --END-- [ RunTime:0.001000s ]
NOTIC: [8] Undefined variable: _ns D:\phpStudy\WWW\thinkphp\admin.thinkphp.com\Runtime\Cache\Admin\b595b808c2ebeeeb0478ffc30bb4e87a.php 第 166 行.
NOTIC: [8] Undefined variable: _ns D:\phpStudy\WWW\thinkphp\admin.thinkphp.com\Runtime\Cache\Admin\b595b808c2ebeeeb0478ffc30bb4e87a.php 第 172 行.
NOTIC: [8] Undefined variable: _ns D:\phpStudy\WWW\thinkphp\admin.thinkphp.com\Runtime\Cache\Admin\b595b808c2ebeeeb0478ffc30bb4e87a.php 第 166 行.
NOTIC: [8] Undefined variable: _ns D:\phpStudy\WWW\thinkphp\admin.thinkphp.com\Runtime\Cache\Admin\b595b808c2ebeeeb0478ffc30bb4e87a.php 第 172 行.
NOTIC: [8] Undefined variable: _ns D:\phpStudy\WWW\thinkphp\admin.thinkphp.com\Runtime\Cache\Admin\b595b808c2ebeeeb0478ffc30bb4e87a.php 第 166 行.
NOTIC: [8] Undefined variable: _ns D:\phpStudy\WWW\thinkphp\admin.thinkphp.com\Runtime\Cache\Admin\b595b808c2ebeeeb0478ffc30bb4e87a.php 第 172 行.
SQL: select version() as v; [ RunTime:0.0150s ]
INFO: Run Behavior\ParseTemplateBehavior [ RunTime:0.074004s ]
INFO: [ view_parse ] --END-- [ RunTime:0.074004s ]
INFO: [ view_filter ] --START--
INFO: Run Behavior\WriteHtmlCacheBehavior [ RunTime:0.000000s ]
INFO: [ view_filter ] --END-- [ RunTime:0.000000s ]
INFO: [ app_end ] --START--
INFO: Run Behavior\ShowPageTraceBehavior [ RunTime:0.001000s ]
INFO: [ app_end ] --END-- [ RunTime:0.001000s ]

[ 2017-04-15T09:12:30+08:00 ] 127.0.0.1 /admin.php?s=/Admin/Update/checkVersion.html
INFO: [ app_init ] --START--
INFO: Run Behavior\BuildLiteBehavior [ RunTime:0.000000s ]
SQL: SHOW COLUMNS FROM `ly_admin_config` [ RunTime:0.0020s ]
SQL: SELECT `name`,`value`,`type` FROM `ly_admin_config` WHERE `status` = 1  [ RunTime:0.0000s ]
SQL: SHOW COLUMNS FROM `ly_admin_module` [ RunTime:0.0040s ]
SQL: SELECT `name` FROM `ly_admin_module` WHERE `status` = 1 AND `is_system` = 0  [ RunTime:0.0010s ]
INFO: Run Common\Behavior\InitModuleBehavior [ RunTime:0.020001s ]
INFO: [ app_init ] --END-- [ RunTime:0.020001s ]
INFO: [ app_begin ] --START--
INFO: Run Behavior\ReadHtmlCacheBehavior [ RunTime:0.000000s ]
SQL: SELECT `name`,`value`,`type` FROM `ly_admin_config` WHERE `status` = 1  [ RunTime:0.0010s ]
SQL: SELECT `name`,`config` FROM `ly_admin_module` WHERE `status` = 1  [ RunTime:0.0000s ]
INFO: Run Common\Behavior\InitConfigBehavior [ RunTime:0.004000s ]
INFO: [ app_begin ] --END-- [ RunTime:0.004000s ]
ERR: 无法加载控制器:Update

[ 2017-04-15T09:12:35+08:00 ] 127.0.0.1 /admin.php?s=/Admin/Config/group.html
INFO: [ app_init ] --START--
INFO: Run Behavior\BuildLiteBehavior [ RunTime:0.000000s ]
SQL: SHOW COLUMNS FROM `ly_admin_config` [ RunTime:0.0030s ]
SQL: SELECT `name`,`value`,`type` FROM `ly_admin_config` WHERE `status` = 1  [ RunTime:0.0010s ]
SQL: SHOW COLUMNS FROM `ly_admin_module` [ RunTime:0.0020s ]
SQL: SELECT `name` FROM `ly_admin_module` WHERE `status` = 1 AND `is_system` = 0  [ RunTime:0.0010s ]
INFO: Run Common\Behavior\InitModuleBehavior [ RunTime:0.024002s ]
INFO: [ app_init ] --END-- [ RunTime:0.024002s ]
INFO: [ app_begin ] --START--
INFO: Run Behavior\ReadHtmlCacheBehavior [ RunTime:0.000000s ]
SQL: SELECT `name`,`value`,`type` FROM `ly_admin_config` WHERE `status` = 1  [ RunTime:0.0010s ]
SQL: SELECT `name`,`config` FROM `ly_admin_module` WHERE `status` = 1  [ RunTime:0.0000s ]
INFO: Run Common\Behavior\InitConfigBehavior [ RunTime:0.002000s ]
INFO: [ app_begin ] --END-- [ RunTime:0.002000s ]
SQL: SHOW COLUMNS FROM `ly_admin_user` [ RunTime:0.0030s ]
SQL: SHOW COLUMNS FROM `ly_admin_group` [ RunTime:0.0020s ]
SQL: SHOW COLUMNS FROM `ly_admin_access` [ RunTime:0.0020s ]
SQL: SELECT `group` FROM `ly_admin_access` WHERE `uid` = 1 LIMIT 1   [ RunTime:0.0010s ]
SQL: SELECT * FROM `ly_admin_group` WHERE `id` = 1 LIMIT 1   [ RunTime:0.0000s ]
SQL: SELECT * FROM `ly_admin_module` WHERE `status` = 1 ORDER BY sort asc, id asc  [ RunTime:0.0010s ]
SQL: SELECT `admin_menu` FROM `ly_admin_module` WHERE `name` = 'Admin' LIMIT 1   [ RunTime:0.0000s ]
SQL: SELECT `admin_menu` FROM `ly_admin_module` WHERE `name` = 'Admin' LIMIT 1   [ RunTime:0.0010s ]
SQL: SHOW COLUMNS FROM `ly_admin_config` [ RunTime:0.0020s ]
SQL: SELECT * FROM `ly_admin_config` WHERE `status` >= 0 AND `group` = 1 ORDER BY sort asc,id asc  [ RunTime:0.0010s ]
INFO: [ view_parse ] --START--
INFO: [ template_filter ] --START--
INFO: Run Behavior\ContentReplaceBehavior [ RunTime:0.003000s ]
INFO: [ template_filter ] --END-- [ RunTime:0.003000s ]
INFO: Run Behavior\ParseTemplateBehavior [ RunTime:0.504029s ]
INFO: [ view_parse ] --END-- [ RunTime:0.504029s ]
INFO: [ view_filter ] --START--
INFO: Run Behavior\WriteHtmlCacheBehavior [ RunTime:0.000000s ]
INFO: [ view_filter ] --END-- [ RunTime:0.000000s ]
INFO: [ app_end ] --START--
INFO: Run Behavior\ShowPageTraceBehavior [ RunTime:0.001000s ]
INFO: [ app_end ] --END-- [ RunTime:0.001000s ]

[ 2017-04-15T09:15:11+08:00 ] 127.0.0.1 /admin.php?s=/Admin/Nav/index.html
INFO: [ app_init ] --START--
INFO: Run Behavior\BuildLiteBehavior [ RunTime:0.000000s ]
SQL: SHOW COLUMNS FROM `ly_admin_config` [ RunTime:0.0020s ]
SQL: SELECT `name`,`value`,`type` FROM `ly_admin_config` WHERE `status` = 1  [ RunTime:0.0000s ]
SQL: SHOW COLUMNS FROM `ly_admin_module` [ RunTime:0.0020s ]
SQL: SELECT `name` FROM `ly_admin_module` WHERE `status` = 1 AND `is_system` = 0  [ RunTime:0.0000s ]
INFO: Run Common\Behavior\InitModuleBehavior [ RunTime:0.026002s ]
INFO: [ app_init ] --END-- [ RunTime:0.026002s ]
INFO: [ app_begin ] --START--
INFO: Run Behavior\ReadHtmlCacheBehavior [ RunTime:0.001000s ]
SQL: SELECT `name`,`value`,`type` FROM `ly_admin_config` WHERE `status` = 1  [ RunTime:0.0000s ]
SQL: SELECT `name`,`config` FROM `ly_admin_module` WHERE `status` = 1  [ RunTime:0.0000s ]
INFO: Run Common\Behavior\InitConfigBehavior [ RunTime:0.001000s ]
INFO: [ app_begin ] --END-- [ RunTime:0.002000s ]

[ 2017-04-15T09:15:31+08:00 ] 127.0.0.1 /admin.php?s=/Admin/Nav/index.html
INFO: [ app_init ] --START--
INFO: Run Behavior\BuildLiteBehavior [ RunTime:0.000000s ]
SQL: SHOW COLUMNS FROM `ly_admin_config` [ RunTime:0.0030s ]
SQL: SELECT `name`,`value`,`type` FROM `ly_admin_config` WHERE `status` = 1  [ RunTime:0.0000s ]
SQL: SHOW COLUMNS FROM `ly_admin_module` [ RunTime:0.0030s ]
SQL: SELECT `name` FROM `ly_admin_module` WHERE `status` = 1 AND `is_system` = 0  [ RunTime:0.0010s ]
INFO: Run Common\Behavior\InitModuleBehavior [ RunTime:0.030002s ]
INFO: [ app_init ] --END-- [ RunTime:0.030002s ]
INFO: [ app_begin ] --START--
INFO: Run Behavior\ReadHtmlCacheBehavior [ RunTime:0.001000s ]
SQL: SELECT `name`,`value`,`type` FROM `ly_admin_config` WHERE `status` = 1  [ RunTime:0.0000s ]
SQL: SELECT `name`,`config` FROM `ly_admin_module` WHERE `status` = 1  [ RunTime:0.0000s ]
INFO: Run Common\Behavior\InitConfigBehavior [ RunTime:0.003000s ]
INFO: [ app_begin ] --END-- [ RunTime:0.004000s ]

[ 2017-04-15T09:21:53+08:00 ] 127.0.0.1 /admin.php?s=/Admin/Nav/index.html
INFO: [ app_init ] --START--
INFO: Run Behavior\BuildLiteBehavior [ RunTime:0.000000s ]
SQL: SHOW COLUMNS FROM `ly_admin_config` [ RunTime:0.0030s ]
SQL: SELECT `name`,`value`,`type` FROM `ly_admin_config` WHERE `status` = 1  [ RunTime:0.0010s ]
SQL: SHOW COLUMNS FROM `ly_admin_module` [ RunTime:0.0030s ]
SQL: SELECT `name` FROM `ly_admin_module` WHERE `status` = 1 AND `is_system` = 0  [ RunTime:0.0000s ]
INFO: Run Common\Behavior\InitModuleBehavior [ RunTime:0.029002s ]
INFO: [ app_init ] --END-- [ RunTime:0.029002s ]
INFO: [ app_begin ] --START--
INFO: Run Behavior\ReadHtmlCacheBehavior [ RunTime:0.000000s ]
SQL: SELECT `name`,`value`,`type` FROM `ly_admin_config` WHERE `status` = 1  [ RunTime:0.0000s ]
SQL: SELECT `name`,`config` FROM `ly_admin_module` WHERE `status` = 1  [ RunTime:0.0000s ]
INFO: Run Common\Behavior\InitConfigBehavior [ RunTime:0.003000s ]
INFO: [ app_begin ] --END-- [ RunTime:0.003000s ]
INFO: [ app_end ] --START--
INFO: Run Behavior\ShowPageTraceBehavior [ RunTime:0.001000s ]
INFO: [ app_end ] --END-- [ RunTime:0.001000s ]

[ 2017-04-15T10:57:33+08:00 ] 127.0.0.1 /admin.php?s=/Admin/Nav/index.html
INFO: [ app_init ] --START--
INFO: Run Behavior\BuildLiteBehavior [ RunTime:0.000000s ]
SQL: SHOW COLUMNS FROM `ly_admin_config` [ RunTime:0.0030s ]
SQL: SELECT `name`,`value`,`type` FROM `ly_admin_config` WHERE `status` = 1  [ RunTime:0.0010s ]
SQL: SHOW COLUMNS FROM `ly_admin_module` [ RunTime:0.0020s ]
SQL: SELECT `name` FROM `ly_admin_module` WHERE `status` = 1 AND `is_system` = 0  [ RunTime:0.0000s ]
INFO: Run Common\Behavior\InitModuleBehavior [ RunTime:0.026001s ]
INFO: [ app_init ] --END-- [ RunTime:0.026001s ]
INFO: [ app_begin ] --START--
INFO: Run Behavior\ReadHtmlCacheBehavior [ RunTime:0.000000s ]
SQL: SELECT `name`,`value`,`type` FROM `ly_admin_config` WHERE `status` = 1  [ RunTime:0.0010s ]
SQL: SELECT `name`,`config` FROM `ly_admin_module` WHERE `status` = 1  [ RunTime:0.0000s ]
INFO: Run Common\Behavior\InitConfigBehavior [ RunTime:0.002000s ]
INFO: [ app_begin ] --END-- [ RunTime:0.002000s ]
SQL: SHOW COLUMNS FROM `ly_admin_nav` [ RunTime:0.0030s ]
SQL: SELECT * FROM `ly_admin_nav` WHERE `group` = 'main' AND `status` >= 0 AND ( `id` LIKE '%%' OR `title` LIKE '%%' ) ORDER BY sort asc,id asc  [ RunTime:0.0010s ]

[ 2017-04-15T10:58:22+08:00 ] 127.0.0.1 /admin.php?s=/Admin/Nav/index.html
INFO: [ app_init ] --START--
INFO: Run Behavior\BuildLiteBehavior [ RunTime:0.000000s ]
SQL: SHOW COLUMNS FROM `ly_admin_config` [ RunTime:0.0040s ]
SQL: SELECT `name`,`value`,`type` FROM `ly_admin_config` WHERE `status` = 1  [ RunTime:0.0000s ]
SQL: SHOW COLUMNS FROM `ly_admin_module` [ RunTime:0.0040s ]
SQL: SELECT `name` FROM `ly_admin_module` WHERE `status` = 1 AND `is_system` = 0  [ RunTime:0.0000s ]
INFO: Run Common\Behavior\InitModuleBehavior [ RunTime:0.023001s ]
INFO: [ app_init ] --END-- [ RunTime:0.023001s ]
INFO: [ app_begin ] --START--
INFO: Run Behavior\ReadHtmlCacheBehavior [ RunTime:0.000000s ]
SQL: SELECT `name`,`value`,`type` FROM `ly_admin_config` WHERE `status` = 1  [ RunTime:0.0000s ]
SQL: SELECT `name`,`config` FROM `ly_admin_module` WHERE `status` = 1  [ RunTime:0.0000s ]
INFO: Run Common\Behavior\InitConfigBehavior [ RunTime:0.004001s ]
INFO: [ app_begin ] --END-- [ RunTime:0.004001s ]
SQL: SHOW COLUMNS FROM `ly_admin_nav` [ RunTime:0.0030s ]
SQL: SELECT * FROM `ly_admin_nav` WHERE `group` = 'main' AND `status` >= 0 AND ( `id` LIKE '%%' OR `title` LIKE '%%' ) ORDER BY sort asc,id asc  [ RunTime:0.0000s ]

[ 2017-04-15T10:58:25+08:00 ] 127.0.0.1 /admin.php
INFO: [ app_init ] --START--
INFO: Run Behavior\BuildLiteBehavior [ RunTime:0.000000s ]
SQL: SHOW COLUMNS FROM `ly_admin_config` [ RunTime:0.0030s ]
SQL: SELECT `name`,`value`,`type` FROM `ly_admin_config` WHERE `status` = 1  [ RunTime:0.0000s ]
SQL: SHOW COLUMNS FROM `ly_admin_module` [ RunTime:0.0030s ]
SQL: SELECT `name` FROM `ly_admin_module` WHERE `status` = 1 AND `is_system` = 0  [ RunTime:0.0010s ]
INFO: Run Common\Behavior\InitModuleBehavior [ RunTime:0.023001s ]
INFO: [ app_init ] --END-- [ RunTime:0.023001s ]
INFO: [ app_begin ] --START--
INFO: Run Behavior\ReadHtmlCacheBehavior [ RunTime:0.001000s ]
SQL: SELECT `name`,`value`,`type` FROM `ly_admin_config` WHERE `status` = 1  [ RunTime:0.0000s ]
SQL: SELECT `name`,`config` FROM `ly_admin_module` WHERE `status` = 1  [ RunTime:0.0000s ]
INFO: Run Common\Behavior\InitConfigBehavior [ RunTime:0.002000s ]
INFO: [ app_begin ] --END-- [ RunTime:0.003000s ]
SQL: SHOW COLUMNS FROM `ly_admin_user` [ RunTime:0.0020s ]

[ 2017-04-15T10:58:25+08:00 ] 127.0.0.1 /admin.php?s=/Admin/Public/login.html
INFO: [ app_init ] --START--
INFO: Run Behavior\BuildLiteBehavior [ RunTime:0.000000s ]
SQL: SHOW COLUMNS FROM `ly_admin_config` [ RunTime:0.0030s ]
SQL: SELECT `name`,`value`,`type` FROM `ly_admin_config` WHERE `status` = 1  [ RunTime:0.0010s ]
SQL: SHOW COLUMNS FROM `ly_admin_module` [ RunTime:0.0030s ]
SQL: SELECT `name` FROM `ly_admin_module` WHERE `status` = 1 AND `is_system` = 0  [ RunTime:0.0000s ]
INFO: Run Common\Behavior\InitModuleBehavior [ RunTime:0.014001s ]
INFO: [ app_init ] --END-- [ RunTime:0.014001s ]
INFO: [ app_begin ] --START--
INFO: Run Behavior\ReadHtmlCacheBehavior [ RunTime:0.001000s ]
SQL: SELECT `name`,`value`,`type` FROM `ly_admin_config` WHERE `status` = 1  [ RunTime:0.0000s ]
SQL: SELECT `name`,`config` FROM `ly_admin_module` WHERE `status` = 1  [ RunTime:0.0010s ]
INFO: Run Common\Behavior\InitConfigBehavior [ RunTime:0.002000s ]
INFO: [ app_begin ] --END-- [ RunTime:0.003000s ]
INFO: [ view_parse ] --START--
INFO: [ template_filter ] --START--
INFO: Run Behavior\ContentReplaceBehavior [ RunTime:0.001000s ]
INFO: [ template_filter ] --END-- [ RunTime:0.001000s ]
NOTIC: [8] Undefined variable: _admin_tabs D:\phpStudy\WWW\thinkphp\admin.thinkphp.com\Runtime\Cache\Admin\3c5566b2bfbf6ef00ac5366ba47246fe.php 第 257 行.
INFO: Run Behavior\ParseTemplateBehavior [ RunTime:0.006001s ]
INFO: [ view_parse ] --END-- [ RunTime:0.006001s ]
INFO: [ view_filter ] --START--
INFO: Run Behavior\WriteHtmlCacheBehavior [ RunTime:0.001000s ]
INFO: [ view_filter ] --END-- [ RunTime:0.001000s ]
INFO: [ app_end ] --START--
INFO: Run Behavior\ShowPageTraceBehavior [ RunTime:0.000000s ]
INFO: [ app_end ] --END-- [ RunTime:0.000000s ]

[ 2017-04-15T10:58:27+08:00 ] 127.0.0.1 /admin.php?s=/Admin/Public/login.html
INFO: [ app_init ] --START--
INFO: Run Behavior\BuildLiteBehavior [ RunTime:0.000000s ]
SQL: SHOW COLUMNS FROM `ly_admin_config` [ RunTime:0.0080s ]
SQL: SELECT `name`,`value`,`type` FROM `ly_admin_config` WHERE `status` = 1  [ RunTime:0.0000s ]
SQL: SHOW COLUMNS FROM `ly_admin_module` [ RunTime:0.0020s ]
SQL: SELECT `name` FROM `ly_admin_module` WHERE `status` = 1 AND `is_system` = 0  [ RunTime:0.0010s ]
INFO: Run Common\Behavior\InitModuleBehavior [ RunTime:0.029001s ]
INFO: [ app_init ] --END-- [ RunTime:0.029001s ]
INFO: [ app_begin ] --START--
INFO: Run Behavior\ReadHtmlCacheBehavior [ RunTime:0.001000s ]
SQL: SELECT `name`,`value`,`type` FROM `ly_admin_config` WHERE `status` = 1  [ RunTime:0.0000s ]
SQL: SELECT `name`,`config` FROM `ly_admin_module` WHERE `status` = 1  [ RunTime:0.0000s ]
INFO: Run Common\Behavior\InitConfigBehavior [ RunTime:0.002000s ]
INFO: [ app_begin ] --END-- [ RunTime:0.003000s ]
SQL: SHOW COLUMNS FROM `ly_admin_user` [ RunTime:0.0020s ]
SQL: SELECT * FROM `ly_admin_user` WHERE `username` = '' AND `status` = 1 LIMIT 1   [ RunTime:0.0000s ]

[ 2017-04-15T10:58:32+08:00 ] 127.0.0.1 /admin.php?s=/Admin/Public/login.html
INFO: [ app_init ] --START--
INFO: Run Behavior\BuildLiteBehavior [ RunTime:0.000000s ]
SQL: SHOW COLUMNS FROM `ly_admin_config` [ RunTime:0.0030s ]
SQL: SELECT `name`,`value`,`type` FROM `ly_admin_config` WHERE `status` = 1  [ RunTime:0.0000s ]
SQL: SHOW COLUMNS FROM `ly_admin_module` [ RunTime:0.0030s ]
SQL: SELECT `name` FROM `ly_admin_module` WHERE `status` = 1 AND `is_system` = 0  [ RunTime:0.0000s ]
INFO: Run Common\Behavior\InitModuleBehavior [ RunTime:0.016001s ]
INFO: [ app_init ] --END-- [ RunTime:0.016001s ]
INFO: [ app_begin ] --START--
INFO: Run Behavior\ReadHtmlCacheBehavior [ RunTime:0.001000s ]
SQL: SELECT `name`,`value`,`type` FROM `ly_admin_config` WHERE `status` = 1  [ RunTime:0.0010s ]
SQL: SELECT `name`,`config` FROM `ly_admin_module` WHERE `status` = 1  [ RunTime:0.0000s ]
INFO: Run Common\Behavior\InitConfigBehavior [ RunTime:0.002000s ]
INFO: [ app_begin ] --END-- [ RunTime:0.003000s ]
SQL: SHOW COLUMNS FROM `ly_admin_user` [ RunTime:0.0030s ]
SQL: SELECT * FROM `ly_admin_user` WHERE `username` = 'admin' AND `status` = 1 LIMIT 1   [ RunTime:0.0000s ]
SQL: SHOW COLUMNS FROM `ly_admin_access` [ RunTime:0.0020s ]
SQL: SELECT * FROM `ly_admin_access` WHERE `uid` = 1 LIMIT 1   [ RunTime:0.0010s ]

[ 2017-04-15T10:58:34+08:00 ] 127.0.0.1 /admin.php?s=/Admin/Index/index.html
INFO: [ app_init ] --START--
INFO: Run Behavior\BuildLiteBehavior [ RunTime:0.000000s ]
SQL: SHOW COLUMNS FROM `ly_admin_config` [ RunTime:0.0140s ]
SQL: SELECT `name`,`value`,`type` FROM `ly_admin_config` WHERE `status` = 1  [ RunTime:0.0000s ]
SQL: SHOW COLUMNS FROM `ly_admin_module` [ RunTime:0.0040s ]
SQL: SELECT `name` FROM `ly_admin_module` WHERE `status` = 1 AND `is_system` = 0  [ RunTime:0.0000s ]
INFO: Run Common\Behavior\InitModuleBehavior [ RunTime:0.032002s ]
INFO: [ app_init ] --END-- [ RunTime:0.032002s ]
INFO: [ app_begin ] --START--
INFO: Run Behavior\ReadHtmlCacheBehavior [ RunTime:0.000000s ]
SQL: SELECT `name`,`value`,`type` FROM `ly_admin_config` WHERE `status` = 1  [ RunTime:0.0010s ]
SQL: SELECT `name`,`config` FROM `ly_admin_module` WHERE `status` = 1  [ RunTime:0.0000s ]
INFO: Run Common\Behavior\InitConfigBehavior [ RunTime:0.002000s ]
INFO: [ app_begin ] --END-- [ RunTime:0.002000s ]
SQL: SHOW COLUMNS FROM `ly_admin_user` [ RunTime:0.0030s ]
SQL: SHOW COLUMNS FROM `ly_admin_access` [ RunTime:0.0030s ]
SQL: SELECT `group` FROM `ly_admin_access` WHERE `uid` = 1 LIMIT 1   [ RunTime:0.0000s ]
SQL: SHOW COLUMNS FROM `ly_admin_group` [ RunTime:0.0020s ]
SQL: SELECT * FROM `ly_admin_group` WHERE `id` = 1 LIMIT 1   [ RunTime:0.0000s ]
SQL: SELECT * FROM `ly_admin_module` WHERE `status` = 1 ORDER BY sort asc, id asc  [ RunTime:0.0000s ]
SQL: SELECT `admin_menu` FROM `ly_admin_module` WHERE `name` = 'Admin' LIMIT 1   [ RunTime:0.0000s ]
NOTIC: [8] Undefined variable: result D:\phpStudy\WWW\thinkphp\admin.thinkphp.com\Application\Admin\Model\ModuleModel.class.php 第 97 行.
INFO: [ view_parse ] --START--
INFO: [ template_filter ] --START--
INFO: Run Behavior\ContentReplaceBehavior [ RunTime:0.001000s ]
INFO: [ template_filter ] --END-- [ RunTime:0.001000s ]
NOTIC: [8] Undefined variable: _ns D:\phpStudy\WWW\thinkphp\admin.thinkphp.com\Runtime\Cache\Admin\b595b808c2ebeeeb0478ffc30bb4e87a.php 第 166 行.
NOTIC: [8] Undefined variable: _ns D:\phpStudy\WWW\thinkphp\admin.thinkphp.com\Runtime\Cache\Admin\b595b808c2ebeeeb0478ffc30bb4e87a.php 第 172 行.
NOTIC: [8] Undefined variable: _ns D:\phpStudy\WWW\thinkphp\admin.thinkphp.com\Runtime\Cache\Admin\b595b808c2ebeeeb0478ffc30bb4e87a.php 第 166 行.
NOTIC: [8] Undefined variable: _ns D:\phpStudy\WWW\thinkphp\admin.thinkphp.com\Runtime\Cache\Admin\b595b808c2ebeeeb0478ffc30bb4e87a.php 第 172 行.
NOTIC: [8] Undefined variable: _ns D:\phpStudy\WWW\thinkphp\admin.thinkphp.com\Runtime\Cache\Admin\b595b808c2ebeeeb0478ffc30bb4e87a.php 第 166 行.
NOTIC: [8] Undefined variable: _ns D:\phpStudy\WWW\thinkphp\admin.thinkphp.com\Runtime\Cache\Admin\b595b808c2ebeeeb0478ffc30bb4e87a.php 第 172 行.
SQL: select version() as v; [ RunTime:0.0000s ]
INFO: Run Behavior\ParseTemplateBehavior [ RunTime:0.017001s ]
INFO: [ view_parse ] --END-- [ RunTime:0.017001s ]
INFO: [ view_filter ] --START--
INFO: Run Behavior\WriteHtmlCacheBehavior [ RunTime:0.000000s ]
INFO: [ view_filter ] --END-- [ RunTime:0.000000s ]
INFO: [ app_end ] --START--
INFO: Run Behavior\ShowPageTraceBehavior [ RunTime:0.001000s ]
INFO: [ app_end ] --END-- [ RunTime:0.001000s ]

[ 2017-04-15T10:58:34+08:00 ] 127.0.0.1 /admin.php?s=/Admin/Update/checkVersion.html
INFO: [ app_init ] --START--
INFO: Run Behavior\BuildLiteBehavior [ RunTime:0.000000s ]
SQL: SHOW COLUMNS FROM `ly_admin_config` [ RunTime:0.0020s ]
SQL: SELECT `name`,`value`,`type` FROM `ly_admin_config` WHERE `status` = 1  [ RunTime:0.0000s ]
SQL: SHOW COLUMNS FROM `ly_admin_module` [ RunTime:0.0020s ]
SQL: SELECT `name` FROM `ly_admin_module` WHERE `status` = 1 AND `is_system` = 0  [ RunTime:0.0000s ]
INFO: Run Common\Behavior\InitModuleBehavior [ RunTime:0.013001s ]
INFO: [ app_init ] --END-- [ RunTime:0.013001s ]
INFO: [ app_begin ] --START--
INFO: Run Behavior\ReadHtmlCacheBehavior [ RunTime:0.000000s ]
SQL: SELECT `name`,`value`,`type` FROM `ly_admin_config` WHERE `status` = 1  [ RunTime:0.0000s ]
SQL: SELECT `name`,`config` FROM `ly_admin_module` WHERE `status` = 1  [ RunTime:0.0000s ]
INFO: Run Common\Behavior\InitConfigBehavior [ RunTime:0.002000s ]
INFO: [ app_begin ] --END-- [ RunTime:0.002000s ]
ERR: 无法加载控制器:Update

[ 2017-04-15T10:58:36+08:00 ] 127.0.0.1 /admin.php?s=/Admin/Config/group.html
INFO: [ app_init ] --START--
INFO: Run Behavior\BuildLiteBehavior [ RunTime:0.000000s ]
SQL: SHOW COLUMNS FROM `ly_admin_config` [ RunTime:0.0040s ]
SQL: SELECT `name`,`value`,`type` FROM `ly_admin_config` WHERE `status` = 1  [ RunTime:0.0010s ]
SQL: SHOW COLUMNS FROM `ly_admin_module` [ RunTime:0.0020s ]
SQL: SELECT `name` FROM `ly_admin_module` WHERE `status` = 1 AND `is_system` = 0  [ RunTime:0.0010s ]
INFO: Run Common\Behavior\InitModuleBehavior [ RunTime:0.020001s ]
INFO: [ app_init ] --END-- [ RunTime:0.020001s ]
INFO: [ app_begin ] --START--
INFO: Run Behavior\ReadHtmlCacheBehavior [ RunTime:0.000000s ]
SQL: SELECT `name`,`value`,`type` FROM `ly_admin_config` WHERE `status` = 1  [ RunTime:0.0010s ]
SQL: SELECT `name`,`config` FROM `ly_admin_module` WHERE `status` = 1  [ RunTime:0.0000s ]
INFO: Run Common\Behavior\InitConfigBehavior [ RunTime:0.002000s ]
INFO: [ app_begin ] --END-- [ RunTime:0.002000s ]
SQL: SHOW COLUMNS FROM `ly_admin_user` [ RunTime:0.0030s ]
SQL: SHOW COLUMNS FROM `ly_admin_group` [ RunTime:0.0020s ]
SQL: SHOW COLUMNS FROM `ly_admin_access` [ RunTime:0.0020s ]
SQL: SELECT `group` FROM `ly_admin_access` WHERE `uid` = 1 LIMIT 1   [ RunTime:0.0010s ]
SQL: SELECT * FROM `ly_admin_group` WHERE `id` = 1 LIMIT 1   [ RunTime:0.0000s ]
SQL: SELECT * FROM `ly_admin_module` WHERE `status` = 1 ORDER BY sort asc, id asc  [ RunTime:0.0000s ]
SQL: SELECT `admin_menu` FROM `ly_admin_module` WHERE `name` = 'Admin' LIMIT 1   [ RunTime:0.0000s ]
SQL: SELECT `admin_menu` FROM `ly_admin_module` WHERE `name` = 'Admin' LIMIT 1   [ RunTime:0.0000s ]
SQL: SHOW COLUMNS FROM `ly_admin_config` [ RunTime:0.0020s ]
SQL: SELECT * FROM `ly_admin_config` WHERE `status` >= 0 AND `group` = 1 ORDER BY sort asc,id asc  [ RunTime:0.0010s ]
INFO: [ view_parse ] --START--
INFO: [ template_filter ] --START--
INFO: Run Behavior\ContentReplaceBehavior [ RunTime:0.003000s ]
INFO: [ template_filter ] --END-- [ RunTime:0.003000s ]
INFO: Run Behavior\ParseTemplateBehavior [ RunTime:0.246014s ]
INFO: [ view_parse ] --END-- [ RunTime:0.246014s ]
INFO: [ view_filter ] --START--
INFO: Run Behavior\WriteHtmlCacheBehavior [ RunTime:0.000000s ]
INFO: [ view_filter ] --END-- [ RunTime:0.000000s ]
INFO: [ app_end ] --START--
INFO: Run Behavior\ShowPageTraceBehavior [ RunTime:0.000000s ]
INFO: [ app_end ] --END-- [ RunTime:0.001000s ]

[ 2017-04-15T10:58:38+08:00 ] 127.0.0.1 /admin.php?s=/Admin/Nav/index.html
INFO: [ app_init ] --START--
INFO: Run Behavior\BuildLiteBehavior [ RunTime:0.000000s ]
SQL: SHOW COLUMNS FROM `ly_admin_config` [ RunTime:0.0100s ]
SQL: SELECT `name`,`value`,`type` FROM `ly_admin_config` WHERE `status` = 1  [ RunTime:0.0010s ]
SQL: SHOW COLUMNS FROM `ly_admin_module` [ RunTime:0.0020s ]
SQL: SELECT `name` FROM `ly_admin_module` WHERE `status` = 1 AND `is_system` = 0  [ RunTime:0.0000s ]
INFO: Run Common\Behavior\InitModuleBehavior [ RunTime:0.034002s ]
INFO: [ app_init ] --END-- [ RunTime:0.034002s ]
INFO: [ app_begin ] --START--
INFO: Run Behavior\ReadHtmlCacheBehavior [ RunTime:0.000000s ]
SQL: SELECT `name`,`value`,`type` FROM `ly_admin_config` WHERE `status` = 1  [ RunTime:0.0010s ]
SQL: SELECT `name`,`config` FROM `ly_admin_module` WHERE `status` = 1  [ RunTime:0.0000s ]
INFO: Run Common\Behavior\InitConfigBehavior [ RunTime:0.002000s ]
INFO: [ app_begin ] --END-- [ RunTime:0.002000s ]
SQL: SHOW COLUMNS FROM `ly_admin_nav` [ RunTime:0.0020s ]
SQL: SELECT * FROM `ly_admin_nav` WHERE `group` = 'main' AND `status` >= 0 AND ( `id` LIKE '%%' OR `title` LIKE '%%' ) ORDER BY sort asc,id asc  [ RunTime:0.0010s ]

[ 2017-04-15T10:58:41+08:00 ] 127.0.0.1 /admin.php?s=/Admin/Config/group.html
INFO: [ app_init ] --START--
INFO: Run Behavior\BuildLiteBehavior [ RunTime:0.000000s ]
SQL: SHOW COLUMNS FROM `ly_admin_config` [ RunTime:0.0050s ]
SQL: SELECT `name`,`value`,`type` FROM `ly_admin_config` WHERE `status` = 1  [ RunTime:0.0010s ]
SQL: SHOW COLUMNS FROM `ly_admin_module` [ RunTime:0.0040s ]
SQL: SELECT `name` FROM `ly_admin_module` WHERE `status` = 1 AND `is_system` = 0  [ RunTime:0.0000s ]
INFO: Run Common\Behavior\InitModuleBehavior [ RunTime:0.024002s ]
INFO: [ app_init ] --END-- [ RunTime:0.024002s ]
INFO: [ app_begin ] --START--
INFO: Run Behavior\ReadHtmlCacheBehavior [ RunTime:0.000000s ]
SQL: SELECT `name`,`value`,`type` FROM `ly_admin_config` WHERE `status` = 1  [ RunTime:0.0000s ]
SQL: SELECT `name`,`config` FROM `ly_admin_module` WHERE `status` = 1  [ RunTime:0.0000s ]
INFO: Run Common\Behavior\InitConfigBehavior [ RunTime:0.002000s ]
INFO: [ app_begin ] --END-- [ RunTime:0.002000s ]
SQL: SHOW COLUMNS FROM `ly_admin_user` [ RunTime:0.0030s ]
SQL: SHOW COLUMNS FROM `ly_admin_group` [ RunTime:0.0030s ]
SQL: SHOW COLUMNS FROM `ly_admin_access` [ RunTime:0.0030s ]
SQL: SELECT `group` FROM `ly_admin_access` WHERE `uid` = 1 LIMIT 1   [ RunTime:0.0000s ]
SQL: SELECT * FROM `ly_admin_group` WHERE `id` = 1 LIMIT 1   [ RunTime:0.0000s ]
SQL: SELECT * FROM `ly_admin_module` WHERE `status` = 1 ORDER BY sort asc, id asc  [ RunTime:0.0000s ]
SQL: SELECT `admin_menu` FROM `ly_admin_module` WHERE `name` = 'Admin' LIMIT 1   [ RunTime:0.0000s ]
SQL: SELECT `admin_menu` FROM `ly_admin_module` WHERE `name` = 'Admin' LIMIT 1   [ RunTime:0.0000s ]
SQL: SHOW COLUMNS FROM `ly_admin_config` [ RunTime:0.0030s ]
SQL: SELECT * FROM `ly_admin_config` WHERE `status` >= 0 AND `group` = 1 ORDER BY sort asc,id asc  [ RunTime:0.0000s ]
INFO: [ view_parse ] --START--
INFO: [ template_filter ] --START--
INFO: Run Behavior\ContentReplaceBehavior [ RunTime:0.003001s ]
INFO: [ template_filter ] --END-- [ RunTime:0.003001s ]
INFO: Run Behavior\ParseTemplateBehavior [ RunTime:0.253015s ]
INFO: [ view_parse ] --END-- [ RunTime:0.253015s ]
INFO: [ view_filter ] --START--
INFO: Run Behavior\WriteHtmlCacheBehavior [ RunTime:0.000000s ]
INFO: [ view_filter ] --END-- [ RunTime:0.000000s ]
INFO: [ app_end ] --START--
INFO: Run Behavior\ShowPageTraceBehavior [ RunTime:0.000000s ]
INFO: [ app_end ] --END-- [ RunTime:0.000000s ]

[ 2017-04-15T10:58:43+08:00 ] 127.0.0.1 /admin.php?s=/Config/group/group/2.html
INFO: [ app_init ] --START--
INFO: Run Behavior\BuildLiteBehavior [ RunTime:0.000000s ]
SQL: SHOW COLUMNS FROM `ly_admin_config` [ RunTime:0.0030s ]
SQL: SELECT `name`,`value`,`type` FROM `ly_admin_config` WHERE `status` = 1  [ RunTime:0.0000s ]
SQL: SHOW COLUMNS FROM `ly_admin_module` [ RunTime:0.0030s ]
SQL: SELECT `name` FROM `ly_admin_module` WHERE `status` = 1 AND `is_system` = 0  [ RunTime:0.0010s ]
INFO: Run Common\Behavior\InitModuleBehavior [ RunTime:0.029001s ]
INFO: [ app_init ] --END-- [ RunTime:0.029001s ]
INFO: [ app_begin ] --START--
INFO: Run Behavior\ReadHtmlCacheBehavior [ RunTime:0.000000s ]
SQL: SELECT `name`,`value`,`type` FROM `ly_admin_config` WHERE `status` = 1  [ RunTime:0.0000s ]
SQL: SELECT `name`,`config` FROM `ly_admin_module` WHERE `status` = 1  [ RunTime:0.0000s ]
INFO: Run Common\Behavior\InitConfigBehavior [ RunTime:0.002000s ]
INFO: [ app_begin ] --END-- [ RunTime:0.002000s ]
SQL: SHOW COLUMNS FROM `ly_admin_user` [ RunTime:0.0030s ]
SQL: SHOW COLUMNS FROM `ly_admin_group` [ RunTime:0.0020s ]
SQL: SHOW COLUMNS FROM `ly_admin_access` [ RunTime:0.0030s ]
SQL: SELECT `group` FROM `ly_admin_access` WHERE `uid` = 1 LIMIT 1   [ RunTime:0.0000s ]
SQL: SELECT * FROM `ly_admin_group` WHERE `id` = 1 LIMIT 1   [ RunTime:0.0000s ]
SQL: SELECT * FROM `ly_admin_module` WHERE `status` = 1 ORDER BY sort asc, id asc  [ RunTime:0.0000s ]
SQL: SELECT `admin_menu` FROM `ly_admin_module` WHERE `name` = 'Admin' LIMIT 1   [ RunTime:0.0000s ]
SQL: SELECT `admin_menu` FROM `ly_admin_module` WHERE `name` = 'Admin' LIMIT 1   [ RunTime:0.0000s ]
SQL: SHOW COLUMNS FROM `ly_admin_config` [ RunTime:0.0020s ]
SQL: SELECT * FROM `ly_admin_config` WHERE `status` >= 0 AND `group` = '2' ORDER BY sort asc,id asc  [ RunTime:0.0010s ]
INFO: [ view_parse ] --START--
INFO: [ template_filter ] --START--
INFO: Run Behavior\ContentReplaceBehavior [ RunTime:0.003000s ]
INFO: [ template_filter ] --END-- [ RunTime:0.003000s ]
INFO: Run Behavior\ParseTemplateBehavior [ RunTime:0.251014s ]
INFO: [ view_parse ] --END-- [ RunTime:0.251014s ]
INFO: [ view_filter ] --START--
INFO: Run Behavior\WriteHtmlCacheBehavior [ RunTime:0.000000s ]
INFO: [ view_filter ] --END-- [ RunTime:0.000000s ]
INFO: [ app_end ] --START--
INFO: Run Behavior\ShowPageTraceBehavior [ RunTime:0.001000s ]
INFO: [ app_end ] --END-- [ RunTime:0.001000s ]

[ 2017-04-15T10:58:44+08:00 ] 127.0.0.1 /admin.php?s=/Config/group/group/1.html
INFO: [ app_init ] --START--
INFO: Run Behavior\BuildLiteBehavior [ RunTime:0.000000s ]
SQL: SHOW COLUMNS FROM `ly_admin_config` [ RunTime:0.0060s ]
SQL: SELECT `name`,`value`,`type` FROM `ly_admin_config` WHERE `status` = 1  [ RunTime:0.0010s ]
SQL: SHOW COLUMNS FROM `ly_admin_module` [ RunTime:0.0030s ]
SQL: SELECT `name` FROM `ly_admin_module` WHERE `status` = 1 AND `is_system` = 0  [ RunTime:0.0000s ]
INFO: Run Common\Behavior\InitModuleBehavior [ RunTime:0.024002s ]
INFO: [ app_init ] --END-- [ RunTime:0.024002s ]
INFO: [ app_begin ] --START--
INFO: Run Behavior\ReadHtmlCacheBehavior [ RunTime:0.000000s ]
SQL: SELECT `name`,`value`,`type` FROM `ly_admin_config` WHERE `status` = 1  [ RunTime:0.0010s ]
SQL: SELECT `name`,`config` FROM `ly_admin_module` WHERE `status` = 1  [ RunTime:0.0000s ]
INFO: Run Common\Behavior\InitConfigBehavior [ RunTime:0.002000s ]
INFO: [ app_begin ] --END-- [ RunTime:0.002000s ]
SQL: SHOW COLUMNS FROM `ly_admin_user` [ RunTime:0.0030s ]
SQL: SHOW COLUMNS FROM `ly_admin_group` [ RunTime:0.0030s ]
SQL: SHOW COLUMNS FROM `ly_admin_access` [ RunTime:0.0030s ]
SQL: SELECT `group` FROM `ly_admin_access` WHERE `uid` = 1 LIMIT 1   [ RunTime:0.0000s ]
SQL: SELECT * FROM `ly_admin_group` WHERE `id` = 1 LIMIT 1   [ RunTime:0.0010s ]
SQL: SELECT * FROM `ly_admin_module` WHERE `status` = 1 ORDER BY sort asc, id asc  [ RunTime:0.0000s ]
SQL: SELECT `admin_menu` FROM `ly_admin_module` WHERE `name` = 'Admin' LIMIT 1   [ RunTime:0.0000s ]
SQL: SELECT `admin_menu` FROM `ly_admin_module` WHERE `name` = 'Admin' LIMIT 1   [ RunTime:0.0000s ]
SQL: SHOW COLUMNS FROM `ly_admin_config` [ RunTime:0.0030s ]
SQL: SELECT * FROM `ly_admin_config` WHERE `status` >= 0 AND `group` = '1' ORDER BY sort asc,id asc  [ RunTime:0.0000s ]
INFO: [ view_parse ] --START--
INFO: [ template_filter ] --START--
INFO: Run Behavior\ContentReplaceBehavior [ RunTime:0.003000s ]
INFO: [ template_filter ] --END-- [ RunTime:0.003000s ]
INFO: Run Behavior\ParseTemplateBehavior [ RunTime:0.263015s ]
INFO: [ view_parse ] --END-- [ RunTime:0.263015s ]
INFO: [ view_filter ] --START--
INFO: Run Behavior\WriteHtmlCacheBehavior [ RunTime:0.000000s ]
INFO: [ view_filter ] --END-- [ RunTime:0.000000s ]
INFO: [ app_end ] --START--
INFO: Run Behavior\ShowPageTraceBehavior [ RunTime:0.001000s ]
INFO: [ app_end ] --END-- [ RunTime:0.001000s ]

