[ 2017-04-10T09:01:09+08:00 ] 127.0.0.1 /favicon.ico
INFO: [ app_init ] --START--
INFO: Run Behavior\BuildLiteBehavior [ RunTime:0.000000s ]
NOTIC: [8] Use of undefined constant MODULE_MARK - assumed 'MODULE_MARK' D:\phpStudy\WWW\thinkphp\admin.thinkphp.com\Application\Common\Behavior\InitModuleBehavior.class.php 第 7 行.
INFO: Run Common\Behavior\InitModuleBehavior [ RunTime:0.000000s ]
INFO: [ app_init ] --END-- [ RunTime:0.000000s ]
ERR: 无法加载模块:Favicon

[ 2017-04-10T09:01:22+08:00 ] 127.0.0.1 /Public/libs/jquery/1.x/jquery.min.js
INFO: [ app_init ] --START--
INFO: Run Behavior\BuildLiteBehavior [ RunTime:0.000000s ]
NOTIC: [8] Use of undefined constant MODULE_MARK - assumed 'MODULE_MARK' D:\phpStudy\WWW\thinkphp\admin.thinkphp.com\Application\Common\Behavior\InitModuleBehavior.class.php 第 7 行.
INFO: Run Common\Behavior\InitModuleBehavior [ RunTime:0.001000s ]
INFO: [ app_init ] --END-- [ RunTime:0.001000s ]
ERR: 无法加载模块:Public

[ 2017-04-10T09:01:22+08:00 ] 127.0.0.1 /logo.png
INFO: [ app_init ] --START--
INFO: Run Behavior\BuildLiteBehavior [ RunTime:0.000000s ]
NOTIC: [8] Use of undefined constant MODULE_MARK - assumed 'MODULE_MARK' D:\phpStudy\WWW\thinkphp\admin.thinkphp.com\Application\Common\Behavior\InitModuleBehavior.class.php 第 7 行.
INFO: Run Common\Behavior\InitModuleBehavior [ RunTime:0.000000s ]
INFO: [ app_init ] --END-- [ RunTime:0.000000s ]
ERR: 无法加载模块:Logo

[ 2017-04-10T09:01:24+08:00 ] 127.0.0.1 /Public/libs/jquery/1.x/jquery.min.js
INFO: [ app_init ] --START--
INFO: Run Behavior\BuildLiteBehavior [ RunTime:0.000000s ]
NOTIC: [8] Use of undefined constant MODULE_MARK - assumed 'MODULE_MARK' D:\phpStudy\WWW\thinkphp\admin.thinkphp.com\Application\Common\Behavior\InitModuleBehavior.class.php 第 7 行.
INFO: Run Common\Behavior\InitModuleBehavior [ RunTime:0.001000s ]
INFO: [ app_init ] --END-- [ RunTime:0.001000s ]
ERR: 无法加载模块:Public

[ 2017-04-10T09:12:43+08:00 ] 127.0.0.1 /Public/libs/jquery/1.x/jquery.min.js
INFO: [ app_init ] --START--
INFO: Run Behavior\BuildLiteBehavior [ RunTime:0.000000s ]
NOTIC: [8] Use of undefined constant MODULE_MARK - assumed 'MODULE_MARK' D:\phpStudy\WWW\thinkphp\admin.thinkphp.com\Application\Common\Behavior\InitModuleBehavior.class.php 第 7 行.
INFO: Run Common\Behavior\InitModuleBehavior [ RunTime:0.000000s ]
INFO: [ app_init ] --END-- [ RunTime:0.001000s ]
ERR: 无法加载模块:Public

[ 2017-04-10T10:49:45+08:00 ] 127.0.0.1 /Public/libs/jquery/1.x/jquery.min.js
INFO: [ app_init ] --START--
INFO: Run Behavior\BuildLiteBehavior [ RunTime:0.000000s ]
NOTIC: [8] Use of undefined constant MODULE_MARK - assumed 'MODULE_MARK' D:\phpStudy\WWW\thinkphp\admin.thinkphp.com\Application\Common\Behavior\InitModuleBehavior.class.php 第 7 行.
INFO: Run Common\Behavior\InitModuleBehavior [ RunTime:0.001000s ]
INFO: [ app_init ] --END-- [ RunTime:0.001000s ]
ERR: 无法加载模块:Public

[ 2017-04-10T11:39:36+08:00 ] 127.0.0.1 /Public/libs/lyui/dist/css/lyui.min.css
INFO: [ app_init ] --START--
INFO: Run Behavior\BuildLiteBehavior [ RunTime:0.000000s ]
NOTIC: [8] Use of undefined constant MODULE_MARK - assumed 'MODULE_MARK' D:\phpStudy\WWW\thinkphp\admin.thinkphp.com\Application\Common\Behavior\InitModuleBehavior.class.php 第 7 行.
INFO: Run Common\Behavior\InitModuleBehavior [ RunTime:0.000000s ]
INFO: [ app_init ] --END-- [ RunTime:0.000000s ]
ERR: 无法加载模块:Public

[ 2017-04-10T11:39:37+08:00 ] 127.0.0.1 /Public/libs/jquery/1.x/jquery.min.js
INFO: [ app_init ] --START--
INFO: Run Behavior\BuildLiteBehavior [ RunTime:0.000000s ]
NOTIC: [8] Use of undefined constant MODULE_MARK - assumed 'MODULE_MARK' D:\phpStudy\WWW\thinkphp\admin.thinkphp.com\Application\Common\Behavior\InitModuleBehavior.class.php 第 7 行.
INFO: Run Common\Behavior\InitModuleBehavior [ RunTime:0.000000s ]
INFO: [ app_init ] --END-- [ RunTime:0.000000s ]
ERR: 无法加载模块:Public

[ 2017-04-10T11:39:37+08:00 ] 127.0.0.1 /Public/libs/lyui/dist/js/lyui.min.js
INFO: [ app_init ] --START--
INFO: Run Behavior\BuildLiteBehavior [ RunTime:0.000000s ]
NOTIC: [8] Use of undefined constant MODULE_MARK - assumed 'MODULE_MARK' D:\phpStudy\WWW\thinkphp\admin.thinkphp.com\Application\Common\Behavior\InitModuleBehavior.class.php 第 7 行.
INFO: Run Common\Behavior\InitModuleBehavior [ RunTime:0.001000s ]
INFO: [ app_init ] --END-- [ RunTime:0.001000s ]
ERR: 无法加载模块:Public

[ 2017-04-10T11:39:37+08:00 ] 127.0.0.1 /Public/libs/lyui/dist/js/lyui.min.js
INFO: [ app_init ] --START--
INFO: Run Behavior\BuildLiteBehavior [ RunTime:0.000000s ]
NOTIC: [8] Use of undefined constant MODULE_MARK - assumed 'MODULE_MARK' D:\phpStudy\WWW\thinkphp\admin.thinkphp.com\Application\Common\Behavior\InitModuleBehavior.class.php 第 7 行.
INFO: Run Common\Behavior\InitModuleBehavior [ RunTime:0.000000s ]
INFO: [ app_init ] --END-- [ RunTime:0.000000s ]
ERR: 无法加载模块:Public

[ 2017-04-10T11:46:47+08:00 ] 127.0.0.1 /Application/Public/css/.css
INFO: [ app_init ] --START--
INFO: Run Behavior\BuildLiteBehavior [ RunTime:0.000000s ]
NOTIC: [8] Use of undefined constant MODULE_MARK - assumed 'MODULE_MARK' D:\phpStudy\WWW\thinkphp\admin.thinkphp.com\Application\Common\Behavior\InitModuleBehavior.class.php 第 7 行.
INFO: Run Common\Behavior\InitModuleBehavior [ RunTime:0.001000s ]
INFO: [ app_init ] --END-- [ RunTime:0.001000s ]
ERR: 无法加载模块:Application

[ 2017-04-10T11:46:47+08:00 ] 127.0.0.1 /Public/libs/lyui/dist/css/lyui.min.css
INFO: [ app_init ] --START--
INFO: Run Behavior\BuildLiteBehavior [ RunTime:0.000000s ]
NOTIC: [8] Use of undefined constant MODULE_MARK - assumed 'MODULE_MARK' D:\phpStudy\WWW\thinkphp\admin.thinkphp.com\Application\Common\Behavior\InitModuleBehavior.class.php 第 7 行.
INFO: Run Common\Behavior\InitModuleBehavior [ RunTime:0.001000s ]
INFO: [ app_init ] --END-- [ RunTime:0.001000s ]
ERR: 无法加载模块:Public

[ 2017-04-10T11:46:47+08:00 ] 127.0.0.1 /Public/libs/jquery/1.x/jquery.min.js
INFO: [ app_init ] --START--
INFO: Run Behavior\BuildLiteBehavior [ RunTime:0.000000s ]
NOTIC: [8] Use of undefined constant MODULE_MARK - assumed 'MODULE_MARK' D:\phpStudy\WWW\thinkphp\admin.thinkphp.com\Application\Common\Behavior\InitModuleBehavior.class.php 第 7 行.
INFO: Run Common\Behavior\InitModuleBehavior [ RunTime:0.001000s ]
INFO: [ app_init ] --END-- [ RunTime:0.001000s ]
ERR: 无法加载模块:Public

[ 2017-04-10T11:46:48+08:00 ] 127.0.0.1 /Application/Public/js/admin.js
INFO: [ app_init ] --START--
INFO: Run Behavior\BuildLiteBehavior [ RunTime:0.000000s ]
NOTIC: [8] Use of undefined constant MODULE_MARK - assumed 'MODULE_MARK' D:\phpStudy\WWW\thinkphp\admin.thinkphp.com\Application\Common\Behavior\InitModuleBehavior.class.php 第 7 行.
INFO: Run Common\Behavior\InitModuleBehavior [ RunTime:0.002001s ]
INFO: [ app_init ] --END-- [ RunTime:0.002001s ]
ERR: 无法加载模块:Application

[ 2017-04-10T11:46:48+08:00 ] 127.0.0.1 /Public/libs/lyui/dist/js/lyui.min.js
INFO: [ app_init ] --START--
INFO: Run Behavior\BuildLiteBehavior [ RunTime:0.000000s ]
NOTIC: [8] Use of undefined constant MODULE_MARK - assumed 'MODULE_MARK' D:\phpStudy\WWW\thinkphp\admin.thinkphp.com\Application\Common\Behavior\InitModuleBehavior.class.php 第 7 行.
INFO: Run Common\Behavior\InitModuleBehavior [ RunTime:0.001001s ]
INFO: [ app_init ] --END-- [ RunTime:0.002001s ]
ERR: 无法加载模块:Public

[ 2017-04-10T11:46:48+08:00 ] 127.0.0.1 /Application/Public/js/admin.js
INFO: [ app_init ] --START--
INFO: Run Behavior\BuildLiteBehavior [ RunTime:0.000000s ]
NOTIC: [8] Use of undefined constant MODULE_MARK - assumed 'MODULE_MARK' D:\phpStudy\WWW\thinkphp\admin.thinkphp.com\Application\Common\Behavior\InitModuleBehavior.class.php 第 7 行.
INFO: Run Common\Behavior\InitModuleBehavior [ RunTime:0.001000s ]
INFO: [ app_init ] --END-- [ RunTime:0.001000s ]
ERR: 无法加载模块:Application

[ 2017-04-10T12:41:06+08:00 ] 127.0.0.1 /Application/Public/css/.css
INFO: [ app_init ] --START--
INFO: Run Behavior\BuildLiteBehavior [ RunTime:0.000000s ]
NOTIC: [8] Use of undefined constant MODULE_MARK - assumed 'MODULE_MARK' D:\phpStudy\WWW\thinkphp\admin.thinkphp.com\Application\Common\Behavior\InitModuleBehavior.class.php 第 7 行.
INFO: Run Common\Behavior\InitModuleBehavior [ RunTime:0.000000s ]
INFO: [ app_init ] --END-- [ RunTime:0.000000s ]
ERR: 无法加载模块:Application

[ 2017-04-10T12:41:07+08:00 ] 127.0.0.1 /Public/libs/lyui/dist/js/lyui.min.js
INFO: [ app_init ] --START--
INFO: Run Behavior\BuildLiteBehavior [ RunTime:0.000000s ]
NOTIC: [8] Use of undefined constant MODULE_MARK - assumed 'MODULE_MARK' D:\phpStudy\WWW\thinkphp\admin.thinkphp.com\Application\Common\Behavior\InitModuleBehavior.class.php 第 7 行.
INFO: Run Common\Behavior\InitModuleBehavior [ RunTime:0.000000s ]
INFO: [ app_init ] --END-- [ RunTime:0.000000s ]
ERR: 无法加载模块:Public

[ 2017-04-10T12:41:07+08:00 ] 127.0.0.1 /Public/libs/lyui/dist/css/lyui.min.css
INFO: [ app_init ] --START--
INFO: Run Behavior\BuildLiteBehavior [ RunTime:0.000000s ]
NOTIC: [8] Use of undefined constant MODULE_MARK - assumed 'MODULE_MARK' D:\phpStudy\WWW\thinkphp\admin.thinkphp.com\Application\Common\Behavior\InitModuleBehavior.class.php 第 7 行.
INFO: Run Common\Behavior\InitModuleBehavior [ RunTime:0.000000s ]
INFO: [ app_init ] --END-- [ RunTime:0.000000s ]
ERR: 无法加载模块:Public

[ 2017-04-10T12:41:07+08:00 ] 127.0.0.1 /Application/Public/js/admin.js
INFO: [ app_init ] --START--
INFO: Run Behavior\BuildLiteBehavior [ RunTime:0.000000s ]
NOTIC: [8] Use of undefined constant MODULE_MARK - assumed 'MODULE_MARK' D:\phpStudy\WWW\thinkphp\admin.thinkphp.com\Application\Common\Behavior\InitModuleBehavior.class.php 第 7 行.
INFO: Run Common\Behavior\InitModuleBehavior [ RunTime:0.000000s ]
INFO: [ app_init ] --END-- [ RunTime:0.000000s ]
ERR: 无法加载模块:Application

[ 2017-04-10T12:41:07+08:00 ] 127.0.0.1 /Public/libs/jquery/1.x/jquery.min.js
INFO: [ app_init ] --START--
INFO: Run Behavior\BuildLiteBehavior [ RunTime:0.000000s ]
NOTIC: [8] Use of undefined constant MODULE_MARK - assumed 'MODULE_MARK' D:\phpStudy\WWW\thinkphp\admin.thinkphp.com\Application\Common\Behavior\InitModuleBehavior.class.php 第 7 行.
INFO: Run Common\Behavior\InitModuleBehavior [ RunTime:0.000000s ]
INFO: [ app_init ] --END-- [ RunTime:0.000000s ]
ERR: 无法加载模块:Public

[ 2017-04-10T12:41:07+08:00 ] 127.0.0.1 /Public/libs/lyui/dist/js/lyui.min.js
INFO: [ app_init ] --START--
INFO: Run Behavior\BuildLiteBehavior [ RunTime:0.000000s ]
NOTIC: [8] Use of undefined constant MODULE_MARK - assumed 'MODULE_MARK' D:\phpStudy\WWW\thinkphp\admin.thinkphp.com\Application\Common\Behavior\InitModuleBehavior.class.php 第 7 行.
INFO: Run Common\Behavior\InitModuleBehavior [ RunTime:0.001000s ]
INFO: [ app_init ] --END-- [ RunTime:0.001000s ]
ERR: 无法加载模块:Public

[ 2017-04-10T12:41:07+08:00 ] 127.0.0.1 /Application/Public/js/admin.js
INFO: [ app_init ] --START--
INFO: Run Behavior\BuildLiteBehavior [ RunTime:0.000000s ]
NOTIC: [8] Use of undefined constant MODULE_MARK - assumed 'MODULE_MARK' D:\phpStudy\WWW\thinkphp\admin.thinkphp.com\Application\Common\Behavior\InitModuleBehavior.class.php 第 7 行.
INFO: Run Common\Behavior\InitModuleBehavior [ RunTime:0.000000s ]
INFO: [ app_init ] --END-- [ RunTime:0.000000s ]
ERR: 无法加载模块:Application

[ 2017-04-10T12:41:10+08:00 ] 127.0.0.1 /Application/Public/js/admin.js
INFO: [ app_init ] --START--
INFO: Run Behavior\BuildLiteBehavior [ RunTime:0.000000s ]
NOTIC: [8] Use of undefined constant MODULE_MARK - assumed 'MODULE_MARK' D:\phpStudy\WWW\thinkphp\admin.thinkphp.com\Application\Common\Behavior\InitModuleBehavior.class.php 第 7 行.
INFO: Run Common\Behavior\InitModuleBehavior [ RunTime:0.000000s ]
INFO: [ app_init ] --END-- [ RunTime:0.000000s ]
ERR: 无法加载模块:Application

[ 2017-04-10T12:41:10+08:00 ] 127.0.0.1 /Public/libs/lyui/dist/css/lyui.min.css
INFO: [ app_init ] --START--
INFO: Run Behavior\BuildLiteBehavior [ RunTime:0.000000s ]
NOTIC: [8] Use of undefined constant MODULE_MARK - assumed 'MODULE_MARK' D:\phpStudy\WWW\thinkphp\admin.thinkphp.com\Application\Common\Behavior\InitModuleBehavior.class.php 第 7 行.
INFO: Run Common\Behavior\InitModuleBehavior [ RunTime:0.000000s ]
INFO: [ app_init ] --END-- [ RunTime:0.000000s ]
ERR: 无法加载模块:Public

[ 2017-04-10T12:41:10+08:00 ] 127.0.0.1 /Public/libs/jquery/1.x/jquery.min.js
INFO: [ app_init ] --START--
INFO: Run Behavior\BuildLiteBehavior [ RunTime:0.000000s ]
NOTIC: [8] Use of undefined constant MODULE_MARK - assumed 'MODULE_MARK' D:\phpStudy\WWW\thinkphp\admin.thinkphp.com\Application\Common\Behavior\InitModuleBehavior.class.php 第 7 行.
INFO: Run Common\Behavior\InitModuleBehavior [ RunTime:0.001000s ]
INFO: [ app_init ] --END-- [ RunTime:0.001000s ]
ERR: 无法加载模块:Public

[ 2017-04-10T12:41:10+08:00 ] 127.0.0.1 /Application/Public/css/.css
INFO: [ app_init ] --START--
INFO: Run Behavior\BuildLiteBehavior [ RunTime:0.001000s ]
NOTIC: [8] Use of undefined constant MODULE_MARK - assumed 'MODULE_MARK' D:\phpStudy\WWW\thinkphp\admin.thinkphp.com\Application\Common\Behavior\InitModuleBehavior.class.php 第 7 行.
INFO: Run Common\Behavior\InitModuleBehavior [ RunTime:0.000000s ]
INFO: [ app_init ] --END-- [ RunTime:0.001000s ]
ERR: 无法加载模块:Application

[ 2017-04-10T12:41:11+08:00 ] 127.0.0.1 /Public/libs/lyui/dist/js/lyui.min.js
INFO: [ app_init ] --START--
INFO: Run Behavior\BuildLiteBehavior [ RunTime:0.000000s ]
NOTIC: [8] Use of undefined constant MODULE_MARK - assumed 'MODULE_MARK' D:\phpStudy\WWW\thinkphp\admin.thinkphp.com\Application\Common\Behavior\InitModuleBehavior.class.php 第 7 行.
INFO: Run Common\Behavior\InitModuleBehavior [ RunTime:0.001001s ]
INFO: [ app_init ] --END-- [ RunTime:0.001001s ]
ERR: 无法加载模块:Public

[ 2017-04-10T12:41:11+08:00 ] 127.0.0.1 /Application/Public/js/admin.js
INFO: [ app_init ] --START--
INFO: Run Behavior\BuildLiteBehavior [ RunTime:0.000000s ]
NOTIC: [8] Use of undefined constant MODULE_MARK - assumed 'MODULE_MARK' D:\phpStudy\WWW\thinkphp\admin.thinkphp.com\Application\Common\Behavior\InitModuleBehavior.class.php 第 7 行.
INFO: Run Common\Behavior\InitModuleBehavior [ RunTime:0.000000s ]
INFO: [ app_init ] --END-- [ RunTime:0.000000s ]
ERR: 无法加载模块:Application

[ 2017-04-10T12:44:45+08:00 ] 127.0.0.1 /Public/libs/lyui/dist/css/lyui.min.css
INFO: [ app_init ] --START--
INFO: Run Behavior\BuildLiteBehavior [ RunTime:0.000000s ]
NOTIC: [8] Use of undefined constant MODULE_MARK - assumed 'MODULE_MARK' D:\phpStudy\WWW\thinkphp\admin.thinkphp.com\Application\Common\Behavior\InitModuleBehavior.class.php 第 7 行.
INFO: Run Common\Behavior\InitModuleBehavior [ RunTime:0.000000s ]
INFO: [ app_init ] --END-- [ RunTime:0.001000s ]
ERR: 无法加载模块:Public

[ 2017-04-10T12:44:45+08:00 ] 127.0.0.1 /Application/Public/css/.css
INFO: [ app_init ] --START--
INFO: Run Behavior\BuildLiteBehavior [ RunTime:0.000000s ]
NOTIC: [8] Use of undefined constant MODULE_MARK - assumed 'MODULE_MARK' D:\phpStudy\WWW\thinkphp\admin.thinkphp.com\Application\Common\Behavior\InitModuleBehavior.class.php 第 7 行.
INFO: Run Common\Behavior\InitModuleBehavior [ RunTime:0.000000s ]
INFO: [ app_init ] --END-- [ RunTime:0.000000s ]
ERR: 无法加载模块:Application

[ 2017-04-10T12:44:45+08:00 ] 127.0.0.1 /Public/libs/jquery/1.x/jquery.min.js
INFO: [ app_init ] --START--
INFO: Run Behavior\BuildLiteBehavior [ RunTime:0.000000s ]
NOTIC: [8] Use of undefined constant MODULE_MARK - assumed 'MODULE_MARK' D:\phpStudy\WWW\thinkphp\admin.thinkphp.com\Application\Common\Behavior\InitModuleBehavior.class.php 第 7 行.
INFO: Run Common\Behavior\InitModuleBehavior [ RunTime:0.000000s ]
INFO: [ app_init ] --END-- [ RunTime:0.000000s ]
ERR: 无法加载模块:Public

[ 2017-04-10T12:44:45+08:00 ] 127.0.0.1 /Application/Public/js/admin.js
INFO: [ app_init ] --START--
INFO: Run Behavior\BuildLiteBehavior [ RunTime:0.000000s ]
NOTIC: [8] Use of undefined constant MODULE_MARK - assumed 'MODULE_MARK' D:\phpStudy\WWW\thinkphp\admin.thinkphp.com\Application\Common\Behavior\InitModuleBehavior.class.php 第 7 行.
INFO: Run Common\Behavior\InitModuleBehavior [ RunTime:0.001000s ]
INFO: [ app_init ] --END-- [ RunTime:0.001000s ]
ERR: 无法加载模块:Application

[ 2017-04-10T12:44:45+08:00 ] 127.0.0.1 /Public/libs/lyui/dist/js/lyui.min.js
INFO: [ app_init ] --START--
INFO: Run Behavior\BuildLiteBehavior [ RunTime:0.000000s ]
NOTIC: [8] Use of undefined constant MODULE_MARK - assumed 'MODULE_MARK' D:\phpStudy\WWW\thinkphp\admin.thinkphp.com\Application\Common\Behavior\InitModuleBehavior.class.php 第 7 行.
INFO: Run Common\Behavior\InitModuleBehavior [ RunTime:0.000000s ]
INFO: [ app_init ] --END-- [ RunTime:0.000000s ]
ERR: 无法加载模块:Public

[ 2017-04-10T12:44:45+08:00 ] 127.0.0.1 /Application/Public/js/admin.js
INFO: [ app_init ] --START--
INFO: Run Behavior\BuildLiteBehavior [ RunTime:0.000000s ]
NOTIC: [8] Use of undefined constant MODULE_MARK - assumed 'MODULE_MARK' D:\phpStudy\WWW\thinkphp\admin.thinkphp.com\Application\Common\Behavior\InitModuleBehavior.class.php 第 7 行.
INFO: Run Common\Behavior\InitModuleBehavior [ RunTime:0.000000s ]
INFO: [ app_init ] --END-- [ RunTime:0.000000s ]
ERR: 无法加载模块:Application

[ 2017-04-10T12:47:26+08:00 ] 127.0.0.1 /Public/libs/lyui/dist/css/lyui.min.css
INFO: [ app_init ] --START--
INFO: Run Behavior\BuildLiteBehavior [ RunTime:0.000000s ]
NOTIC: [8] Use of undefined constant MODULE_MARK - assumed 'MODULE_MARK' D:\phpStudy\WWW\thinkphp\admin.thinkphp.com\Application\Common\Behavior\InitModuleBehavior.class.php 第 7 行.
INFO: Run Common\Behavior\InitModuleBehavior [ RunTime:0.000000s ]
INFO: [ app_init ] --END-- [ RunTime:0.000000s ]
ERR: 无法加载模块:Public

[ 2017-04-10T12:47:26+08:00 ] 127.0.0.1 /Application/Public/js/admin.js
INFO: [ app_init ] --START--
INFO: Run Behavior\BuildLiteBehavior [ RunTime:0.000000s ]
NOTIC: [8] Use of undefined constant MODULE_MARK - assumed 'MODULE_MARK' D:\phpStudy\WWW\thinkphp\admin.thinkphp.com\Application\Common\Behavior\InitModuleBehavior.class.php 第 7 行.
INFO: Run Common\Behavior\InitModuleBehavior [ RunTime:0.001000s ]
INFO: [ app_init ] --END-- [ RunTime:0.001000s ]
ERR: 无法加载模块:Application

[ 2017-04-10T12:47:26+08:00 ] 127.0.0.1 /Application/Public/css/.css
INFO: [ app_init ] --START--
INFO: Run Behavior\BuildLiteBehavior [ RunTime:0.000000s ]
NOTIC: [8] Use of undefined constant MODULE_MARK - assumed 'MODULE_MARK' D:\phpStudy\WWW\thinkphp\admin.thinkphp.com\Application\Common\Behavior\InitModuleBehavior.class.php 第 7 行.
INFO: Run Common\Behavior\InitModuleBehavior [ RunTime:0.000000s ]
INFO: [ app_init ] --END-- [ RunTime:0.000000s ]
ERR: 无法加载模块:Application

[ 2017-04-10T12:47:26+08:00 ] 127.0.0.1 /Public/libs/lyui/dist/js/lyui.min.js
INFO: [ app_init ] --START--
INFO: Run Behavior\BuildLiteBehavior [ RunTime:0.000000s ]
NOTIC: [8] Use of undefined constant MODULE_MARK - assumed 'MODULE_MARK' D:\phpStudy\WWW\thinkphp\admin.thinkphp.com\Application\Common\Behavior\InitModuleBehavior.class.php 第 7 行.
INFO: Run Common\Behavior\InitModuleBehavior [ RunTime:0.000000s ]
INFO: [ app_init ] --END-- [ RunTime:0.000000s ]
ERR: 无法加载模块:Public

[ 2017-04-10T12:47:26+08:00 ] 127.0.0.1 /Public/libs/lyui/dist/js/lyui.min.js
INFO: [ app_init ] --START--
INFO: Run Behavior\BuildLiteBehavior [ RunTime:0.000000s ]
NOTIC: [8] Use of undefined constant MODULE_MARK - assumed 'MODULE_MARK' D:\phpStudy\WWW\thinkphp\admin.thinkphp.com\Application\Common\Behavior\InitModuleBehavior.class.php 第 7 行.
INFO: Run Common\Behavior\InitModuleBehavior [ RunTime:0.001000s ]
INFO: [ app_init ] --END-- [ RunTime:0.001000s ]
ERR: 无法加载模块:Public

[ 2017-04-10T12:47:26+08:00 ] 127.0.0.1 /Application/Public/js/admin.js
INFO: [ app_init ] --START--
INFO: Run Behavior\BuildLiteBehavior [ RunTime:0.000000s ]
NOTIC: [8] Use of undefined constant MODULE_MARK - assumed 'MODULE_MARK' D:\phpStudy\WWW\thinkphp\admin.thinkphp.com\Application\Common\Behavior\InitModuleBehavior.class.php 第 7 行.
INFO: Run Common\Behavior\InitModuleBehavior [ RunTime:0.000000s ]
INFO: [ app_init ] --END-- [ RunTime:0.000000s ]
ERR: 无法加载模块:Application

[ 2017-04-10T12:48:21+08:00 ] 127.0.0.1 /Application/Public/css/.css
INFO: [ app_init ] --START--
INFO: Run Behavior\BuildLiteBehavior [ RunTime:0.000000s ]
NOTIC: [8] Use of undefined constant MODULE_MARK - assumed 'MODULE_MARK' D:\phpStudy\WWW\thinkphp\admin.thinkphp.com\Application\Common\Behavior\InitModuleBehavior.class.php 第 7 行.
INFO: Run Common\Behavior\InitModuleBehavior [ RunTime:0.000000s ]
INFO: [ app_init ] --END-- [ RunTime:0.000000s ]
ERR: 无法加载模块:Application

[ 2017-04-10T12:48:21+08:00 ] 127.0.0.1 /Application/Public/js/admin.js
INFO: [ app_init ] --START--
INFO: Run Behavior\BuildLiteBehavior [ RunTime:0.000000s ]
NOTIC: [8] Use of undefined constant MODULE_MARK - assumed 'MODULE_MARK' D:\phpStudy\WWW\thinkphp\admin.thinkphp.com\Application\Common\Behavior\InitModuleBehavior.class.php 第 7 行.
INFO: Run Common\Behavior\InitModuleBehavior [ RunTime:0.000000s ]
INFO: [ app_init ] --END-- [ RunTime:0.000000s ]
ERR: 无法加载模块:Application

[ 2017-04-10T12:48:21+08:00 ] 127.0.0.1 /Application/Public/js/admin.js
INFO: [ app_init ] --START--
INFO: Run Behavior\BuildLiteBehavior [ RunTime:0.000000s ]
NOTIC: [8] Use of undefined constant MODULE_MARK - assumed 'MODULE_MARK' D:\phpStudy\WWW\thinkphp\admin.thinkphp.com\Application\Common\Behavior\InitModuleBehavior.class.php 第 7 行.
INFO: Run Common\Behavior\InitModuleBehavior [ RunTime:0.000000s ]
INFO: [ app_init ] --END-- [ RunTime:0.000000s ]
ERR: 无法加载模块:Application

[ 2017-04-10T12:48:21+08:00 ] 127.0.0.1 /Public/libs/lyui/dist/js/lyui.min.js.map
INFO: [ app_init ] --START--
INFO: Run Behavior\BuildLiteBehavior [ RunTime:0.000000s ]
NOTIC: [8] Use of undefined constant MODULE_MARK - assumed 'MODULE_MARK' D:\phpStudy\WWW\thinkphp\admin.thinkphp.com\Application\Common\Behavior\InitModuleBehavior.class.php 第 7 行.
INFO: Run Common\Behavior\InitModuleBehavior [ RunTime:0.000000s ]
INFO: [ app_init ] --END-- [ RunTime:0.000000s ]
ERR: 无法加载模块:Public

[ 2017-04-10T12:48:21+08:00 ] 127.0.0.1 /Public/libs/lyui/dist/css/lyui.min.css.map
INFO: [ app_init ] --START--
INFO: Run Behavior\BuildLiteBehavior [ RunTime:0.000000s ]
NOTIC: [8] Use of undefined constant MODULE_MARK - assumed 'MODULE_MARK' D:\phpStudy\WWW\thinkphp\admin.thinkphp.com\Application\Common\Behavior\InitModuleBehavior.class.php 第 7 行.
INFO: Run Common\Behavior\InitModuleBehavior [ RunTime:0.002000s ]
INFO: [ app_init ] --END-- [ RunTime:0.002000s ]
ERR: 无法加载模块:Public

[ 2017-04-10T13:47:10+08:00 ] 127.0.0.1 /Application/Public/css/.css
INFO: [ app_init ] --START--
INFO: Run Behavior\BuildLiteBehavior [ RunTime:0.000000s ]
NOTIC: [8] Use of undefined constant MODULE_MARK - assumed 'MODULE_MARK' D:\phpStudy\WWW\thinkphp\admin.thinkphp.com\Application\Common\Behavior\InitModuleBehavior.class.php 第 7 行.
INFO: Run Common\Behavior\InitModuleBehavior [ RunTime:0.001000s ]
INFO: [ app_init ] --END-- [ RunTime:0.001000s ]
ERR: 无法加载模块:Application

[ 2017-04-10T13:47:10+08:00 ] 127.0.0.1 /Application/Public/js/admin.js
INFO: [ app_init ] --START--
INFO: Run Behavior\BuildLiteBehavior [ RunTime:0.000000s ]
NOTIC: [8] Use of undefined constant MODULE_MARK - assumed 'MODULE_MARK' D:\phpStudy\WWW\thinkphp\admin.thinkphp.com\Application\Common\Behavior\InitModuleBehavior.class.php 第 7 行.
INFO: Run Common\Behavior\InitModuleBehavior [ RunTime:0.002000s ]
INFO: [ app_init ] --END-- [ RunTime:0.002000s ]
ERR: 无法加载模块:Application

[ 2017-04-10T13:47:10+08:00 ] 127.0.0.1 /Public/libs/lyui/dist/css/lyui.min.css.map
INFO: [ app_init ] --START--
INFO: Run Behavior\BuildLiteBehavior [ RunTime:0.000000s ]
NOTIC: [8] Use of undefined constant MODULE_MARK - assumed 'MODULE_MARK' D:\phpStudy\WWW\thinkphp\admin.thinkphp.com\Application\Common\Behavior\InitModuleBehavior.class.php 第 7 行.
INFO: Run Common\Behavior\InitModuleBehavior [ RunTime:0.001000s ]
INFO: [ app_init ] --END-- [ RunTime:0.001000s ]
ERR: 无法加载模块:Public

[ 2017-04-10T13:47:10+08:00 ] 127.0.0.1 /Application/Public/js/admin.js
INFO: [ app_init ] --START--
INFO: Run Behavior\BuildLiteBehavior [ RunTime:0.000000s ]
NOTIC: [8] Use of undefined constant MODULE_MARK - assumed 'MODULE_MARK' D:\phpStudy\WWW\thinkphp\admin.thinkphp.com\Application\Common\Behavior\InitModuleBehavior.class.php 第 7 行.
INFO: Run Common\Behavior\InitModuleBehavior [ RunTime:0.000000s ]
INFO: [ app_init ] --END-- [ RunTime:0.000000s ]
ERR: 无法加载模块:Application

[ 2017-04-10T13:47:10+08:00 ] 127.0.0.1 /Public/libs/lyui/dist/js/lyui.min.js.map
INFO: [ app_init ] --START--
INFO: Run Behavior\BuildLiteBehavior [ RunTime:0.000000s ]
NOTIC: [8] Use of undefined constant MODULE_MARK - assumed 'MODULE_MARK' D:\phpStudy\WWW\thinkphp\admin.thinkphp.com\Application\Common\Behavior\InitModuleBehavior.class.php 第 7 行.
INFO: Run Common\Behavior\InitModuleBehavior [ RunTime:0.001000s ]
INFO: [ app_init ] --END-- [ RunTime:0.001000s ]
ERR: 无法加载模块:Public

[ 2017-04-10T13:48:44+08:00 ] 127.0.0.1 /Application/Public/css/.css
INFO: [ app_init ] --START--
INFO: Run Behavior\BuildLiteBehavior [ RunTime:0.000000s ]
NOTIC: [8] Use of undefined constant MODULE_MARK - assumed 'MODULE_MARK' D:\phpStudy\WWW\thinkphp\admin.thinkphp.com\Application\Common\Behavior\InitModuleBehavior.class.php 第 7 行.
INFO: Run Common\Behavior\InitModuleBehavior [ RunTime:0.001000s ]
INFO: [ app_init ] --END-- [ RunTime:0.001000s ]
ERR: 无法加载模块:Application

[ 2017-04-10T13:48:44+08:00 ] 127.0.0.1 /Application/Public/js/admin.js
INFO: [ app_init ] --START--
INFO: Run Behavior\BuildLiteBehavior [ RunTime:0.000000s ]
NOTIC: [8] Use of undefined constant MODULE_MARK - assumed 'MODULE_MARK' D:\phpStudy\WWW\thinkphp\admin.thinkphp.com\Application\Common\Behavior\InitModuleBehavior.class.php 第 7 行.
INFO: Run Common\Behavior\InitModuleBehavior [ RunTime:0.000000s ]
INFO: [ app_init ] --END-- [ RunTime:0.000000s ]
ERR: 无法加载模块:Application

[ 2017-04-10T13:48:44+08:00 ] 127.0.0.1 /Public/libs/lyui/dist/css/lyui.min.css.map
INFO: [ app_init ] --START--
INFO: Run Behavior\BuildLiteBehavior [ RunTime:0.000000s ]
NOTIC: [8] Use of undefined constant MODULE_MARK - assumed 'MODULE_MARK' D:\phpStudy\WWW\thinkphp\admin.thinkphp.com\Application\Common\Behavior\InitModuleBehavior.class.php 第 7 行.
INFO: Run Common\Behavior\InitModuleBehavior [ RunTime:0.000000s ]
INFO: [ app_init ] --END-- [ RunTime:0.000000s ]
ERR: 无法加载模块:Public

[ 2017-04-10T13:48:44+08:00 ] 127.0.0.1 /Application/Public/js/admin.js
INFO: [ app_init ] --START--
INFO: Run Behavior\BuildLiteBehavior [ RunTime:0.000000s ]
NOTIC: [8] Use of undefined constant MODULE_MARK - assumed 'MODULE_MARK' D:\phpStudy\WWW\thinkphp\admin.thinkphp.com\Application\Common\Behavior\InitModuleBehavior.class.php 第 7 行.
INFO: Run Common\Behavior\InitModuleBehavior [ RunTime:0.001000s ]
INFO: [ app_init ] --END-- [ RunTime:0.001000s ]
ERR: 无法加载模块:Application

[ 2017-04-10T13:48:44+08:00 ] 127.0.0.1 /Public/libs/lyui/dist/js/lyui.min.js.map
INFO: [ app_init ] --START--
INFO: Run Behavior\BuildLiteBehavior [ RunTime:0.000000s ]
NOTIC: [8] Use of undefined constant MODULE_MARK - assumed 'MODULE_MARK' D:\phpStudy\WWW\thinkphp\admin.thinkphp.com\Application\Common\Behavior\InitModuleBehavior.class.php 第 7 行.
INFO: Run Common\Behavior\InitModuleBehavior [ RunTime:0.001000s ]
INFO: [ app_init ] --END-- [ RunTime:0.001000s ]
ERR: 无法加载模块:Public

[ 2017-04-10T13:53:55+08:00 ] 127.0.0.1 /Application/Admin/View/Public/css/.css
INFO: [ app_init ] --START--
INFO: Run Behavior\BuildLiteBehavior [ RunTime:0.000000s ]
NOTIC: [8] Use of undefined constant MODULE_MARK - assumed 'MODULE_MARK' D:\phpStudy\WWW\thinkphp\admin.thinkphp.com\Application\Common\Behavior\InitModuleBehavior.class.php 第 7 行.
INFO: Run Common\Behavior\InitModuleBehavior [ RunTime:0.000000s ]
INFO: [ app_init ] --END-- [ RunTime:0.000000s ]
ERR: 无法加载模块:Application

[ 2017-04-10T13:53:55+08:00 ] 127.0.0.1 /Public/libs/lyui/dist/css/lyui.min.css.map
INFO: [ app_init ] --START--
INFO: Run Behavior\BuildLiteBehavior [ RunTime:0.000000s ]
NOTIC: [8] Use of undefined constant MODULE_MARK - assumed 'MODULE_MARK' D:\phpStudy\WWW\thinkphp\admin.thinkphp.com\Application\Common\Behavior\InitModuleBehavior.class.php 第 7 行.
INFO: Run Common\Behavior\InitModuleBehavior [ RunTime:0.001000s ]
INFO: [ app_init ] --END-- [ RunTime:0.001000s ]
ERR: 无法加载模块:Public

[ 2017-04-10T13:53:55+08:00 ] 127.0.0.1 /Public/libs/lyui/dist/js/lyui.min.js.map
INFO: [ app_init ] --START--
INFO: Run Behavior\BuildLiteBehavior [ RunTime:0.000000s ]
NOTIC: [8] Use of undefined constant MODULE_MARK - assumed 'MODULE_MARK' D:\phpStudy\WWW\thinkphp\admin.thinkphp.com\Application\Common\Behavior\InitModuleBehavior.class.php 第 7 行.
INFO: Run Common\Behavior\InitModuleBehavior [ RunTime:0.001000s ]
INFO: [ app_init ] --END-- [ RunTime:0.001000s ]
ERR: 无法加载模块:Public

[ 2017-04-10T14:53:06+08:00 ] 127.0.0.1 /Application/Admin/View/Public/css/.css
INFO: [ app_init ] --START--
INFO: Run Behavior\BuildLiteBehavior [ RunTime:0.000000s ]
NOTIC: [8] Use of undefined constant MODULE_MARK - assumed 'MODULE_MARK' D:\phpStudy\WWW\thinkphp\admin.thinkphp.com\Application\Common\Behavior\InitModuleBehavior.class.php 第 7 行.
INFO: Run Common\Behavior\InitModuleBehavior [ RunTime:0.000000s ]
INFO: [ app_init ] --END-- [ RunTime:0.001000s ]
ERR: 无法加载模块:Application

[ 2017-04-10T14:53:06+08:00 ] 127.0.0.1 /Public/libs/lyui/dist/css/lyui.min.css.map
INFO: [ app_init ] --START--
INFO: Run Behavior\BuildLiteBehavior [ RunTime:0.000000s ]
NOTIC: [8] Use of undefined constant MODULE_MARK - assumed 'MODULE_MARK' D:\phpStudy\WWW\thinkphp\admin.thinkphp.com\Application\Common\Behavior\InitModuleBehavior.class.php 第 7 行.
INFO: Run Common\Behavior\InitModuleBehavior [ RunTime:0.000000s ]
INFO: [ app_init ] --END-- [ RunTime:0.000000s ]
ERR: 无法加载模块:Public

[ 2017-04-10T14:53:06+08:00 ] 127.0.0.1 /Public/libs/lyui/dist/js/lyui.min.js.map
INFO: [ app_init ] --START--
INFO: Run Behavior\BuildLiteBehavior [ RunTime:0.000000s ]
NOTIC: [8] Use of undefined constant MODULE_MARK - assumed 'MODULE_MARK' D:\phpStudy\WWW\thinkphp\admin.thinkphp.com\Application\Common\Behavior\InitModuleBehavior.class.php 第 7 行.
INFO: Run Common\Behavior\InitModuleBehavior [ RunTime:0.001000s ]
INFO: [ app_init ] --END-- [ RunTime:0.001000s ]
ERR: 无法加载模块:Public

