[ 2017-04-08T08:55:14+08:00 ] 127.0.0.1 /favicon.ico
INFO: [ app_init ] --START--
INFO: Run Behavior\BuildLiteBehavior [ RunTime:0.001000s ]
INFO: [ app_init ] --END-- [ RunTime:0.001000s ]
ERR: 无法加载模块:Favicon

[ 2017-04-08T09:01:09+08:00 ] 127.0.0.1 /favicon.ico
INFO: [ app_init ] --START--
INFO: Run Behavior\BuildLiteBehavior [ RunTime:0.000000s ]
INFO: [ app_init ] --END-- [ RunTime:0.000000s ]
ERR: 无法加载模块:Favicon

[ 2017-04-08T09:01:37+08:00 ] 127.0.0.1 /adm
INFO: [ app_init ] --START--
INFO: Run Behavior\BuildLiteBehavior [ RunTime:0.001000s ]
INFO: [ app_init ] --END-- [ RunTime:0.001000s ]
ERR: 无法加载模块:Adm

[ 2017-04-08T13:02:21+08:00 ] 127.0.0.1 /favicon.ico
INFO: [ app_init ] --START--
INFO: Run Behavior\BuildLiteBehavior [ RunTime:0.000000s ]
NOTIC: [8] Use of undefined constant MODULE_MARK - assumed 'MODULE_MARK' D:\phpStudy\WWW\thinkphp\admin.thinkphp.com\Application\Common\Behavior\InitModuleBehavior.class.php 第 7 行.
INFO: Run Common\Behavior\InitModuleBehavior [ RunTime:0.001000s ]
INFO: [ app_init ] --END-- [ RunTime:0.001000s ]
ERR: 无法加载模块:Favicon

[ 2017-04-08T13:02:35+08:00 ] 127.0.0.1 /admi
INFO: [ app_init ] --START--
INFO: Run Behavior\BuildLiteBehavior [ RunTime:0.000000s ]
NOTIC: [8] Use of undefined constant MODULE_MARK - assumed 'MODULE_MARK' D:\phpStudy\WWW\thinkphp\admin.thinkphp.com\Application\Common\Behavior\InitModuleBehavior.class.php 第 7 行.
INFO: Run Common\Behavior\InitModuleBehavior [ RunTime:0.001000s ]
INFO: [ app_init ] --END-- [ RunTime:0.001000s ]
ERR: 无法加载模块:Admi

[ 2017-04-08T13:15:49+08:00 ] 127.0.0.1 /Public/libs/jquery/1.x/jquery.min.js
INFO: [ app_init ] --START--
INFO: Run Behavior\BuildLiteBehavior [ RunTime:0.000000s ]
NOTIC: [8] Use of undefined constant MODULE_MARK - assumed 'MODULE_MARK' D:\phpStudy\WWW\thinkphp\admin.thinkphp.com\Application\Common\Behavior\InitModuleBehavior.class.php 第 7 行.
INFO: Run Common\Behavior\InitModuleBehavior [ RunTime:0.001000s ]
INFO: [ app_init ] --END-- [ RunTime:0.001000s ]
ERR: 无法加载模块:Public

[ 2017-04-08T13:15:49+08:00 ] 127.0.0.1 /logo.png
INFO: [ app_init ] --START--
INFO: Run Behavior\BuildLiteBehavior [ RunTime:0.000000s ]
NOTIC: [8] Use of undefined constant MODULE_MARK - assumed 'MODULE_MARK' D:\phpStudy\WWW\thinkphp\admin.thinkphp.com\Application\Common\Behavior\InitModuleBehavior.class.php 第 7 行.
INFO: Run Common\Behavior\InitModuleBehavior [ RunTime:0.001000s ]
INFO: [ app_init ] --END-- [ RunTime:0.001000s ]
ERR: 无法加载模块:Logo

[ 2017-04-08T13:15:49+08:00 ] 127.0.0.1 /Public/libs/jquery/1.x/jquery.min.js
INFO: [ app_init ] --START--
INFO: Run Behavior\BuildLiteBehavior [ RunTime:0.000000s ]
NOTIC: [8] Use of undefined constant MODULE_MARK - assumed 'MODULE_MARK' D:\phpStudy\WWW\thinkphp\admin.thinkphp.com\Application\Common\Behavior\InitModuleBehavior.class.php 第 7 行.
INFO: Run Common\Behavior\InitModuleBehavior [ RunTime:0.001001s ]
INFO: [ app_init ] --END-- [ RunTime:0.001001s ]
ERR: 无法加载模块:Public

[ 2017-04-08T13:15:50+08:00 ] 127.0.0.1 /Public/libs/jquery/1.x/jquery.min.js
INFO: [ app_init ] --START--
INFO: Run Behavior\BuildLiteBehavior [ RunTime:0.000000s ]
NOTIC: [8] Use of undefined constant MODULE_MARK - assumed 'MODULE_MARK' D:\phpStudy\WWW\thinkphp\admin.thinkphp.com\Application\Common\Behavior\InitModuleBehavior.class.php 第 7 行.
INFO: Run Common\Behavior\InitModuleBehavior [ RunTime:0.000000s ]
INFO: [ app_init ] --END-- [ RunTime:0.000000s ]
ERR: 无法加载模块:Public

[ 2017-04-08T13:17:14+08:00 ] 127.0.0.1 /Public/libs/jquery/1.x/jquery.min.js
INFO: [ app_init ] --START--
INFO: Run Behavior\BuildLiteBehavior [ RunTime:0.000000s ]
NOTIC: [8] Use of undefined constant MODULE_MARK - assumed 'MODULE_MARK' D:\phpStudy\WWW\thinkphp\admin.thinkphp.com\Application\Common\Behavior\InitModuleBehavior.class.php 第 7 行.
INFO: Run Common\Behavior\InitModuleBehavior [ RunTime:0.001000s ]
INFO: [ app_init ] --END-- [ RunTime:0.001000s ]
ERR: 无法加载模块:Public

[ 2017-04-08T13:17:15+08:00 ] 127.0.0.1 /Public/libs/jquery/1.x/jquery.min.js
INFO: [ app_init ] --START--
INFO: Run Behavior\BuildLiteBehavior [ RunTime:0.000000s ]
NOTIC: [8] Use of undefined constant MODULE_MARK - assumed 'MODULE_MARK' D:\phpStudy\WWW\thinkphp\admin.thinkphp.com\Application\Common\Behavior\InitModuleBehavior.class.php 第 7 行.
INFO: Run Common\Behavior\InitModuleBehavior [ RunTime:0.000000s ]
INFO: [ app_init ] --END-- [ RunTime:0.000000s ]
ERR: 无法加载模块:Public

[ 2017-04-08T13:20:28+08:00 ] 127.0.0.1 /Public/libs/jquery/1.x/jquery.min.js
INFO: [ app_init ] --START--
INFO: Run Behavior\BuildLiteBehavior [ RunTime:0.000000s ]
NOTIC: [8] Use of undefined constant MODULE_MARK - assumed 'MODULE_MARK' D:\phpStudy\WWW\thinkphp\admin.thinkphp.com\Application\Common\Behavior\InitModuleBehavior.class.php 第 7 行.
INFO: Run Common\Behavior\InitModuleBehavior [ RunTime:0.000000s ]
INFO: [ app_init ] --END-- [ RunTime:0.000000s ]
ERR: 无法加载模块:Public

[ 2017-04-08T13:20:29+08:00 ] 127.0.0.1 /Public/libs/jquery/1.x/jquery.min.js
INFO: [ app_init ] --START--
INFO: Run Behavior\BuildLiteBehavior [ RunTime:0.000000s ]
NOTIC: [8] Use of undefined constant MODULE_MARK - assumed 'MODULE_MARK' D:\phpStudy\WWW\thinkphp\admin.thinkphp.com\Application\Common\Behavior\InitModuleBehavior.class.php 第 7 行.
INFO: Run Common\Behavior\InitModuleBehavior [ RunTime:0.000000s ]
INFO: [ app_init ] --END-- [ RunTime:0.000000s ]
ERR: 无法加载模块:Public

[ 2017-04-08T13:20:30+08:00 ] 127.0.0.1 /Public/libs/jquery/1.x/jquery.min.js
INFO: [ app_init ] --START--
INFO: Run Behavior\BuildLiteBehavior [ RunTime:0.000000s ]
NOTIC: [8] Use of undefined constant MODULE_MARK - assumed 'MODULE_MARK' D:\phpStudy\WWW\thinkphp\admin.thinkphp.com\Application\Common\Behavior\InitModuleBehavior.class.php 第 7 行.
INFO: Run Common\Behavior\InitModuleBehavior [ RunTime:0.000000s ]
INFO: [ app_init ] --END-- [ RunTime:0.001000s ]
ERR: 无法加载模块:Public

[ 2017-04-08T13:20:31+08:00 ] 127.0.0.1 /Public/libs/jquery/1.x/jquery.min.js
INFO: [ app_init ] --START--
INFO: Run Behavior\BuildLiteBehavior [ RunTime:0.000000s ]
NOTIC: [8] Use of undefined constant MODULE_MARK - assumed 'MODULE_MARK' D:\phpStudy\WWW\thinkphp\admin.thinkphp.com\Application\Common\Behavior\InitModuleBehavior.class.php 第 7 行.
INFO: Run Common\Behavior\InitModuleBehavior [ RunTime:0.001000s ]
INFO: [ app_init ] --END-- [ RunTime:0.001000s ]
ERR: 无法加载模块:Public

[ 2017-04-08T13:20:33+08:00 ] 127.0.0.1 /Public/libs/jquery/1.x/jquery.min.js
INFO: [ app_init ] --START--
INFO: Run Behavior\BuildLiteBehavior [ RunTime:0.000000s ]
NOTIC: [8] Use of undefined constant MODULE_MARK - assumed 'MODULE_MARK' D:\phpStudy\WWW\thinkphp\admin.thinkphp.com\Application\Common\Behavior\InitModuleBehavior.class.php 第 7 行.
INFO: Run Common\Behavior\InitModuleBehavior [ RunTime:0.001000s ]
INFO: [ app_init ] --END-- [ RunTime:0.001000s ]
ERR: 无法加载模块:Public

[ 2017-04-08T13:20:33+08:00 ] 127.0.0.1 /Public/libs/jquery/1.x/jquery.min.js
INFO: [ app_init ] --START--
INFO: Run Behavior\BuildLiteBehavior [ RunTime:0.000000s ]
NOTIC: [8] Use of undefined constant MODULE_MARK - assumed 'MODULE_MARK' D:\phpStudy\WWW\thinkphp\admin.thinkphp.com\Application\Common\Behavior\InitModuleBehavior.class.php 第 7 行.
INFO: Run Common\Behavior\InitModuleBehavior [ RunTime:0.001000s ]
INFO: [ app_init ] --END-- [ RunTime:0.001000s ]
ERR: 无法加载模块:Public

[ 2017-04-08T13:20:34+08:00 ] 127.0.0.1 /Public/libs/jquery/1.x/jquery.min.js
INFO: [ app_init ] --START--
INFO: Run Behavior\BuildLiteBehavior [ RunTime:0.000000s ]
NOTIC: [8] Use of undefined constant MODULE_MARK - assumed 'MODULE_MARK' D:\phpStudy\WWW\thinkphp\admin.thinkphp.com\Application\Common\Behavior\InitModuleBehavior.class.php 第 7 行.
INFO: Run Common\Behavior\InitModuleBehavior [ RunTime:0.000000s ]
INFO: [ app_init ] --END-- [ RunTime:0.000000s ]
ERR: 无法加载模块:Public

[ 2017-04-08T13:20:35+08:00 ] 127.0.0.1 /Public/libs/jquery/1.x/jquery.min.js
INFO: [ app_init ] --START--
INFO: Run Behavior\BuildLiteBehavior [ RunTime:0.000000s ]
NOTIC: [8] Use of undefined constant MODULE_MARK - assumed 'MODULE_MARK' D:\phpStudy\WWW\thinkphp\admin.thinkphp.com\Application\Common\Behavior\InitModuleBehavior.class.php 第 7 行.
INFO: Run Common\Behavior\InitModuleBehavior [ RunTime:0.000000s ]
INFO: [ app_init ] --END-- [ RunTime:0.001000s ]
ERR: 无法加载模块:Public

[ 2017-04-08T13:20:37+08:00 ] 127.0.0.1 /Public/libs/jquery/1.x/jquery.min.js
INFO: [ app_init ] --START--
INFO: Run Behavior\BuildLiteBehavior [ RunTime:0.000000s ]
NOTIC: [8] Use of undefined constant MODULE_MARK - assumed 'MODULE_MARK' D:\phpStudy\WWW\thinkphp\admin.thinkphp.com\Application\Common\Behavior\InitModuleBehavior.class.php 第 7 行.
INFO: Run Common\Behavior\InitModuleBehavior [ RunTime:0.000000s ]
INFO: [ app_init ] --END-- [ RunTime:0.000000s ]
ERR: 无法加载模块:Public

[ 2017-04-08T13:20:38+08:00 ] 127.0.0.1 /Public/libs/jquery/1.x/jquery.min.js
INFO: [ app_init ] --START--
INFO: Run Behavior\BuildLiteBehavior [ RunTime:0.000000s ]
NOTIC: [8] Use of undefined constant MODULE_MARK - assumed 'MODULE_MARK' D:\phpStudy\WWW\thinkphp\admin.thinkphp.com\Application\Common\Behavior\InitModuleBehavior.class.php 第 7 行.
INFO: Run Common\Behavior\InitModuleBehavior [ RunTime:0.000000s ]
INFO: [ app_init ] --END-- [ RunTime:0.000000s ]
ERR: 无法加载模块:Public

[ 2017-04-08T13:20:39+08:00 ] 127.0.0.1 /Public/libs/jquery/1.x/jquery.min.js
INFO: [ app_init ] --START--
INFO: Run Behavior\BuildLiteBehavior [ RunTime:0.000000s ]
NOTIC: [8] Use of undefined constant MODULE_MARK - assumed 'MODULE_MARK' D:\phpStudy\WWW\thinkphp\admin.thinkphp.com\Application\Common\Behavior\InitModuleBehavior.class.php 第 7 行.
INFO: Run Common\Behavior\InitModuleBehavior [ RunTime:0.000000s ]
INFO: [ app_init ] --END-- [ RunTime:0.000000s ]
ERR: 无法加载模块:Public

[ 2017-04-08T13:20:40+08:00 ] 127.0.0.1 /Public/libs/jquery/1.x/jquery.min.js
INFO: [ app_init ] --START--
INFO: Run Behavior\BuildLiteBehavior [ RunTime:0.000000s ]
NOTIC: [8] Use of undefined constant MODULE_MARK - assumed 'MODULE_MARK' D:\phpStudy\WWW\thinkphp\admin.thinkphp.com\Application\Common\Behavior\InitModuleBehavior.class.php 第 7 行.
INFO: Run Common\Behavior\InitModuleBehavior [ RunTime:0.000000s ]
INFO: [ app_init ] --END-- [ RunTime:0.000000s ]
ERR: 无法加载模块:Public

[ 2017-04-08T13:20:42+08:00 ] 127.0.0.1 /Public/libs/jquery/1.x/jquery.min.js
INFO: [ app_init ] --START--
INFO: Run Behavior\BuildLiteBehavior [ RunTime:0.000000s ]
NOTIC: [8] Use of undefined constant MODULE_MARK - assumed 'MODULE_MARK' D:\phpStudy\WWW\thinkphp\admin.thinkphp.com\Application\Common\Behavior\InitModuleBehavior.class.php 第 7 行.
INFO: Run Common\Behavior\InitModuleBehavior [ RunTime:0.001000s ]
INFO: [ app_init ] --END-- [ RunTime:0.001000s ]
ERR: 无法加载模块:Public

[ 2017-04-08T13:20:42+08:00 ] 127.0.0.1 /Public/libs/jquery/1.x/jquery.min.js
INFO: [ app_init ] --START--
INFO: Run Behavior\BuildLiteBehavior [ RunTime:0.000000s ]
NOTIC: [8] Use of undefined constant MODULE_MARK - assumed 'MODULE_MARK' D:\phpStudy\WWW\thinkphp\admin.thinkphp.com\Application\Common\Behavior\InitModuleBehavior.class.php 第 7 行.
INFO: Run Common\Behavior\InitModuleBehavior [ RunTime:0.000000s ]
INFO: [ app_init ] --END-- [ RunTime:0.000000s ]
ERR: 无法加载模块:Public

[ 2017-04-08T13:20:43+08:00 ] 127.0.0.1 /Public/libs/jquery/1.x/jquery.min.js
INFO: [ app_init ] --START--
INFO: Run Behavior\BuildLiteBehavior [ RunTime:0.000000s ]
NOTIC: [8] Use of undefined constant MODULE_MARK - assumed 'MODULE_MARK' D:\phpStudy\WWW\thinkphp\admin.thinkphp.com\Application\Common\Behavior\InitModuleBehavior.class.php 第 7 行.
INFO: Run Common\Behavior\InitModuleBehavior [ RunTime:0.000000s ]
INFO: [ app_init ] --END-- [ RunTime:0.000000s ]
ERR: 无法加载模块:Public

[ 2017-04-08T13:20:44+08:00 ] 127.0.0.1 /Public/libs/jquery/1.x/jquery.min.js
INFO: [ app_init ] --START--
INFO: Run Behavior\BuildLiteBehavior [ RunTime:0.000000s ]
NOTIC: [8] Use of undefined constant MODULE_MARK - assumed 'MODULE_MARK' D:\phpStudy\WWW\thinkphp\admin.thinkphp.com\Application\Common\Behavior\InitModuleBehavior.class.php 第 7 行.
INFO: Run Common\Behavior\InitModuleBehavior [ RunTime:0.000000s ]
INFO: [ app_init ] --END-- [ RunTime:0.000000s ]
ERR: 无法加载模块:Public

[ 2017-04-08T13:20:46+08:00 ] 127.0.0.1 /Public/libs/jquery/1.x/jquery.min.js
INFO: [ app_init ] --START--
INFO: Run Behavior\BuildLiteBehavior [ RunTime:0.000000s ]
NOTIC: [8] Use of undefined constant MODULE_MARK - assumed 'MODULE_MARK' D:\phpStudy\WWW\thinkphp\admin.thinkphp.com\Application\Common\Behavior\InitModuleBehavior.class.php 第 7 行.
INFO: Run Common\Behavior\InitModuleBehavior [ RunTime:0.000000s ]
INFO: [ app_init ] --END-- [ RunTime:0.000000s ]
ERR: 无法加载模块:Public

[ 2017-04-08T13:20:47+08:00 ] 127.0.0.1 /Public/libs/jquery/1.x/jquery.min.js
INFO: [ app_init ] --START--
INFO: Run Behavior\BuildLiteBehavior [ RunTime:0.000000s ]
NOTIC: [8] Use of undefined constant MODULE_MARK - assumed 'MODULE_MARK' D:\phpStudy\WWW\thinkphp\admin.thinkphp.com\Application\Common\Behavior\InitModuleBehavior.class.php 第 7 行.
INFO: Run Common\Behavior\InitModuleBehavior [ RunTime:0.001000s ]
INFO: [ app_init ] --END-- [ RunTime:0.001000s ]
ERR: 无法加载模块:Public

[ 2017-04-08T13:20:48+08:00 ] 127.0.0.1 /Public/libs/jquery/1.x/jquery.min.js
INFO: [ app_init ] --START--
INFO: Run Behavior\BuildLiteBehavior [ RunTime:0.000000s ]
NOTIC: [8] Use of undefined constant MODULE_MARK - assumed 'MODULE_MARK' D:\phpStudy\WWW\thinkphp\admin.thinkphp.com\Application\Common\Behavior\InitModuleBehavior.class.php 第 7 行.
INFO: Run Common\Behavior\InitModuleBehavior [ RunTime:0.001000s ]
INFO: [ app_init ] --END-- [ RunTime:0.001000s ]
ERR: 无法加载模块:Public

[ 2017-04-08T13:20:49+08:00 ] 127.0.0.1 /Public/libs/jquery/1.x/jquery.min.js
INFO: [ app_init ] --START--
INFO: Run Behavior\BuildLiteBehavior [ RunTime:0.000000s ]
NOTIC: [8] Use of undefined constant MODULE_MARK - assumed 'MODULE_MARK' D:\phpStudy\WWW\thinkphp\admin.thinkphp.com\Application\Common\Behavior\InitModuleBehavior.class.php 第 7 行.
INFO: Run Common\Behavior\InitModuleBehavior [ RunTime:0.000000s ]
INFO: [ app_init ] --END-- [ RunTime:0.000000s ]
ERR: 无法加载模块:Public

[ 2017-04-08T13:20:51+08:00 ] 127.0.0.1 /Public/libs/jquery/1.x/jquery.min.js
INFO: [ app_init ] --START--
INFO: Run Behavior\BuildLiteBehavior [ RunTime:0.000000s ]
NOTIC: [8] Use of undefined constant MODULE_MARK - assumed 'MODULE_MARK' D:\phpStudy\WWW\thinkphp\admin.thinkphp.com\Application\Common\Behavior\InitModuleBehavior.class.php 第 7 行.
INFO: Run Common\Behavior\InitModuleBehavior [ RunTime:0.000000s ]
INFO: [ app_init ] --END-- [ RunTime:0.000000s ]
ERR: 无法加载模块:Public

[ 2017-04-08T13:20:51+08:00 ] 127.0.0.1 /Public/libs/jquery/1.x/jquery.min.js
INFO: [ app_init ] --START--
INFO: Run Behavior\BuildLiteBehavior [ RunTime:0.000000s ]
NOTIC: [8] Use of undefined constant MODULE_MARK - assumed 'MODULE_MARK' D:\phpStudy\WWW\thinkphp\admin.thinkphp.com\Application\Common\Behavior\InitModuleBehavior.class.php 第 7 行.
INFO: Run Common\Behavior\InitModuleBehavior [ RunTime:0.001000s ]
INFO: [ app_init ] --END-- [ RunTime:0.001000s ]
ERR: 无法加载模块:Public

[ 2017-04-08T13:20:52+08:00 ] 127.0.0.1 /Public/libs/jquery/1.x/jquery.min.js
INFO: [ app_init ] --START--
INFO: Run Behavior\BuildLiteBehavior [ RunTime:0.000000s ]
NOTIC: [8] Use of undefined constant MODULE_MARK - assumed 'MODULE_MARK' D:\phpStudy\WWW\thinkphp\admin.thinkphp.com\Application\Common\Behavior\InitModuleBehavior.class.php 第 7 行.
INFO: Run Common\Behavior\InitModuleBehavior [ RunTime:0.000000s ]
INFO: [ app_init ] --END-- [ RunTime:0.000000s ]
ERR: 无法加载模块:Public

[ 2017-04-08T13:20:54+08:00 ] 127.0.0.1 /Public/libs/jquery/1.x/jquery.min.js
INFO: [ app_init ] --START--
INFO: Run Behavior\BuildLiteBehavior [ RunTime:0.000000s ]
NOTIC: [8] Use of undefined constant MODULE_MARK - assumed 'MODULE_MARK' D:\phpStudy\WWW\thinkphp\admin.thinkphp.com\Application\Common\Behavior\InitModuleBehavior.class.php 第 7 行.
INFO: Run Common\Behavior\InitModuleBehavior [ RunTime:0.000000s ]
INFO: [ app_init ] --END-- [ RunTime:0.000000s ]
ERR: 无法加载模块:Public

[ 2017-04-08T13:20:55+08:00 ] 127.0.0.1 /Public/libs/jquery/1.x/jquery.min.js
INFO: [ app_init ] --START--
INFO: Run Behavior\BuildLiteBehavior [ RunTime:0.000000s ]
NOTIC: [8] Use of undefined constant MODULE_MARK - assumed 'MODULE_MARK' D:\phpStudy\WWW\thinkphp\admin.thinkphp.com\Application\Common\Behavior\InitModuleBehavior.class.php 第 7 行.
INFO: Run Common\Behavior\InitModuleBehavior [ RunTime:0.000000s ]
INFO: [ app_init ] --END-- [ RunTime:0.000000s ]
ERR: 无法加载模块:Public

[ 2017-04-08T13:20:56+08:00 ] 127.0.0.1 /Public/libs/jquery/1.x/jquery.min.js
INFO: [ app_init ] --START--
INFO: Run Behavior\BuildLiteBehavior [ RunTime:0.000000s ]
NOTIC: [8] Use of undefined constant MODULE_MARK - assumed 'MODULE_MARK' D:\phpStudy\WWW\thinkphp\admin.thinkphp.com\Application\Common\Behavior\InitModuleBehavior.class.php 第 7 行.
INFO: Run Common\Behavior\InitModuleBehavior [ RunTime:0.001000s ]
INFO: [ app_init ] --END-- [ RunTime:0.001000s ]
ERR: 无法加载模块:Public

[ 2017-04-08T13:20:57+08:00 ] 127.0.0.1 /Public/libs/jquery/1.x/jquery.min.js
INFO: [ app_init ] --START--
INFO: Run Behavior\BuildLiteBehavior [ RunTime:0.000000s ]
NOTIC: [8] Use of undefined constant MODULE_MARK - assumed 'MODULE_MARK' D:\phpStudy\WWW\thinkphp\admin.thinkphp.com\Application\Common\Behavior\InitModuleBehavior.class.php 第 7 行.
INFO: Run Common\Behavior\InitModuleBehavior [ RunTime:0.000000s ]
INFO: [ app_init ] --END-- [ RunTime:0.000000s ]
ERR: 无法加载模块:Public

[ 2017-04-08T13:20:58+08:00 ] 127.0.0.1 /Public/libs/jquery/1.x/jquery.min.js
INFO: [ app_init ] --START--
INFO: Run Behavior\BuildLiteBehavior [ RunTime:0.000000s ]
NOTIC: [8] Use of undefined constant MODULE_MARK - assumed 'MODULE_MARK' D:\phpStudy\WWW\thinkphp\admin.thinkphp.com\Application\Common\Behavior\InitModuleBehavior.class.php 第 7 行.
INFO: Run Common\Behavior\InitModuleBehavior [ RunTime:0.000000s ]
INFO: [ app_init ] --END-- [ RunTime:0.000000s ]
ERR: 无法加载模块:Public

[ 2017-04-08T13:20:59+08:00 ] 127.0.0.1 /Public/libs/jquery/1.x/jquery.min.js
INFO: [ app_init ] --START--
INFO: Run Behavior\BuildLiteBehavior [ RunTime:0.000000s ]
NOTIC: [8] Use of undefined constant MODULE_MARK - assumed 'MODULE_MARK' D:\phpStudy\WWW\thinkphp\admin.thinkphp.com\Application\Common\Behavior\InitModuleBehavior.class.php 第 7 行.
INFO: Run Common\Behavior\InitModuleBehavior [ RunTime:0.001000s ]
INFO: [ app_init ] --END-- [ RunTime:0.001000s ]
ERR: 无法加载模块:Public

[ 2017-04-08T13:21:00+08:00 ] 127.0.0.1 /Public/libs/jquery/1.x/jquery.min.js
INFO: [ app_init ] --START--
INFO: Run Behavior\BuildLiteBehavior [ RunTime:0.000000s ]
NOTIC: [8] Use of undefined constant MODULE_MARK - assumed 'MODULE_MARK' D:\phpStudy\WWW\thinkphp\admin.thinkphp.com\Application\Common\Behavior\InitModuleBehavior.class.php 第 7 行.
INFO: Run Common\Behavior\InitModuleBehavior [ RunTime:0.001000s ]
INFO: [ app_init ] --END-- [ RunTime:0.001000s ]
ERR: 无法加载模块:Public

[ 2017-04-08T13:21:01+08:00 ] 127.0.0.1 /Public/libs/jquery/1.x/jquery.min.js
INFO: [ app_init ] --START--
INFO: Run Behavior\BuildLiteBehavior [ RunTime:0.000000s ]
NOTIC: [8] Use of undefined constant MODULE_MARK - assumed 'MODULE_MARK' D:\phpStudy\WWW\thinkphp\admin.thinkphp.com\Application\Common\Behavior\InitModuleBehavior.class.php 第 7 行.
INFO: Run Common\Behavior\InitModuleBehavior [ RunTime:0.000000s ]
INFO: [ app_init ] --END-- [ RunTime:0.000000s ]
ERR: 无法加载模块:Public

[ 2017-04-08T13:21:03+08:00 ] 127.0.0.1 /Public/libs/jquery/1.x/jquery.min.js
INFO: [ app_init ] --START--
INFO: Run Behavior\BuildLiteBehavior [ RunTime:0.000000s ]
NOTIC: [8] Use of undefined constant MODULE_MARK - assumed 'MODULE_MARK' D:\phpStudy\WWW\thinkphp\admin.thinkphp.com\Application\Common\Behavior\InitModuleBehavior.class.php 第 7 行.
INFO: Run Common\Behavior\InitModuleBehavior [ RunTime:0.001000s ]
INFO: [ app_init ] --END-- [ RunTime:0.001000s ]
ERR: 无法加载模块:Public

[ 2017-04-08T13:21:04+08:00 ] 127.0.0.1 /Public/libs/jquery/1.x/jquery.min.js
INFO: [ app_init ] --START--
INFO: Run Behavior\BuildLiteBehavior [ RunTime:0.000000s ]
NOTIC: [8] Use of undefined constant MODULE_MARK - assumed 'MODULE_MARK' D:\phpStudy\WWW\thinkphp\admin.thinkphp.com\Application\Common\Behavior\InitModuleBehavior.class.php 第 7 行.
INFO: Run Common\Behavior\InitModuleBehavior [ RunTime:0.001001s ]
INFO: [ app_init ] --END-- [ RunTime:0.001001s ]
ERR: 无法加载模块:Public

[ 2017-04-08T13:21:05+08:00 ] 127.0.0.1 /Public/libs/jquery/1.x/jquery.min.js
INFO: [ app_init ] --START--
INFO: Run Behavior\BuildLiteBehavior [ RunTime:0.000000s ]
NOTIC: [8] Use of undefined constant MODULE_MARK - assumed 'MODULE_MARK' D:\phpStudy\WWW\thinkphp\admin.thinkphp.com\Application\Common\Behavior\InitModuleBehavior.class.php 第 7 行.
INFO: Run Common\Behavior\InitModuleBehavior [ RunTime:0.001000s ]
INFO: [ app_init ] --END-- [ RunTime:0.001000s ]
ERR: 无法加载模块:Public

[ 2017-04-08T13:21:06+08:00 ] 127.0.0.1 /Public/libs/jquery/1.x/jquery.min.js
INFO: [ app_init ] --START--
INFO: Run Behavior\BuildLiteBehavior [ RunTime:0.000000s ]
NOTIC: [8] Use of undefined constant MODULE_MARK - assumed 'MODULE_MARK' D:\phpStudy\WWW\thinkphp\admin.thinkphp.com\Application\Common\Behavior\InitModuleBehavior.class.php 第 7 行.
INFO: Run Common\Behavior\InitModuleBehavior [ RunTime:0.001000s ]
INFO: [ app_init ] --END-- [ RunTime:0.001000s ]
ERR: 无法加载模块:Public

[ 2017-04-08T13:21:07+08:00 ] 127.0.0.1 /Public/libs/jquery/1.x/jquery.min.js
INFO: [ app_init ] --START--
INFO: Run Behavior\BuildLiteBehavior [ RunTime:0.000000s ]
NOTIC: [8] Use of undefined constant MODULE_MARK - assumed 'MODULE_MARK' D:\phpStudy\WWW\thinkphp\admin.thinkphp.com\Application\Common\Behavior\InitModuleBehavior.class.php 第 7 行.
INFO: Run Common\Behavior\InitModuleBehavior [ RunTime:0.000000s ]
INFO: [ app_init ] --END-- [ RunTime:0.001000s ]
ERR: 无法加载模块:Public

[ 2017-04-08T13:21:08+08:00 ] 127.0.0.1 /Public/libs/jquery/1.x/jquery.min.js
INFO: [ app_init ] --START--
INFO: Run Behavior\BuildLiteBehavior [ RunTime:0.000000s ]
NOTIC: [8] Use of undefined constant MODULE_MARK - assumed 'MODULE_MARK' D:\phpStudy\WWW\thinkphp\admin.thinkphp.com\Application\Common\Behavior\InitModuleBehavior.class.php 第 7 行.
INFO: Run Common\Behavior\InitModuleBehavior [ RunTime:0.001000s ]
INFO: [ app_init ] --END-- [ RunTime:0.001000s ]
ERR: 无法加载模块:Public

[ 2017-04-08T13:21:09+08:00 ] 127.0.0.1 /Public/libs/jquery/1.x/jquery.min.js
INFO: [ app_init ] --START--
INFO: Run Behavior\BuildLiteBehavior [ RunTime:0.000000s ]
NOTIC: [8] Use of undefined constant MODULE_MARK - assumed 'MODULE_MARK' D:\phpStudy\WWW\thinkphp\admin.thinkphp.com\Application\Common\Behavior\InitModuleBehavior.class.php 第 7 行.
INFO: Run Common\Behavior\InitModuleBehavior [ RunTime:0.001000s ]
INFO: [ app_init ] --END-- [ RunTime:0.001000s ]
ERR: 无法加载模块:Public

[ 2017-04-08T13:21:10+08:00 ] 127.0.0.1 /Public/libs/jquery/1.x/jquery.min.js
INFO: [ app_init ] --START--
INFO: Run Behavior\BuildLiteBehavior [ RunTime:0.000000s ]
NOTIC: [8] Use of undefined constant MODULE_MARK - assumed 'MODULE_MARK' D:\phpStudy\WWW\thinkphp\admin.thinkphp.com\Application\Common\Behavior\InitModuleBehavior.class.php 第 7 行.
INFO: Run Common\Behavior\InitModuleBehavior [ RunTime:0.001000s ]
INFO: [ app_init ] --END-- [ RunTime:0.001000s ]
ERR: 无法加载模块:Public

[ 2017-04-08T13:21:12+08:00 ] 127.0.0.1 /Public/libs/jquery/1.x/jquery.min.js
INFO: [ app_init ] --START--
INFO: Run Behavior\BuildLiteBehavior [ RunTime:0.000000s ]
NOTIC: [8] Use of undefined constant MODULE_MARK - assumed 'MODULE_MARK' D:\phpStudy\WWW\thinkphp\admin.thinkphp.com\Application\Common\Behavior\InitModuleBehavior.class.php 第 7 行.
INFO: Run Common\Behavior\InitModuleBehavior [ RunTime:0.001000s ]
INFO: [ app_init ] --END-- [ RunTime:0.001000s ]
ERR: 无法加载模块:Public

[ 2017-04-08T13:21:13+08:00 ] 127.0.0.1 /Public/libs/jquery/1.x/jquery.min.js
INFO: [ app_init ] --START--
INFO: Run Behavior\BuildLiteBehavior [ RunTime:0.000000s ]
NOTIC: [8] Use of undefined constant MODULE_MARK - assumed 'MODULE_MARK' D:\phpStudy\WWW\thinkphp\admin.thinkphp.com\Application\Common\Behavior\InitModuleBehavior.class.php 第 7 行.
INFO: Run Common\Behavior\InitModuleBehavior [ RunTime:0.000000s ]
INFO: [ app_init ] --END-- [ RunTime:0.001000s ]
ERR: 无法加载模块:Public

[ 2017-04-08T13:21:14+08:00 ] 127.0.0.1 /Public/libs/jquery/1.x/jquery.min.js
INFO: [ app_init ] --START--
INFO: Run Behavior\BuildLiteBehavior [ RunTime:0.000000s ]
NOTIC: [8] Use of undefined constant MODULE_MARK - assumed 'MODULE_MARK' D:\phpStudy\WWW\thinkphp\admin.thinkphp.com\Application\Common\Behavior\InitModuleBehavior.class.php 第 7 行.
INFO: Run Common\Behavior\InitModuleBehavior [ RunTime:0.000000s ]
INFO: [ app_init ] --END-- [ RunTime:0.000000s ]
ERR: 无法加载模块:Public

[ 2017-04-08T13:21:15+08:00 ] 127.0.0.1 /Public/libs/jquery/1.x/jquery.min.js
INFO: [ app_init ] --START--
INFO: Run Behavior\BuildLiteBehavior [ RunTime:0.000000s ]
NOTIC: [8] Use of undefined constant MODULE_MARK - assumed 'MODULE_MARK' D:\phpStudy\WWW\thinkphp\admin.thinkphp.com\Application\Common\Behavior\InitModuleBehavior.class.php 第 7 行.
INFO: Run Common\Behavior\InitModuleBehavior [ RunTime:0.001000s ]
INFO: [ app_init ] --END-- [ RunTime:0.001000s ]
ERR: 无法加载模块:Public

[ 2017-04-08T13:21:16+08:00 ] 127.0.0.1 /Public/libs/jquery/1.x/jquery.min.js
INFO: [ app_init ] --START--
INFO: Run Behavior\BuildLiteBehavior [ RunTime:0.000000s ]
NOTIC: [8] Use of undefined constant MODULE_MARK - assumed 'MODULE_MARK' D:\phpStudy\WWW\thinkphp\admin.thinkphp.com\Application\Common\Behavior\InitModuleBehavior.class.php 第 7 行.
INFO: Run Common\Behavior\InitModuleBehavior [ RunTime:0.000000s ]
INFO: [ app_init ] --END-- [ RunTime:0.000000s ]
ERR: 无法加载模块:Public

[ 2017-04-08T13:21:17+08:00 ] 127.0.0.1 /Public/libs/jquery/1.x/jquery.min.js
INFO: [ app_init ] --START--
INFO: Run Behavior\BuildLiteBehavior [ RunTime:0.000000s ]
NOTIC: [8] Use of undefined constant MODULE_MARK - assumed 'MODULE_MARK' D:\phpStudy\WWW\thinkphp\admin.thinkphp.com\Application\Common\Behavior\InitModuleBehavior.class.php 第 7 行.
INFO: Run Common\Behavior\InitModuleBehavior [ RunTime:0.000000s ]
INFO: [ app_init ] --END-- [ RunTime:0.000000s ]
ERR: 无法加载模块:Public

[ 2017-04-08T13:21:18+08:00 ] 127.0.0.1 /Public/libs/jquery/1.x/jquery.min.js
INFO: [ app_init ] --START--
INFO: Run Behavior\BuildLiteBehavior [ RunTime:0.000000s ]
NOTIC: [8] Use of undefined constant MODULE_MARK - assumed 'MODULE_MARK' D:\phpStudy\WWW\thinkphp\admin.thinkphp.com\Application\Common\Behavior\InitModuleBehavior.class.php 第 7 行.
INFO: Run Common\Behavior\InitModuleBehavior [ RunTime:0.000000s ]
INFO: [ app_init ] --END-- [ RunTime:0.000000s ]
ERR: 无法加载模块:Public

[ 2017-04-08T13:21:19+08:00 ] 127.0.0.1 /Public/libs/jquery/1.x/jquery.min.js
INFO: [ app_init ] --START--
INFO: Run Behavior\BuildLiteBehavior [ RunTime:0.000000s ]
NOTIC: [8] Use of undefined constant MODULE_MARK - assumed 'MODULE_MARK' D:\phpStudy\WWW\thinkphp\admin.thinkphp.com\Application\Common\Behavior\InitModuleBehavior.class.php 第 7 行.
INFO: Run Common\Behavior\InitModuleBehavior [ RunTime:0.001001s ]
INFO: [ app_init ] --END-- [ RunTime:0.001001s ]
ERR: 无法加载模块:Public

[ 2017-04-08T13:21:21+08:00 ] 127.0.0.1 /Public/libs/jquery/1.x/jquery.min.js
INFO: [ app_init ] --START--
INFO: Run Behavior\BuildLiteBehavior [ RunTime:0.000000s ]
NOTIC: [8] Use of undefined constant MODULE_MARK - assumed 'MODULE_MARK' D:\phpStudy\WWW\thinkphp\admin.thinkphp.com\Application\Common\Behavior\InitModuleBehavior.class.php 第 7 行.
INFO: Run Common\Behavior\InitModuleBehavior [ RunTime:0.001000s ]
INFO: [ app_init ] --END-- [ RunTime:0.001000s ]
ERR: 无法加载模块:Public

[ 2017-04-08T13:21:21+08:00 ] 127.0.0.1 /Public/libs/jquery/1.x/jquery.min.js
INFO: [ app_init ] --START--
INFO: Run Behavior\BuildLiteBehavior [ RunTime:0.000000s ]
NOTIC: [8] Use of undefined constant MODULE_MARK - assumed 'MODULE_MARK' D:\phpStudy\WWW\thinkphp\admin.thinkphp.com\Application\Common\Behavior\InitModuleBehavior.class.php 第 7 行.
INFO: Run Common\Behavior\InitModuleBehavior [ RunTime:0.001000s ]
INFO: [ app_init ] --END-- [ RunTime:0.001000s ]
ERR: 无法加载模块:Public

[ 2017-04-08T13:21:22+08:00 ] 127.0.0.1 /Public/libs/jquery/1.x/jquery.min.js
INFO: [ app_init ] --START--
INFO: Run Behavior\BuildLiteBehavior [ RunTime:0.000000s ]
NOTIC: [8] Use of undefined constant MODULE_MARK - assumed 'MODULE_MARK' D:\phpStudy\WWW\thinkphp\admin.thinkphp.com\Application\Common\Behavior\InitModuleBehavior.class.php 第 7 行.
INFO: Run Common\Behavior\InitModuleBehavior [ RunTime:0.000000s ]
INFO: [ app_init ] --END-- [ RunTime:0.000000s ]
ERR: 无法加载模块:Public

[ 2017-04-08T13:21:23+08:00 ] 127.0.0.1 /Public/libs/jquery/1.x/jquery.min.js
INFO: [ app_init ] --START--
INFO: Run Behavior\BuildLiteBehavior [ RunTime:0.000000s ]
NOTIC: [8] Use of undefined constant MODULE_MARK - assumed 'MODULE_MARK' D:\phpStudy\WWW\thinkphp\admin.thinkphp.com\Application\Common\Behavior\InitModuleBehavior.class.php 第 7 行.
INFO: Run Common\Behavior\InitModuleBehavior [ RunTime:0.001000s ]
INFO: [ app_init ] --END-- [ RunTime:0.001000s ]
ERR: 无法加载模块:Public

[ 2017-04-08T13:21:24+08:00 ] 127.0.0.1 /Public/libs/jquery/1.x/jquery.min.js
INFO: [ app_init ] --START--
INFO: Run Behavior\BuildLiteBehavior [ RunTime:0.000000s ]
NOTIC: [8] Use of undefined constant MODULE_MARK - assumed 'MODULE_MARK' D:\phpStudy\WWW\thinkphp\admin.thinkphp.com\Application\Common\Behavior\InitModuleBehavior.class.php 第 7 行.
INFO: Run Common\Behavior\InitModuleBehavior [ RunTime:0.000000s ]
INFO: [ app_init ] --END-- [ RunTime:0.000000s ]
ERR: 无法加载模块:Public

[ 2017-04-08T13:21:25+08:00 ] 127.0.0.1 /Public/libs/jquery/1.x/jquery.min.js
INFO: [ app_init ] --START--
INFO: Run Behavior\BuildLiteBehavior [ RunTime:0.000000s ]
NOTIC: [8] Use of undefined constant MODULE_MARK - assumed 'MODULE_MARK' D:\phpStudy\WWW\thinkphp\admin.thinkphp.com\Application\Common\Behavior\InitModuleBehavior.class.php 第 7 行.
INFO: Run Common\Behavior\InitModuleBehavior [ RunTime:0.000000s ]
INFO: [ app_init ] --END-- [ RunTime:0.000000s ]
ERR: 无法加载模块:Public

[ 2017-04-08T13:21:27+08:00 ] 127.0.0.1 /Public/libs/jquery/1.x/jquery.min.js
INFO: [ app_init ] --START--
INFO: Run Behavior\BuildLiteBehavior [ RunTime:0.000000s ]
NOTIC: [8] Use of undefined constant MODULE_MARK - assumed 'MODULE_MARK' D:\phpStudy\WWW\thinkphp\admin.thinkphp.com\Application\Common\Behavior\InitModuleBehavior.class.php 第 7 行.
INFO: Run Common\Behavior\InitModuleBehavior [ RunTime:0.000000s ]
INFO: [ app_init ] --END-- [ RunTime:0.001000s ]
ERR: 无法加载模块:Public

[ 2017-04-08T13:21:28+08:00 ] 127.0.0.1 /Public/libs/jquery/1.x/jquery.min.js
INFO: [ app_init ] --START--
INFO: Run Behavior\BuildLiteBehavior [ RunTime:0.000000s ]
NOTIC: [8] Use of undefined constant MODULE_MARK - assumed 'MODULE_MARK' D:\phpStudy\WWW\thinkphp\admin.thinkphp.com\Application\Common\Behavior\InitModuleBehavior.class.php 第 7 行.
INFO: Run Common\Behavior\InitModuleBehavior [ RunTime:0.000000s ]
INFO: [ app_init ] --END-- [ RunTime:0.000000s ]
ERR: 无法加载模块:Public

[ 2017-04-08T13:21:29+08:00 ] 127.0.0.1 /Public/libs/jquery/1.x/jquery.min.js
INFO: [ app_init ] --START--
INFO: Run Behavior\BuildLiteBehavior [ RunTime:0.000000s ]
NOTIC: [8] Use of undefined constant MODULE_MARK - assumed 'MODULE_MARK' D:\phpStudy\WWW\thinkphp\admin.thinkphp.com\Application\Common\Behavior\InitModuleBehavior.class.php 第 7 行.
INFO: Run Common\Behavior\InitModuleBehavior [ RunTime:0.000000s ]
INFO: [ app_init ] --END-- [ RunTime:0.000000s ]
ERR: 无法加载模块:Public

[ 2017-04-08T13:21:30+08:00 ] 127.0.0.1 /Public/libs/jquery/1.x/jquery.min.js
INFO: [ app_init ] --START--
INFO: Run Behavior\BuildLiteBehavior [ RunTime:0.000000s ]
NOTIC: [8] Use of undefined constant MODULE_MARK - assumed 'MODULE_MARK' D:\phpStudy\WWW\thinkphp\admin.thinkphp.com\Application\Common\Behavior\InitModuleBehavior.class.php 第 7 行.
INFO: Run Common\Behavior\InitModuleBehavior [ RunTime:0.000000s ]
INFO: [ app_init ] --END-- [ RunTime:0.000000s ]
ERR: 无法加载模块:Public

[ 2017-04-08T13:21:31+08:00 ] 127.0.0.1 /Public/libs/jquery/1.x/jquery.min.js
INFO: [ app_init ] --START--
INFO: Run Behavior\BuildLiteBehavior [ RunTime:0.000000s ]
NOTIC: [8] Use of undefined constant MODULE_MARK - assumed 'MODULE_MARK' D:\phpStudy\WWW\thinkphp\admin.thinkphp.com\Application\Common\Behavior\InitModuleBehavior.class.php 第 7 行.
INFO: Run Common\Behavior\InitModuleBehavior [ RunTime:0.000000s ]
INFO: [ app_init ] --END-- [ RunTime:0.000000s ]
ERR: 无法加载模块:Public

[ 2017-04-08T13:21:32+08:00 ] 127.0.0.1 /Public/libs/jquery/1.x/jquery.min.js
INFO: [ app_init ] --START--
INFO: Run Behavior\BuildLiteBehavior [ RunTime:0.000000s ]
NOTIC: [8] Use of undefined constant MODULE_MARK - assumed 'MODULE_MARK' D:\phpStudy\WWW\thinkphp\admin.thinkphp.com\Application\Common\Behavior\InitModuleBehavior.class.php 第 7 行.
INFO: Run Common\Behavior\InitModuleBehavior [ RunTime:0.000000s ]
INFO: [ app_init ] --END-- [ RunTime:0.000000s ]
ERR: 无法加载模块:Public

[ 2017-04-08T13:21:33+08:00 ] 127.0.0.1 /Public/libs/jquery/1.x/jquery.min.js
INFO: [ app_init ] --START--
INFO: Run Behavior\BuildLiteBehavior [ RunTime:0.000000s ]
NOTIC: [8] Use of undefined constant MODULE_MARK - assumed 'MODULE_MARK' D:\phpStudy\WWW\thinkphp\admin.thinkphp.com\Application\Common\Behavior\InitModuleBehavior.class.php 第 7 行.
INFO: Run Common\Behavior\InitModuleBehavior [ RunTime:0.000000s ]
INFO: [ app_init ] --END-- [ RunTime:0.000000s ]
ERR: 无法加载模块:Public

[ 2017-04-08T13:21:34+08:00 ] 127.0.0.1 /Public/libs/jquery/1.x/jquery.min.js
INFO: [ app_init ] --START--
INFO: Run Behavior\BuildLiteBehavior [ RunTime:0.000000s ]
NOTIC: [8] Use of undefined constant MODULE_MARK - assumed 'MODULE_MARK' D:\phpStudy\WWW\thinkphp\admin.thinkphp.com\Application\Common\Behavior\InitModuleBehavior.class.php 第 7 行.
INFO: Run Common\Behavior\InitModuleBehavior [ RunTime:0.000000s ]
INFO: [ app_init ] --END-- [ RunTime:0.000000s ]
ERR: 无法加载模块:Public

[ 2017-04-08T13:21:35+08:00 ] 127.0.0.1 /Public/libs/jquery/1.x/jquery.min.js
INFO: [ app_init ] --START--
INFO: Run Behavior\BuildLiteBehavior [ RunTime:0.000000s ]
NOTIC: [8] Use of undefined constant MODULE_MARK - assumed 'MODULE_MARK' D:\phpStudy\WWW\thinkphp\admin.thinkphp.com\Application\Common\Behavior\InitModuleBehavior.class.php 第 7 行.
INFO: Run Common\Behavior\InitModuleBehavior [ RunTime:0.001000s ]
INFO: [ app_init ] --END-- [ RunTime:0.001000s ]
ERR: 无法加载模块:Public

[ 2017-04-08T13:21:37+08:00 ] 127.0.0.1 /Public/libs/jquery/1.x/jquery.min.js
INFO: [ app_init ] --START--
INFO: Run Behavior\BuildLiteBehavior [ RunTime:0.000000s ]
NOTIC: [8] Use of undefined constant MODULE_MARK - assumed 'MODULE_MARK' D:\phpStudy\WWW\thinkphp\admin.thinkphp.com\Application\Common\Behavior\InitModuleBehavior.class.php 第 7 行.
INFO: Run Common\Behavior\InitModuleBehavior [ RunTime:0.000000s ]
INFO: [ app_init ] --END-- [ RunTime:0.000000s ]
ERR: 无法加载模块:Public

[ 2017-04-08T13:21:38+08:00 ] 127.0.0.1 /Public/libs/jquery/1.x/jquery.min.js
INFO: [ app_init ] --START--
INFO: Run Behavior\BuildLiteBehavior [ RunTime:0.000000s ]
NOTIC: [8] Use of undefined constant MODULE_MARK - assumed 'MODULE_MARK' D:\phpStudy\WWW\thinkphp\admin.thinkphp.com\Application\Common\Behavior\InitModuleBehavior.class.php 第 7 行.
INFO: Run Common\Behavior\InitModuleBehavior [ RunTime:0.000000s ]
INFO: [ app_init ] --END-- [ RunTime:0.000000s ]
ERR: 无法加载模块:Public

[ 2017-04-08T13:21:39+08:00 ] 127.0.0.1 /Public/libs/jquery/1.x/jquery.min.js
INFO: [ app_init ] --START--
INFO: Run Behavior\BuildLiteBehavior [ RunTime:0.000000s ]
NOTIC: [8] Use of undefined constant MODULE_MARK - assumed 'MODULE_MARK' D:\phpStudy\WWW\thinkphp\admin.thinkphp.com\Application\Common\Behavior\InitModuleBehavior.class.php 第 7 行.
INFO: Run Common\Behavior\InitModuleBehavior [ RunTime:0.000000s ]
INFO: [ app_init ] --END-- [ RunTime:0.000000s ]
ERR: 无法加载模块:Public

[ 2017-04-08T13:21:40+08:00 ] 127.0.0.1 /Public/libs/jquery/1.x/jquery.min.js
INFO: [ app_init ] --START--
INFO: Run Behavior\BuildLiteBehavior [ RunTime:0.000000s ]
NOTIC: [8] Use of undefined constant MODULE_MARK - assumed 'MODULE_MARK' D:\phpStudy\WWW\thinkphp\admin.thinkphp.com\Application\Common\Behavior\InitModuleBehavior.class.php 第 7 行.
INFO: Run Common\Behavior\InitModuleBehavior [ RunTime:0.001000s ]
INFO: [ app_init ] --END-- [ RunTime:0.001000s ]
ERR: 无法加载模块:Public

[ 2017-04-08T13:21:41+08:00 ] 127.0.0.1 /Public/libs/jquery/1.x/jquery.min.js
INFO: [ app_init ] --START--
INFO: Run Behavior\BuildLiteBehavior [ RunTime:0.000000s ]
NOTIC: [8] Use of undefined constant MODULE_MARK - assumed 'MODULE_MARK' D:\phpStudy\WWW\thinkphp\admin.thinkphp.com\Application\Common\Behavior\InitModuleBehavior.class.php 第 7 行.
INFO: Run Common\Behavior\InitModuleBehavior [ RunTime:0.000000s ]
INFO: [ app_init ] --END-- [ RunTime:0.000000s ]
ERR: 无法加载模块:Public

[ 2017-04-08T13:21:42+08:00 ] 127.0.0.1 /Public/libs/jquery/1.x/jquery.min.js
INFO: [ app_init ] --START--
INFO: Run Behavior\BuildLiteBehavior [ RunTime:0.000000s ]
NOTIC: [8] Use of undefined constant MODULE_MARK - assumed 'MODULE_MARK' D:\phpStudy\WWW\thinkphp\admin.thinkphp.com\Application\Common\Behavior\InitModuleBehavior.class.php 第 7 行.
INFO: Run Common\Behavior\InitModuleBehavior [ RunTime:0.000000s ]
INFO: [ app_init ] --END-- [ RunTime:0.000000s ]
ERR: 无法加载模块:Public

[ 2017-04-08T13:21:43+08:00 ] 127.0.0.1 /Public/libs/jquery/1.x/jquery.min.js
INFO: [ app_init ] --START--
INFO: Run Behavior\BuildLiteBehavior [ RunTime:0.000000s ]
NOTIC: [8] Use of undefined constant MODULE_MARK - assumed 'MODULE_MARK' D:\phpStudy\WWW\thinkphp\admin.thinkphp.com\Application\Common\Behavior\InitModuleBehavior.class.php 第 7 行.
INFO: Run Common\Behavior\InitModuleBehavior [ RunTime:0.000000s ]
INFO: [ app_init ] --END-- [ RunTime:0.001000s ]
ERR: 无法加载模块:Public

[ 2017-04-08T13:21:44+08:00 ] 127.0.0.1 /Public/libs/jquery/1.x/jquery.min.js
INFO: [ app_init ] --START--
INFO: Run Behavior\BuildLiteBehavior [ RunTime:0.000000s ]
NOTIC: [8] Use of undefined constant MODULE_MARK - assumed 'MODULE_MARK' D:\phpStudy\WWW\thinkphp\admin.thinkphp.com\Application\Common\Behavior\InitModuleBehavior.class.php 第 7 行.
INFO: Run Common\Behavior\InitModuleBehavior [ RunTime:0.001000s ]
INFO: [ app_init ] --END-- [ RunTime:0.001000s ]
ERR: 无法加载模块:Public

[ 2017-04-08T13:21:46+08:00 ] 127.0.0.1 /Public/libs/jquery/1.x/jquery.min.js
INFO: [ app_init ] --START--
INFO: Run Behavior\BuildLiteBehavior [ RunTime:0.000000s ]
NOTIC: [8] Use of undefined constant MODULE_MARK - assumed 'MODULE_MARK' D:\phpStudy\WWW\thinkphp\admin.thinkphp.com\Application\Common\Behavior\InitModuleBehavior.class.php 第 7 行.
INFO: Run Common\Behavior\InitModuleBehavior [ RunTime:0.001000s ]
INFO: [ app_init ] --END-- [ RunTime:0.001000s ]
ERR: 无法加载模块:Public

[ 2017-04-08T13:21:47+08:00 ] 127.0.0.1 /Public/libs/jquery/1.x/jquery.min.js
INFO: [ app_init ] --START--
INFO: Run Behavior\BuildLiteBehavior [ RunTime:0.000000s ]
NOTIC: [8] Use of undefined constant MODULE_MARK - assumed 'MODULE_MARK' D:\phpStudy\WWW\thinkphp\admin.thinkphp.com\Application\Common\Behavior\InitModuleBehavior.class.php 第 7 行.
INFO: Run Common\Behavior\InitModuleBehavior [ RunTime:0.000000s ]
INFO: [ app_init ] --END-- [ RunTime:0.000000s ]
ERR: 无法加载模块:Public

[ 2017-04-08T13:21:48+08:00 ] 127.0.0.1 /Public/libs/jquery/1.x/jquery.min.js
INFO: [ app_init ] --START--
INFO: Run Behavior\BuildLiteBehavior [ RunTime:0.000000s ]
NOTIC: [8] Use of undefined constant MODULE_MARK - assumed 'MODULE_MARK' D:\phpStudy\WWW\thinkphp\admin.thinkphp.com\Application\Common\Behavior\InitModuleBehavior.class.php 第 7 行.
INFO: Run Common\Behavior\InitModuleBehavior [ RunTime:0.001000s ]
INFO: [ app_init ] --END-- [ RunTime:0.001000s ]
ERR: 无法加载模块:Public

[ 2017-04-08T13:21:49+08:00 ] 127.0.0.1 /Public/libs/jquery/1.x/jquery.min.js
INFO: [ app_init ] --START--
INFO: Run Behavior\BuildLiteBehavior [ RunTime:0.000000s ]
NOTIC: [8] Use of undefined constant MODULE_MARK - assumed 'MODULE_MARK' D:\phpStudy\WWW\thinkphp\admin.thinkphp.com\Application\Common\Behavior\InitModuleBehavior.class.php 第 7 行.
INFO: Run Common\Behavior\InitModuleBehavior [ RunTime:0.001000s ]
INFO: [ app_init ] --END-- [ RunTime:0.001000s ]
ERR: 无法加载模块:Public

[ 2017-04-08T13:21:50+08:00 ] 127.0.0.1 /Public/libs/jquery/1.x/jquery.min.js
INFO: [ app_init ] --START--
INFO: Run Behavior\BuildLiteBehavior [ RunTime:0.000000s ]
NOTIC: [8] Use of undefined constant MODULE_MARK - assumed 'MODULE_MARK' D:\phpStudy\WWW\thinkphp\admin.thinkphp.com\Application\Common\Behavior\InitModuleBehavior.class.php 第 7 行.
INFO: Run Common\Behavior\InitModuleBehavior [ RunTime:0.001000s ]
INFO: [ app_init ] --END-- [ RunTime:0.001000s ]
ERR: 无法加载模块:Public

[ 2017-04-08T13:21:51+08:00 ] 127.0.0.1 /Public/libs/jquery/1.x/jquery.min.js
INFO: [ app_init ] --START--
INFO: Run Behavior\BuildLiteBehavior [ RunTime:0.000000s ]
NOTIC: [8] Use of undefined constant MODULE_MARK - assumed 'MODULE_MARK' D:\phpStudy\WWW\thinkphp\admin.thinkphp.com\Application\Common\Behavior\InitModuleBehavior.class.php 第 7 行.
INFO: Run Common\Behavior\InitModuleBehavior [ RunTime:0.001000s ]
INFO: [ app_init ] --END-- [ RunTime:0.001000s ]
ERR: 无法加载模块:Public

[ 2017-04-08T13:21:52+08:00 ] 127.0.0.1 /Public/libs/jquery/1.x/jquery.min.js
INFO: [ app_init ] --START--
INFO: Run Behavior\BuildLiteBehavior [ RunTime:0.000000s ]
NOTIC: [8] Use of undefined constant MODULE_MARK - assumed 'MODULE_MARK' D:\phpStudy\WWW\thinkphp\admin.thinkphp.com\Application\Common\Behavior\InitModuleBehavior.class.php 第 7 行.
INFO: Run Common\Behavior\InitModuleBehavior [ RunTime:0.000000s ]
INFO: [ app_init ] --END-- [ RunTime:0.000000s ]
ERR: 无法加载模块:Public

[ 2017-04-08T13:21:53+08:00 ] 127.0.0.1 /Public/libs/jquery/1.x/jquery.min.js
INFO: [ app_init ] --START--
INFO: Run Behavior\BuildLiteBehavior [ RunTime:0.000000s ]
NOTIC: [8] Use of undefined constant MODULE_MARK - assumed 'MODULE_MARK' D:\phpStudy\WWW\thinkphp\admin.thinkphp.com\Application\Common\Behavior\InitModuleBehavior.class.php 第 7 行.
INFO: Run Common\Behavior\InitModuleBehavior [ RunTime:0.000000s ]
INFO: [ app_init ] --END-- [ RunTime:0.000000s ]
ERR: 无法加载模块:Public

[ 2017-04-08T13:21:54+08:00 ] 127.0.0.1 /Public/libs/jquery/1.x/jquery.min.js
INFO: [ app_init ] --START--
INFO: Run Behavior\BuildLiteBehavior [ RunTime:0.000000s ]
NOTIC: [8] Use of undefined constant MODULE_MARK - assumed 'MODULE_MARK' D:\phpStudy\WWW\thinkphp\admin.thinkphp.com\Application\Common\Behavior\InitModuleBehavior.class.php 第 7 行.
INFO: Run Common\Behavior\InitModuleBehavior [ RunTime:0.000000s ]
INFO: [ app_init ] --END-- [ RunTime:0.000000s ]
ERR: 无法加载模块:Public

[ 2017-04-08T13:21:56+08:00 ] 127.0.0.1 /Public/libs/jquery/1.x/jquery.min.js
INFO: [ app_init ] --START--
INFO: Run Behavior\BuildLiteBehavior [ RunTime:0.000000s ]
NOTIC: [8] Use of undefined constant MODULE_MARK - assumed 'MODULE_MARK' D:\phpStudy\WWW\thinkphp\admin.thinkphp.com\Application\Common\Behavior\InitModuleBehavior.class.php 第 7 行.
INFO: Run Common\Behavior\InitModuleBehavior [ RunTime:0.000000s ]
INFO: [ app_init ] --END-- [ RunTime:0.000000s ]
ERR: 无法加载模块:Public

[ 2017-04-08T13:21:57+08:00 ] 127.0.0.1 /Public/libs/jquery/1.x/jquery.min.js
INFO: [ app_init ] --START--
INFO: Run Behavior\BuildLiteBehavior [ RunTime:0.000000s ]
NOTIC: [8] Use of undefined constant MODULE_MARK - assumed 'MODULE_MARK' D:\phpStudy\WWW\thinkphp\admin.thinkphp.com\Application\Common\Behavior\InitModuleBehavior.class.php 第 7 行.
INFO: Run Common\Behavior\InitModuleBehavior [ RunTime:0.001000s ]
INFO: [ app_init ] --END-- [ RunTime:0.001000s ]
ERR: 无法加载模块:Public

[ 2017-04-08T13:21:58+08:00 ] 127.0.0.1 /Public/libs/jquery/1.x/jquery.min.js
INFO: [ app_init ] --START--
INFO: Run Behavior\BuildLiteBehavior [ RunTime:0.000000s ]
NOTIC: [8] Use of undefined constant MODULE_MARK - assumed 'MODULE_MARK' D:\phpStudy\WWW\thinkphp\admin.thinkphp.com\Application\Common\Behavior\InitModuleBehavior.class.php 第 7 行.
INFO: Run Common\Behavior\InitModuleBehavior [ RunTime:0.000000s ]
INFO: [ app_init ] --END-- [ RunTime:0.000000s ]
ERR: 无法加载模块:Public

[ 2017-04-08T13:21:59+08:00 ] 127.0.0.1 /Public/libs/jquery/1.x/jquery.min.js
INFO: [ app_init ] --START--
INFO: Run Behavior\BuildLiteBehavior [ RunTime:0.000000s ]
NOTIC: [8] Use of undefined constant MODULE_MARK - assumed 'MODULE_MARK' D:\phpStudy\WWW\thinkphp\admin.thinkphp.com\Application\Common\Behavior\InitModuleBehavior.class.php 第 7 行.
INFO: Run Common\Behavior\InitModuleBehavior [ RunTime:0.000000s ]
INFO: [ app_init ] --END-- [ RunTime:0.000000s ]
ERR: 无法加载模块:Public

[ 2017-04-08T13:22:03+08:00 ] 127.0.0.1 /Public/libs/jquery/1.x/jquery.min.js
INFO: [ app_init ] --START--
INFO: Run Behavior\BuildLiteBehavior [ RunTime:0.000000s ]
NOTIC: [8] Use of undefined constant MODULE_MARK - assumed 'MODULE_MARK' D:\phpStudy\WWW\thinkphp\admin.thinkphp.com\Application\Common\Behavior\InitModuleBehavior.class.php 第 7 行.
INFO: Run Common\Behavior\InitModuleBehavior [ RunTime:0.001000s ]
INFO: [ app_init ] --END-- [ RunTime:0.001000s ]
ERR: 无法加载模块:Public

[ 2017-04-08T13:22:06+08:00 ] 127.0.0.1 /Public/libs/jquery/1.x/jquery.min.js
INFO: [ app_init ] --START--
INFO: Run Behavior\BuildLiteBehavior [ RunTime:0.000000s ]
NOTIC: [8] Use of undefined constant MODULE_MARK - assumed 'MODULE_MARK' D:\phpStudy\WWW\thinkphp\admin.thinkphp.com\Application\Common\Behavior\InitModuleBehavior.class.php 第 7 行.
INFO: Run Common\Behavior\InitModuleBehavior [ RunTime:0.001000s ]
INFO: [ app_init ] --END-- [ RunTime:0.001000s ]
ERR: 无法加载模块:Public

[ 2017-04-08T13:24:19+08:00 ] 127.0.0.1 /Public/libs/jquery/1.x/jquery.min.js
INFO: [ app_init ] --START--
INFO: Run Behavior\BuildLiteBehavior [ RunTime:0.000000s ]
NOTIC: [8] Use of undefined constant MODULE_MARK - assumed 'MODULE_MARK' D:\phpStudy\WWW\thinkphp\admin.thinkphp.com\Application\Common\Behavior\InitModuleBehavior.class.php 第 7 行.
INFO: Run Common\Behavior\InitModuleBehavior [ RunTime:0.001000s ]
INFO: [ app_init ] --END-- [ RunTime:0.001000s ]
ERR: 无法加载模块:Public

[ 2017-04-08T13:33:06+08:00 ] 127.0.0.1 /Public/libs/jquery/1.x/jquery.min.js
INFO: [ app_init ] --START--
INFO: Run Behavior\BuildLiteBehavior [ RunTime:0.000000s ]
NOTIC: [8] Use of undefined constant MODULE_MARK - assumed 'MODULE_MARK' D:\phpStudy\WWW\thinkphp\admin.thinkphp.com\Application\Common\Behavior\InitModuleBehavior.class.php 第 7 行.
INFO: Run Common\Behavior\InitModuleBehavior [ RunTime:0.000000s ]
INFO: [ app_init ] --END-- [ RunTime:0.000000s ]
ERR: 无法加载模块:Public

[ 2017-04-08T16:23:41+08:00 ] 127.0.0.1 /Public/libs/jquery/1.x/jquery.min.js
INFO: [ app_init ] --START--
INFO: Run Behavior\BuildLiteBehavior [ RunTime:0.000000s ]
NOTIC: [8] Use of undefined constant MODULE_MARK - assumed 'MODULE_MARK' D:\phpStudy\WWW\thinkphp\admin.thinkphp.com\Application\Common\Behavior\InitModuleBehavior.class.php 第 7 行.
INFO: Run Common\Behavior\InitModuleBehavior [ RunTime:0.000000s ]
INFO: [ app_init ] --END-- [ RunTime:0.000000s ]
ERR: 无法加载模块:Public
NOTIC: [2] include(./Application/Home/View/Public/think/think_exception.tpl): failed to open stream: No such file or directory D:\phpStudy\WWW\thinkphp\admin.thinkphp.com\ThinkPHP\Library\Think\Think.class.php 第 314 行.
NOTIC: [2] include(): Failed opening './Application/Home/View/Public/think/think_exception.tpl' for inclusion (include_path='.;C:\php\pear') D:\phpStudy\WWW\thinkphp\admin.thinkphp.com\ThinkPHP\Library\Think\Think.class.php 第 314 行.

[ 2017-04-08T16:26:39+08:00 ] 127.0.0.1 /Public/libs/jquery/1.x/jquery.min.js
INFO: [ app_init ] --START--
INFO: Run Behavior\BuildLiteBehavior [ RunTime:0.000000s ]
NOTIC: [8] Use of undefined constant MODULE_MARK - assumed 'MODULE_MARK' D:\phpStudy\WWW\thinkphp\admin.thinkphp.com\Application\Common\Behavior\InitModuleBehavior.class.php 第 7 行.
INFO: Run Common\Behavior\InitModuleBehavior [ RunTime:0.000000s ]
INFO: [ app_init ] --END-- [ RunTime:0.000000s ]
ERR: 无法加载模块:Public
NOTIC: [2] include(./Application/Home/View/Public/think/think_exception.tpl): failed to open stream: No such file or directory D:\phpStudy\WWW\thinkphp\admin.thinkphp.com\ThinkPHP\Library\Think\Think.class.php 第 314 行.
NOTIC: [2] include(): Failed opening './Application/Home/View/Public/think/think_exception.tpl' for inclusion (include_path='.;C:\php\pear') D:\phpStudy\WWW\thinkphp\admin.thinkphp.com\ThinkPHP\Library\Think\Think.class.php 第 314 行.

[ 2017-04-08T16:27:43+08:00 ] 127.0.0.1 /Public/libs/jquery/1.x/jquery.min.js
INFO: [ app_init ] --START--
INFO: Run Behavior\BuildLiteBehavior [ RunTime:0.000000s ]
NOTIC: [8] Use of undefined constant MODULE_MARK - assumed 'MODULE_MARK' D:\phpStudy\WWW\thinkphp\admin.thinkphp.com\Application\Common\Behavior\InitModuleBehavior.class.php 第 7 行.
INFO: Run Common\Behavior\InitModuleBehavior [ RunTime:0.000000s ]
INFO: [ app_init ] --END-- [ RunTime:0.000000s ]
ERR: 无法加载模块:Public

[ 2017-04-08T16:32:37+08:00 ] 127.0.0.1 /Public/libs/jquery/1.x/jquery.min.js
INFO: [ app_init ] --START--
INFO: Run Behavior\BuildLiteBehavior [ RunTime:0.000000s ]
NOTIC: [8] Use of undefined constant MODULE_MARK - assumed 'MODULE_MARK' D:\phpStudy\WWW\thinkphp\admin.thinkphp.com\Application\Common\Behavior\InitModuleBehavior.class.php 第 7 行.
INFO: Run Common\Behavior\InitModuleBehavior [ RunTime:0.000000s ]
INFO: [ app_init ] --END-- [ RunTime:0.000000s ]
ERR: 无法加载模块:Public
NOTIC: [2] include(./Application/Home/View/Public/think/think_exception.tpl): failed to open stream: No such file or directory D:\phpStudy\WWW\thinkphp\admin.thinkphp.com\ThinkPHP\Library\Think\Think.class.php 第 314 行.
NOTIC: [2] include(): Failed opening './Application/Home/View/Public/think/think_exception.tpl' for inclusion (include_path='.;C:\php\pear') D:\phpStudy\WWW\thinkphp\admin.thinkphp.com\ThinkPHP\Library\Think\Think.class.php 第 314 行.

[ 2017-04-08T16:40:13+08:00 ] 127.0.0.1 /Public/libs/jquery/1.x/jquery.min.js
INFO: [ app_init ] --START--
INFO: Run Behavior\BuildLiteBehavior [ RunTime:0.000000s ]
NOTIC: [8] Use of undefined constant MODULE_MARK - assumed 'MODULE_MARK' D:\phpStudy\WWW\thinkphp\admin.thinkphp.com\Application\Common\Behavior\InitModuleBehavior.class.php 第 7 行.
INFO: Run Common\Behavior\InitModuleBehavior [ RunTime:0.001000s ]
INFO: [ app_init ] --END-- [ RunTime:0.001000s ]
ERR: 无法加载模块:Public
NOTIC: [2] include(./Application/Home/View/Public/think/think_exception.tpl): failed to open stream: No such file or directory D:\phpStudy\WWW\thinkphp\admin.thinkphp.com\ThinkPHP\Library\Think\Think.class.php 第 314 行.
NOTIC: [2] include(): Failed opening './Application/Home/View/Public/think/think_exception.tpl' for inclusion (include_path='.;C:\php\pear') D:\phpStudy\WWW\thinkphp\admin.thinkphp.com\ThinkPHP\Library\Think\Think.class.php 第 314 行.

[ 2017-04-08T16:49:01+08:00 ] 127.0.0.1 /Public/libs/jquery/1.x/jquery.min.js
INFO: [ app_init ] --START--
INFO: Run Behavior\BuildLiteBehavior [ RunTime:0.000000s ]
NOTIC: [8] Use of undefined constant MODULE_MARK - assumed 'MODULE_MARK' D:\phpStudy\WWW\thinkphp\admin.thinkphp.com\Application\Common\Behavior\InitModuleBehavior.class.php 第 7 行.
INFO: Run Common\Behavior\InitModuleBehavior [ RunTime:0.000000s ]
INFO: [ app_init ] --END-- [ RunTime:0.000000s ]
ERR: 无法加载模块:Public
NOTIC: [2] include(./Application/Home/View/Public/think/think_exception.tpl): failed to open stream: No such file or directory D:\phpStudy\WWW\thinkphp\admin.thinkphp.com\ThinkPHP\Library\Think\Think.class.php 第 314 行.
NOTIC: [2] include(): Failed opening './Application/Home/View/Public/think/think_exception.tpl' for inclusion (include_path='.;C:\php\pear') D:\phpStudy\WWW\thinkphp\admin.thinkphp.com\ThinkPHP\Library\Think\Think.class.php 第 314 行.

[ 2017-04-08T16:50:40+08:00 ] 127.0.0.1 /Public/libs/jquery/1.x/jquery.min.js
INFO: [ app_init ] --START--
INFO: Run Behavior\BuildLiteBehavior [ RunTime:0.000000s ]
NOTIC: [8] Use of undefined constant MODULE_MARK - assumed 'MODULE_MARK' D:\phpStudy\WWW\thinkphp\admin.thinkphp.com\Application\Common\Behavior\InitModuleBehavior.class.php 第 7 行.
INFO: Run Common\Behavior\InitModuleBehavior [ RunTime:0.000000s ]
INFO: [ app_init ] --END-- [ RunTime:0.000000s ]
ERR: 无法加载模块:Public
NOTIC: [2] include(./Application/Home/View/Public/think/think_exception.tpl): failed to open stream: No such file or directory D:\phpStudy\WWW\thinkphp\admin.thinkphp.com\ThinkPHP\Library\Think\Think.class.php 第 314 行.
NOTIC: [2] include(): Failed opening './Application/Home/View/Public/think/think_exception.tpl' for inclusion (include_path='.;C:\php\pear') D:\phpStudy\WWW\thinkphp\admin.thinkphp.com\ThinkPHP\Library\Think\Think.class.php 第 314 行.

[ 2017-04-08T16:52:44+08:00 ] 127.0.0.1 /Public/libs/jquery/1.x/jquery.min.js
INFO: [ app_init ] --START--
INFO: Run Behavior\BuildLiteBehavior [ RunTime:0.000000s ]
NOTIC: [8] Use of undefined constant MODULE_MARK - assumed 'MODULE_MARK' D:\phpStudy\WWW\thinkphp\admin.thinkphp.com\Application\Common\Behavior\InitModuleBehavior.class.php 第 7 行.
INFO: Run Common\Behavior\InitModuleBehavior [ RunTime:0.001000s ]
INFO: [ app_init ] --END-- [ RunTime:0.001000s ]
ERR: 无法加载模块:Public
NOTIC: [2] include(./Application/Home/View/Public/think/exception.tpl): failed to open stream: No such file or directory D:\phpStudy\WWW\thinkphp\admin.thinkphp.com\ThinkPHP\Library\Think\Think.class.php 第 314 行.
NOTIC: [2] include(): Failed opening './Application/Home/View/Public/think/exception.tpl' for inclusion (include_path='.;C:\php\pear') D:\phpStudy\WWW\thinkphp\admin.thinkphp.com\ThinkPHP\Library\Think\Think.class.php 第 314 行.

[ 2017-04-08T16:53:18+08:00 ] 127.0.0.1 /Public/libs/jquery/1.x/jquery.min.js
INFO: [ app_init ] --START--
INFO: Run Behavior\BuildLiteBehavior [ RunTime:0.000000s ]
NOTIC: [8] Use of undefined constant MODULE_MARK - assumed 'MODULE_MARK' D:\phpStudy\WWW\thinkphp\admin.thinkphp.com\Application\Common\Behavior\InitModuleBehavior.class.php 第 7 行.
INFO: Run Common\Behavior\InitModuleBehavior [ RunTime:0.000000s ]
INFO: [ app_init ] --END-- [ RunTime:0.000000s ]
ERR: 无法加载模块:Public
NOTIC: [2] include(./Application/Home/View/Public/think/exception.tpl): failed to open stream: No such file or directory D:\phpStudy\WWW\thinkphp\admin.thinkphp.com\ThinkPHP\Library\Think\Think.class.php 第 314 行.
NOTIC: [2] include(): Failed opening './Application/Home/View/Public/think/exception.tpl' for inclusion (include_path='.;C:\php\pear') D:\phpStudy\WWW\thinkphp\admin.thinkphp.com\ThinkPHP\Library\Think\Think.class.php 第 314 行.

[ 2017-04-08T16:54:30+08:00 ] 127.0.0.1 /Public/libs/jquery/1.x/jquery.min.js
INFO: [ app_init ] --START--
INFO: Run Behavior\BuildLiteBehavior [ RunTime:0.000000s ]
NOTIC: [8] Use of undefined constant MODULE_MARK - assumed 'MODULE_MARK' D:\phpStudy\WWW\thinkphp\admin.thinkphp.com\Application\Common\Behavior\InitModuleBehavior.class.php 第 7 行.
INFO: Run Common\Behavior\InitModuleBehavior [ RunTime:0.000000s ]
INFO: [ app_init ] --END-- [ RunTime:0.000000s ]
ERR: 无法加载模块:Public

[ 2017-04-08T16:55:20+08:00 ] 127.0.0.1 /Public/libs/jquery/1.x/jquery.min.js
INFO: [ app_init ] --START--
INFO: Run Behavior\BuildLiteBehavior [ RunTime:0.000000s ]
NOTIC: [8] Use of undefined constant MODULE_MARK - assumed 'MODULE_MARK' D:\phpStudy\WWW\thinkphp\admin.thinkphp.com\Application\Common\Behavior\InitModuleBehavior.class.php 第 7 行.
INFO: Run Common\Behavior\InitModuleBehavior [ RunTime:0.000000s ]
INFO: [ app_init ] --END-- [ RunTime:0.000000s ]
ERR: 无法加载模块:Public

