[ 2017-04-08T08:55:21+08:00 ] 127.0.0.1 /admin
INFO: [ app_init ] --START--
INFO: Run Behavior\BuildLiteBehavior [ RunTime:0.000000s ]
INFO: [ app_init ] --END-- [ RunTime:0.000000s ]
INFO: [ app_begin ] --START--
INFO: Run Behavior\ReadHtmlCacheBehavior [ RunTime:0.000000s ]
INFO: [ app_begin ] --END-- [ RunTime:0.000000s ]
INFO: [ app_end ] --START--
INFO: Run Behavior\ShowPageTraceBehavior [ RunTime:0.002000s ]
INFO: [ app_end ] --END-- [ RunTime:0.002000s ]

[ 2017-04-08T09:01:11+08:00 ] 127.0.0.1 /admin
INFO: [ app_init ] --START--
INFO: Run Behavior\BuildLiteBehavior [ RunTime:0.000000s ]
INFO: [ app_init ] --END-- [ RunTime:0.000000s ]
INFO: [ app_begin ] --START--
INFO: Run Behavior\ReadHtmlCacheBehavior [ RunTime:0.001000s ]
INFO: [ app_begin ] --END-- [ RunTime:0.001000s ]
INFO: [ app_end ] --START--
INFO: Run Behavior\ShowPageTraceBehavior [ RunTime:0.001000s ]
INFO: [ app_end ] --END-- [ RunTime:0.001000s ]

[ 2017-04-08T09:01:16+08:00 ] 127.0.0.1 /admin
INFO: [ app_init ] --START--
INFO: Run Behavior\BuildLiteBehavior [ RunTime:0.000000s ]
INFO: [ app_init ] --END-- [ RunTime:0.000000s ]
INFO: [ app_begin ] --START--
INFO: Run Behavior\ReadHtmlCacheBehavior [ RunTime:0.001000s ]
INFO: [ app_begin ] --END-- [ RunTime:0.001000s ]
INFO: [ app_end ] --START--
INFO: Run Behavior\ShowPageTraceBehavior [ RunTime:0.001000s ]
INFO: [ app_end ] --END-- [ RunTime:0.001000s ]

[ 2017-04-08T09:01:17+08:00 ] 127.0.0.1 /admin
INFO: [ app_init ] --START--
INFO: Run Behavior\BuildLiteBehavior [ RunTime:0.000000s ]
INFO: [ app_init ] --END-- [ RunTime:0.000000s ]
INFO: [ app_begin ] --START--
INFO: Run Behavior\ReadHtmlCacheBehavior [ RunTime:0.001000s ]
INFO: [ app_begin ] --END-- [ RunTime:0.001000s ]
INFO: [ app_end ] --START--
INFO: Run Behavior\ShowPageTraceBehavior [ RunTime:0.001000s ]
INFO: [ app_end ] --END-- [ RunTime:0.001000s ]

[ 2017-04-08T09:01:30+08:00 ] 127.0.0.1 /admin
INFO: [ app_init ] --START--
INFO: Run Behavior\BuildLiteBehavior [ RunTime:0.000000s ]
INFO: [ app_init ] --END-- [ RunTime:0.000000s ]
INFO: [ app_begin ] --START--
INFO: Run Behavior\ReadHtmlCacheBehavior [ RunTime:0.001000s ]
INFO: [ app_begin ] --END-- [ RunTime:0.001000s ]
INFO: [ app_end ] --START--
INFO: Run Behavior\ShowPageTraceBehavior [ RunTime:0.000000s ]
INFO: [ app_end ] --END-- [ RunTime:0.000000s ]

[ 2017-04-08T09:01:31+08:00 ] 127.0.0.1 /admin
INFO: [ app_init ] --START--
INFO: Run Behavior\BuildLiteBehavior [ RunTime:0.000000s ]
INFO: [ app_init ] --END-- [ RunTime:0.000000s ]
INFO: [ app_begin ] --START--
INFO: Run Behavior\ReadHtmlCacheBehavior [ RunTime:0.000000s ]
INFO: [ app_begin ] --END-- [ RunTime:0.000000s ]
INFO: [ app_end ] --START--
INFO: Run Behavior\ShowPageTraceBehavior [ RunTime:0.001001s ]
INFO: [ app_end ] --END-- [ RunTime:0.001001s ]

[ 2017-04-08T09:01:33+08:00 ] 127.0.0.1 /admin
INFO: [ app_init ] --START--
INFO: Run Behavior\BuildLiteBehavior [ RunTime:0.000000s ]
INFO: [ app_init ] --END-- [ RunTime:0.000000s ]
INFO: [ app_begin ] --START--
INFO: Run Behavior\ReadHtmlCacheBehavior [ RunTime:0.001000s ]
INFO: [ app_begin ] --END-- [ RunTime:0.001000s ]
INFO: [ app_end ] --START--
INFO: Run Behavior\ShowPageTraceBehavior [ RunTime:0.000000s ]
INFO: [ app_end ] --END-- [ RunTime:0.000000s ]

[ 2017-04-08T09:01:45+08:00 ] 127.0.0.1 /admin
INFO: [ app_init ] --START--
INFO: Run Behavior\BuildLiteBehavior [ RunTime:0.000000s ]
INFO: [ app_init ] --END-- [ RunTime:0.001001s ]
INFO: [ app_begin ] --START--
INFO: Run Behavior\ReadHtmlCacheBehavior [ RunTime:0.001000s ]
INFO: [ app_begin ] --END-- [ RunTime:0.001000s ]
INFO: [ app_end ] --START--
INFO: Run Behavior\ShowPageTraceBehavior [ RunTime:0.001000s ]
INFO: [ app_end ] --END-- [ RunTime:0.001000s ]

[ 2017-04-08T09:01:51+08:00 ] 127.0.0.1 /admin.ph
INFO: [ app_init ] --START--
INFO: Run Behavior\BuildLiteBehavior [ RunTime:0.000000s ]
INFO: [ app_init ] --END-- [ RunTime:0.000000s ]
INFO: [ app_begin ] --START--
INFO: Run Behavior\ReadHtmlCacheBehavior [ RunTime:0.001000s ]
INFO: [ app_begin ] --END-- [ RunTime:0.001000s ]
INFO: [ app_end ] --START--
INFO: Run Behavior\ShowPageTraceBehavior [ RunTime:0.001000s ]
INFO: [ app_end ] --END-- [ RunTime:0.001000s ]

[ 2017-04-08T13:02:29+08:00 ] 127.0.0.1 /admin
INFO: [ app_init ] --START--
INFO: Run Behavior\BuildLiteBehavior [ RunTime:0.000000s ]
NOTIC: [8] Use of undefined constant MODULE_MARK - assumed 'MODULE_MARK' D:\phpStudy\WWW\thinkphp\admin.thinkphp.com\Application\Common\Behavior\InitModuleBehavior.class.php 第 7 行.
INFO: Run Common\Behavior\InitModuleBehavior [ RunTime:0.000000s ]
INFO: [ app_init ] --END-- [ RunTime:0.000000s ]
INFO: [ app_begin ] --START--
INFO: Run Behavior\ReadHtmlCacheBehavior [ RunTime:0.000000s ]
INFO: [ app_begin ] --END-- [ RunTime:0.000000s ]

[ 2017-04-08T13:02:39+08:00 ] 127.0.0.1 /admin
INFO: [ app_init ] --START--
INFO: Run Behavior\BuildLiteBehavior [ RunTime:0.000000s ]
NOTIC: [8] Use of undefined constant MODULE_MARK - assumed 'MODULE_MARK' D:\phpStudy\WWW\thinkphp\admin.thinkphp.com\Application\Common\Behavior\InitModuleBehavior.class.php 第 7 行.
INFO: Run Common\Behavior\InitModuleBehavior [ RunTime:0.001000s ]
INFO: [ app_init ] --END-- [ RunTime:0.001000s ]
INFO: [ app_begin ] --START--
INFO: Run Behavior\ReadHtmlCacheBehavior [ RunTime:0.001000s ]
INFO: [ app_begin ] --END-- [ RunTime:0.001000s ]

[ 2017-04-08T13:05:28+08:00 ] 127.0.0.1 /admin
INFO: [ app_init ] --START--
INFO: Run Behavior\BuildLiteBehavior [ RunTime:0.000000s ]
NOTIC: [8] Use of undefined constant MODULE_MARK - assumed 'MODULE_MARK' D:\phpStudy\WWW\thinkphp\admin.thinkphp.com\Application\Common\Behavior\InitModuleBehavior.class.php 第 7 行.
INFO: Run Common\Behavior\InitModuleBehavior [ RunTime:0.001000s ]
INFO: [ app_init ] --END-- [ RunTime:0.001000s ]
INFO: [ app_begin ] --START--
INFO: Run Behavior\ReadHtmlCacheBehavior [ RunTime:0.000000s ]
INFO: [ app_begin ] --END-- [ RunTime:0.001000s ]
INFO: [ app_end ] --START--
INFO: Run Behavior\ShowPageTraceBehavior [ RunTime:0.000000s ]
INFO: [ app_end ] --END-- [ RunTime:0.000000s ]

[ 2017-04-08T13:11:12+08:00 ] 127.0.0.1 /admin
INFO: [ app_init ] --START--
INFO: Run Behavior\BuildLiteBehavior [ RunTime:0.000000s ]
NOTIC: [8] Use of undefined constant MODULE_MARK - assumed 'MODULE_MARK' D:\phpStudy\WWW\thinkphp\admin.thinkphp.com\Application\Common\Behavior\InitModuleBehavior.class.php 第 7 行.
INFO: Run Common\Behavior\InitModuleBehavior [ RunTime:0.000000s ]
INFO: [ app_init ] --END-- [ RunTime:0.000000s ]
INFO: [ app_begin ] --START--
INFO: Run Behavior\ReadHtmlCacheBehavior [ RunTime:0.000000s ]
INFO: [ app_begin ] --END-- [ RunTime:0.000000s ]
ERR: 1146:Table 'lyadmin.lyadmin_user' doesn't exist
 [ SQL语句 ] : SHOW COLUMNS FROM `lyadmin_user`
ERR: 1146:Table 'lyadmin.lyadmin_user' doesn't exist
 [ SQL语句 ] : SHOW COLUMNS FROM `lyadmin_user`

[ 2017-04-08T13:11:52+08:00 ] 127.0.0.1 /admin
INFO: [ app_init ] --START--
INFO: Run Behavior\BuildLiteBehavior [ RunTime:0.000000s ]
NOTIC: [8] Use of undefined constant MODULE_MARK - assumed 'MODULE_MARK' D:\phpStudy\WWW\thinkphp\admin.thinkphp.com\Application\Common\Behavior\InitModuleBehavior.class.php 第 7 行.
INFO: Run Common\Behavior\InitModuleBehavior [ RunTime:0.001000s ]
INFO: [ app_init ] --END-- [ RunTime:0.001000s ]
INFO: [ app_begin ] --START--
INFO: Run Behavior\ReadHtmlCacheBehavior [ RunTime:0.001000s ]
INFO: [ app_begin ] --END-- [ RunTime:0.001000s ]
ERR: 1146:Table 'lyadmin.lyadmin_user' doesn't exist
 [ SQL语句 ] : SHOW COLUMNS FROM `lyadmin_user`
ERR: 1146:Table 'lyadmin.lyadmin_user' doesn't exist
 [ SQL语句 ] : SHOW COLUMNS FROM `lyadmin_user`

[ 2017-04-08T13:14:17+08:00 ] 127.0.0.1 /admin
INFO: [ app_init ] --START--
INFO: Run Behavior\BuildLiteBehavior [ RunTime:0.000000s ]
NOTIC: [8] Use of undefined constant MODULE_MARK - assumed 'MODULE_MARK' D:\phpStudy\WWW\thinkphp\admin.thinkphp.com\Application\Common\Behavior\InitModuleBehavior.class.php 第 7 行.
INFO: Run Common\Behavior\InitModuleBehavior [ RunTime:0.001000s ]
INFO: [ app_init ] --END-- [ RunTime:0.001000s ]
INFO: [ app_begin ] --START--
INFO: Run Behavior\ReadHtmlCacheBehavior [ RunTime:0.001000s ]
INFO: [ app_begin ] --END-- [ RunTime:0.001000s ]
ERR: 1146:Table 'lyadmin.lyadmin_user' doesn't exist
 [ SQL语句 ] : SHOW COLUMNS FROM `lyadmin_user`
ERR: 1146:Table 'lyadmin.lyadmin_user' doesn't exist
 [ SQL语句 ] : SHOW COLUMNS FROM `lyadmin_user`

[ 2017-04-08T13:14:18+08:00 ] 127.0.0.1 /admin
INFO: [ app_init ] --START--
INFO: Run Behavior\BuildLiteBehavior [ RunTime:0.000000s ]
NOTIC: [8] Use of undefined constant MODULE_MARK - assumed 'MODULE_MARK' D:\phpStudy\WWW\thinkphp\admin.thinkphp.com\Application\Common\Behavior\InitModuleBehavior.class.php 第 7 行.
INFO: Run Common\Behavior\InitModuleBehavior [ RunTime:0.001000s ]
INFO: [ app_init ] --END-- [ RunTime:0.001000s ]
INFO: [ app_begin ] --START--
INFO: Run Behavior\ReadHtmlCacheBehavior [ RunTime:0.001000s ]
INFO: [ app_begin ] --END-- [ RunTime:0.001000s ]
ERR: 1146:Table 'lyadmin.lyadmin_user' doesn't exist
 [ SQL语句 ] : SHOW COLUMNS FROM `lyadmin_user`
ERR: 1146:Table 'lyadmin.lyadmin_user' doesn't exist
 [ SQL语句 ] : SHOW COLUMNS FROM `lyadmin_user`

[ 2017-04-08T13:14:20+08:00 ] 127.0.0.1 /admin
INFO: [ app_init ] --START--
INFO: Run Behavior\BuildLiteBehavior [ RunTime:0.000000s ]
NOTIC: [8] Use of undefined constant MODULE_MARK - assumed 'MODULE_MARK' D:\phpStudy\WWW\thinkphp\admin.thinkphp.com\Application\Common\Behavior\InitModuleBehavior.class.php 第 7 行.
INFO: Run Common\Behavior\InitModuleBehavior [ RunTime:0.000000s ]
INFO: [ app_init ] --END-- [ RunTime:0.001000s ]
INFO: [ app_begin ] --START--
INFO: Run Behavior\ReadHtmlCacheBehavior [ RunTime:0.001000s ]
INFO: [ app_begin ] --END-- [ RunTime:0.001000s ]
ERR: 1146:Table 'lyadmin.lyadmin_user' doesn't exist
 [ SQL语句 ] : SHOW COLUMNS FROM `lyadmin_user`
ERR: 1146:Table 'lyadmin.lyadmin_user' doesn't exist
 [ SQL语句 ] : SHOW COLUMNS FROM `lyadmin_user`

[ 2017-04-08T13:15:48+08:00 ] 127.0.0.1 /admin
INFO: [ app_init ] --START--
INFO: Run Behavior\BuildLiteBehavior [ RunTime:0.000000s ]
NOTIC: [8] Use of undefined constant MODULE_MARK - assumed 'MODULE_MARK' D:\phpStudy\WWW\thinkphp\admin.thinkphp.com\Application\Common\Behavior\InitModuleBehavior.class.php 第 7 行.
INFO: Run Common\Behavior\InitModuleBehavior [ RunTime:0.001000s ]
INFO: [ app_init ] --END-- [ RunTime:0.001000s ]
INFO: [ app_begin ] --START--
INFO: Run Behavior\ReadHtmlCacheBehavior [ RunTime:0.001000s ]
INFO: [ app_begin ] --END-- [ RunTime:0.001000s ]
SQL: SHOW COLUMNS FROM `ly_admin_user` [ RunTime:0.0850s ]

[ 2017-04-08T13:15:48+08:00 ] 127.0.0.1 /index.php/Admin/Public/login.html
INFO: [ app_init ] --START--
INFO: Run Behavior\BuildLiteBehavior [ RunTime:0.000000s ]
NOTIC: [8] Use of undefined constant MODULE_MARK - assumed 'MODULE_MARK' D:\phpStudy\WWW\thinkphp\admin.thinkphp.com\Application\Common\Behavior\InitModuleBehavior.class.php 第 7 行.
INFO: Run Common\Behavior\InitModuleBehavior [ RunTime:0.001000s ]
INFO: [ app_init ] --END-- [ RunTime:0.001000s ]
INFO: [ app_begin ] --START--
INFO: Run Behavior\ReadHtmlCacheBehavior [ RunTime:0.001000s ]
INFO: [ app_begin ] --END-- [ RunTime:0.001000s ]
SQL: SHOW COLUMNS FROM `ly_admin_user` [ RunTime:0.0030s ]
INFO: [ view_parse ] --START--
INFO: [ template_filter ] --START--
INFO: Run Behavior\ContentReplaceBehavior [ RunTime:0.009000s ]
INFO: [ template_filter ] --END-- [ RunTime:0.009000s ]
NOTIC: [8] Undefined variable: meta_keywords D:\phpStudy\WWW\thinkphp\admin.thinkphp.com\Application\Runtime\Cache\Admin\3c5566b2bfbf6ef00ac5366ba47246fe.php 第 9 行.
NOTIC: [8] Undefined variable: meta_description D:\phpStudy\WWW\thinkphp\admin.thinkphp.com\Application\Runtime\Cache\Admin\3c5566b2bfbf6ef00ac5366ba47246fe.php 第 10 行.
NOTIC: [8] Undefined variable: _page_name D:\phpStudy\WWW\thinkphp\admin.thinkphp.com\Application\Runtime\Cache\Admin\3c5566b2bfbf6ef00ac5366ba47246fe.php 第 202 行.
NOTIC: [8] Undefined variable: _admin_tabs D:\phpStudy\WWW\thinkphp\admin.thinkphp.com\Application\Runtime\Cache\Admin\3c5566b2bfbf6ef00ac5366ba47246fe.php 第 257 行.
INFO: Run Behavior\ParseTemplateBehavior [ RunTime:0.095006s ]
INFO: [ view_parse ] --END-- [ RunTime:0.095006s ]
INFO: [ view_filter ] --START--
INFO: Run Behavior\WriteHtmlCacheBehavior [ RunTime:0.001000s ]
INFO: [ view_filter ] --END-- [ RunTime:0.001000s ]

[ 2017-04-08T13:15:48+08:00 ] 127.0.0.1 /index.php/Admin/Public/__ADMIN_CSS__/.css
INFO: [ app_init ] --START--
INFO: Run Behavior\BuildLiteBehavior [ RunTime:0.000000s ]
NOTIC: [8] Use of undefined constant MODULE_MARK - assumed 'MODULE_MARK' D:\phpStudy\WWW\thinkphp\admin.thinkphp.com\Application\Common\Behavior\InitModuleBehavior.class.php 第 7 行.
INFO: Run Common\Behavior\InitModuleBehavior [ RunTime:0.000000s ]
INFO: [ app_init ] --END-- [ RunTime:0.000000s ]
INFO: [ app_begin ] --START--
INFO: Run Behavior\ReadHtmlCacheBehavior [ RunTime:0.000000s ]
INFO: [ app_begin ] --END-- [ RunTime:0.000000s ]
ERR: 非法操作:__ADMIN_CSS__

[ 2017-04-08T13:15:49+08:00 ] 127.0.0.1 /index.php/Admin/Public/__LYUI__/css/lyui.min.css
INFO: [ app_init ] --START--
INFO: Run Behavior\BuildLiteBehavior [ RunTime:0.000000s ]
NOTIC: [8] Use of undefined constant MODULE_MARK - assumed 'MODULE_MARK' D:\phpStudy\WWW\thinkphp\admin.thinkphp.com\Application\Common\Behavior\InitModuleBehavior.class.php 第 7 行.
INFO: Run Common\Behavior\InitModuleBehavior [ RunTime:0.001000s ]
INFO: [ app_init ] --END-- [ RunTime:0.001000s ]
INFO: [ app_begin ] --START--
INFO: Run Behavior\ReadHtmlCacheBehavior [ RunTime:0.000000s ]
INFO: [ app_begin ] --END-- [ RunTime:0.000000s ]
ERR: 非法操作:__LYUI__

[ 2017-04-08T13:15:49+08:00 ] 127.0.0.1 /index.php/Admin/Public/__LYUI__/js/lyui.min.js
INFO: [ app_init ] --START--
INFO: Run Behavior\BuildLiteBehavior [ RunTime:0.000000s ]
NOTIC: [8] Use of undefined constant MODULE_MARK - assumed 'MODULE_MARK' D:\phpStudy\WWW\thinkphp\admin.thinkphp.com\Application\Common\Behavior\InitModuleBehavior.class.php 第 7 行.
INFO: Run Common\Behavior\InitModuleBehavior [ RunTime:0.001000s ]
INFO: [ app_init ] --END-- [ RunTime:0.001000s ]
INFO: [ app_begin ] --START--
INFO: Run Behavior\ReadHtmlCacheBehavior [ RunTime:0.000000s ]
INFO: [ app_begin ] --END-- [ RunTime:0.000000s ]
ERR: 非法操作:__LYUI__

[ 2017-04-08T13:15:49+08:00 ] 127.0.0.1 /index.php/Admin/Public/__ADMIN_JS__/admin.js
INFO: [ app_init ] --START--
INFO: Run Behavior\BuildLiteBehavior [ RunTime:0.000000s ]
NOTIC: [8] Use of undefined constant MODULE_MARK - assumed 'MODULE_MARK' D:\phpStudy\WWW\thinkphp\admin.thinkphp.com\Application\Common\Behavior\InitModuleBehavior.class.php 第 7 行.
INFO: Run Common\Behavior\InitModuleBehavior [ RunTime:0.001000s ]
INFO: [ app_init ] --END-- [ RunTime:0.001000s ]
INFO: [ app_begin ] --START--
INFO: Run Behavior\ReadHtmlCacheBehavior [ RunTime:0.000000s ]
INFO: [ app_begin ] --END-- [ RunTime:0.000000s ]
ERR: 非法操作:__ADMIN_JS__

[ 2017-04-08T13:15:49+08:00 ] 127.0.0.1 /index.php/Admin/Public/__LYUI__/js/lyui.min.js
INFO: [ app_init ] --START--
INFO: Run Behavior\BuildLiteBehavior [ RunTime:0.000000s ]
NOTIC: [8] Use of undefined constant MODULE_MARK - assumed 'MODULE_MARK' D:\phpStudy\WWW\thinkphp\admin.thinkphp.com\Application\Common\Behavior\InitModuleBehavior.class.php 第 7 行.
INFO: Run Common\Behavior\InitModuleBehavior [ RunTime:0.001000s ]
INFO: [ app_init ] --END-- [ RunTime:0.001000s ]
INFO: [ app_begin ] --START--
INFO: Run Behavior\ReadHtmlCacheBehavior [ RunTime:0.001000s ]
INFO: [ app_begin ] --END-- [ RunTime:0.001000s ]
ERR: 非法操作:__LYUI__

[ 2017-04-08T13:15:49+08:00 ] 127.0.0.1 /index.php/Admin/Public/__ADMIN_JS__/admin.js
INFO: [ app_init ] --START--
INFO: Run Behavior\BuildLiteBehavior [ RunTime:0.000000s ]
NOTIC: [8] Use of undefined constant MODULE_MARK - assumed 'MODULE_MARK' D:\phpStudy\WWW\thinkphp\admin.thinkphp.com\Application\Common\Behavior\InitModuleBehavior.class.php 第 7 行.
INFO: Run Common\Behavior\InitModuleBehavior [ RunTime:0.000000s ]
INFO: [ app_init ] --END-- [ RunTime:0.000000s ]
INFO: [ app_begin ] --START--
INFO: Run Behavior\ReadHtmlCacheBehavior [ RunTime:0.000000s ]
INFO: [ app_begin ] --END-- [ RunTime:0.000000s ]
ERR: 非法操作:__ADMIN_JS__

[ 2017-04-08T13:15:49+08:00 ] 127.0.0.1 /index.php/Admin/Index/index.html
INFO: [ app_init ] --START--
INFO: Run Behavior\BuildLiteBehavior [ RunTime:0.000000s ]
NOTIC: [8] Use of undefined constant MODULE_MARK - assumed 'MODULE_MARK' D:\phpStudy\WWW\thinkphp\admin.thinkphp.com\Application\Common\Behavior\InitModuleBehavior.class.php 第 7 行.
INFO: Run Common\Behavior\InitModuleBehavior [ RunTime:0.000000s ]
INFO: [ app_init ] --END-- [ RunTime:0.000000s ]
INFO: [ app_begin ] --START--
INFO: Run Behavior\ReadHtmlCacheBehavior [ RunTime:0.001000s ]
INFO: [ app_begin ] --END-- [ RunTime:0.001000s ]
SQL: SHOW COLUMNS FROM `ly_admin_user` [ RunTime:0.0030s ]

[ 2017-04-08T13:15:49+08:00 ] 127.0.0.1 /index.php/Admin/Public/login.html
INFO: [ app_init ] --START--
INFO: Run Behavior\BuildLiteBehavior [ RunTime:0.000000s ]
NOTIC: [8] Use of undefined constant MODULE_MARK - assumed 'MODULE_MARK' D:\phpStudy\WWW\thinkphp\admin.thinkphp.com\Application\Common\Behavior\InitModuleBehavior.class.php 第 7 行.
INFO: Run Common\Behavior\InitModuleBehavior [ RunTime:0.001000s ]
INFO: [ app_init ] --END-- [ RunTime:0.001000s ]
INFO: [ app_begin ] --START--
INFO: Run Behavior\ReadHtmlCacheBehavior [ RunTime:0.001000s ]
INFO: [ app_begin ] --END-- [ RunTime:0.001000s ]
SQL: SHOW COLUMNS FROM `ly_admin_user` [ RunTime:0.0020s ]
INFO: [ view_parse ] --START--
INFO: [ template_filter ] --START--
INFO: Run Behavior\ContentReplaceBehavior [ RunTime:0.000000s ]
INFO: [ template_filter ] --END-- [ RunTime:0.000000s ]
NOTIC: [8] Undefined variable: meta_keywords D:\phpStudy\WWW\thinkphp\admin.thinkphp.com\Application\Runtime\Cache\Admin\3c5566b2bfbf6ef00ac5366ba47246fe.php 第 9 行.
NOTIC: [8] Undefined variable: meta_description D:\phpStudy\WWW\thinkphp\admin.thinkphp.com\Application\Runtime\Cache\Admin\3c5566b2bfbf6ef00ac5366ba47246fe.php 第 10 行.
NOTIC: [8] Undefined variable: _page_name D:\phpStudy\WWW\thinkphp\admin.thinkphp.com\Application\Runtime\Cache\Admin\3c5566b2bfbf6ef00ac5366ba47246fe.php 第 202 行.
NOTIC: [8] Undefined variable: _admin_tabs D:\phpStudy\WWW\thinkphp\admin.thinkphp.com\Application\Runtime\Cache\Admin\3c5566b2bfbf6ef00ac5366ba47246fe.php 第 257 行.
INFO: Run Behavior\ParseTemplateBehavior [ RunTime:0.010000s ]
INFO: [ view_parse ] --END-- [ RunTime:0.010000s ]
INFO: [ view_filter ] --START--
INFO: Run Behavior\WriteHtmlCacheBehavior [ RunTime:0.001000s ]
INFO: [ view_filter ] --END-- [ RunTime:0.001000s ]

[ 2017-04-08T13:15:49+08:00 ] 127.0.0.1 /index.php/Admin/Public/__ADMIN_CSS__/.css
INFO: [ app_init ] --START--
INFO: Run Behavior\BuildLiteBehavior [ RunTime:0.000000s ]
NOTIC: [8] Use of undefined constant MODULE_MARK - assumed 'MODULE_MARK' D:\phpStudy\WWW\thinkphp\admin.thinkphp.com\Application\Common\Behavior\InitModuleBehavior.class.php 第 7 行.
INFO: Run Common\Behavior\InitModuleBehavior [ RunTime:0.001000s ]
INFO: [ app_init ] --END-- [ RunTime:0.001000s ]
INFO: [ app_begin ] --START--
INFO: Run Behavior\ReadHtmlCacheBehavior [ RunTime:0.001000s ]
INFO: [ app_begin ] --END-- [ RunTime:0.001000s ]
ERR: 非法操作:__ADMIN_CSS__

[ 2017-04-08T13:15:49+08:00 ] 127.0.0.1 /index.php/Admin/Public/__LYUI__/css/lyui.min.css
INFO: [ app_init ] --START--
INFO: Run Behavior\BuildLiteBehavior [ RunTime:0.000000s ]
NOTIC: [8] Use of undefined constant MODULE_MARK - assumed 'MODULE_MARK' D:\phpStudy\WWW\thinkphp\admin.thinkphp.com\Application\Common\Behavior\InitModuleBehavior.class.php 第 7 行.
INFO: Run Common\Behavior\InitModuleBehavior [ RunTime:0.000000s ]
INFO: [ app_init ] --END-- [ RunTime:0.000000s ]
INFO: [ app_begin ] --START--
INFO: Run Behavior\ReadHtmlCacheBehavior [ RunTime:0.001000s ]
INFO: [ app_begin ] --END-- [ RunTime:0.001000s ]
ERR: 非法操作:__LYUI__

[ 2017-04-08T13:15:49+08:00 ] 127.0.0.1 /index.php/Admin/Public/__LYUI__/js/lyui.min.js
INFO: [ app_init ] --START--
INFO: Run Behavior\BuildLiteBehavior [ RunTime:0.000000s ]
NOTIC: [8] Use of undefined constant MODULE_MARK - assumed 'MODULE_MARK' D:\phpStudy\WWW\thinkphp\admin.thinkphp.com\Application\Common\Behavior\InitModuleBehavior.class.php 第 7 行.
INFO: Run Common\Behavior\InitModuleBehavior [ RunTime:0.000000s ]
INFO: [ app_init ] --END-- [ RunTime:0.000000s ]
INFO: [ app_begin ] --START--
INFO: Run Behavior\ReadHtmlCacheBehavior [ RunTime:0.001000s ]
INFO: [ app_begin ] --END-- [ RunTime:0.001000s ]
ERR: 非法操作:__LYUI__

[ 2017-04-08T13:15:49+08:00 ] 127.0.0.1 /index.php/Admin/Public/__LYUI__/js/lyui.min.js
INFO: [ app_init ] --START--
INFO: Run Behavior\BuildLiteBehavior [ RunTime:0.000000s ]
NOTIC: [8] Use of undefined constant MODULE_MARK - assumed 'MODULE_MARK' D:\phpStudy\WWW\thinkphp\admin.thinkphp.com\Application\Common\Behavior\InitModuleBehavior.class.php 第 7 行.
INFO: Run Common\Behavior\InitModuleBehavior [ RunTime:0.001000s ]
INFO: [ app_init ] --END-- [ RunTime:0.001000s ]
INFO: [ app_begin ] --START--
INFO: Run Behavior\ReadHtmlCacheBehavior [ RunTime:0.001000s ]
INFO: [ app_begin ] --END-- [ RunTime:0.001000s ]
ERR: 非法操作:__LYUI__

[ 2017-04-08T13:15:50+08:00 ] 127.0.0.1 /index.php/Admin/Public/__ADMIN_JS__/admin.js
INFO: [ app_init ] --START--
INFO: Run Behavior\BuildLiteBehavior [ RunTime:0.000000s ]
NOTIC: [8] Use of undefined constant MODULE_MARK - assumed 'MODULE_MARK' D:\phpStudy\WWW\thinkphp\admin.thinkphp.com\Application\Common\Behavior\InitModuleBehavior.class.php 第 7 行.
INFO: Run Common\Behavior\InitModuleBehavior [ RunTime:0.002000s ]
INFO: [ app_init ] --END-- [ RunTime:0.002000s ]
INFO: [ app_begin ] --START--
INFO: Run Behavior\ReadHtmlCacheBehavior [ RunTime:0.002000s ]
INFO: [ app_begin ] --END-- [ RunTime:0.002000s ]
ERR: 非法操作:__ADMIN_JS__

[ 2017-04-08T13:15:50+08:00 ] 127.0.0.1 /index.php/Admin/Index/index.html
INFO: [ app_init ] --START--
INFO: Run Behavior\BuildLiteBehavior [ RunTime:0.000000s ]
NOTIC: [8] Use of undefined constant MODULE_MARK - assumed 'MODULE_MARK' D:\phpStudy\WWW\thinkphp\admin.thinkphp.com\Application\Common\Behavior\InitModuleBehavior.class.php 第 7 行.
INFO: Run Common\Behavior\InitModuleBehavior [ RunTime:0.001000s ]
INFO: [ app_init ] --END-- [ RunTime:0.001000s ]
INFO: [ app_begin ] --START--
INFO: Run Behavior\ReadHtmlCacheBehavior [ RunTime:0.000000s ]
INFO: [ app_begin ] --END-- [ RunTime:0.001000s ]
SQL: SHOW COLUMNS FROM `ly_admin_user` [ RunTime:0.0030s ]

[ 2017-04-08T13:15:50+08:00 ] 127.0.0.1 /index.php/Admin/Public/login.html
INFO: [ app_init ] --START--
INFO: Run Behavior\BuildLiteBehavior [ RunTime:0.000000s ]
NOTIC: [8] Use of undefined constant MODULE_MARK - assumed 'MODULE_MARK' D:\phpStudy\WWW\thinkphp\admin.thinkphp.com\Application\Common\Behavior\InitModuleBehavior.class.php 第 7 行.
INFO: Run Common\Behavior\InitModuleBehavior [ RunTime:0.000000s ]
INFO: [ app_init ] --END-- [ RunTime:0.000000s ]
INFO: [ app_begin ] --START--
INFO: Run Behavior\ReadHtmlCacheBehavior [ RunTime:0.000000s ]
INFO: [ app_begin ] --END-- [ RunTime:0.000000s ]
SQL: SHOW COLUMNS FROM `ly_admin_user` [ RunTime:0.0020s ]
INFO: [ view_parse ] --START--
INFO: [ template_filter ] --START--
INFO: Run Behavior\ContentReplaceBehavior [ RunTime:0.000000s ]
INFO: [ template_filter ] --END-- [ RunTime:0.000000s ]
NOTIC: [8] Undefined variable: meta_keywords D:\phpStudy\WWW\thinkphp\admin.thinkphp.com\Application\Runtime\Cache\Admin\3c5566b2bfbf6ef00ac5366ba47246fe.php 第 9 行.
NOTIC: [8] Undefined variable: meta_description D:\phpStudy\WWW\thinkphp\admin.thinkphp.com\Application\Runtime\Cache\Admin\3c5566b2bfbf6ef00ac5366ba47246fe.php 第 10 行.
NOTIC: [8] Undefined variable: _page_name D:\phpStudy\WWW\thinkphp\admin.thinkphp.com\Application\Runtime\Cache\Admin\3c5566b2bfbf6ef00ac5366ba47246fe.php 第 202 行.
NOTIC: [8] Undefined variable: _admin_tabs D:\phpStudy\WWW\thinkphp\admin.thinkphp.com\Application\Runtime\Cache\Admin\3c5566b2bfbf6ef00ac5366ba47246fe.php 第 257 行.
INFO: Run Behavior\ParseTemplateBehavior [ RunTime:0.006000s ]
INFO: [ view_parse ] --END-- [ RunTime:0.006000s ]
INFO: [ view_filter ] --START--
INFO: Run Behavior\WriteHtmlCacheBehavior [ RunTime:0.000000s ]
INFO: [ view_filter ] --END-- [ RunTime:0.000000s ]

[ 2017-04-08T13:15:50+08:00 ] 127.0.0.1 /index.php/Admin/Public/__ADMIN_CSS__/.css
INFO: [ app_init ] --START--
INFO: Run Behavior\BuildLiteBehavior [ RunTime:0.000000s ]
NOTIC: [8] Use of undefined constant MODULE_MARK - assumed 'MODULE_MARK' D:\phpStudy\WWW\thinkphp\admin.thinkphp.com\Application\Common\Behavior\InitModuleBehavior.class.php 第 7 行.
INFO: Run Common\Behavior\InitModuleBehavior [ RunTime:0.000000s ]
INFO: [ app_init ] --END-- [ RunTime:0.000000s ]
INFO: [ app_begin ] --START--
INFO: Run Behavior\ReadHtmlCacheBehavior [ RunTime:0.000000s ]
INFO: [ app_begin ] --END-- [ RunTime:0.000000s ]
ERR: 非法操作:__ADMIN_CSS__

[ 2017-04-08T13:15:50+08:00 ] 127.0.0.1 /index.php/Admin/Public/__LYUI__/js/lyui.min.js
INFO: [ app_init ] --START--
INFO: Run Behavior\BuildLiteBehavior [ RunTime:0.000000s ]
NOTIC: [8] Use of undefined constant MODULE_MARK - assumed 'MODULE_MARK' D:\phpStudy\WWW\thinkphp\admin.thinkphp.com\Application\Common\Behavior\InitModuleBehavior.class.php 第 7 行.
INFO: Run Common\Behavior\InitModuleBehavior [ RunTime:0.001000s ]
INFO: [ app_init ] --END-- [ RunTime:0.001000s ]
INFO: [ app_begin ] --START--
INFO: Run Behavior\ReadHtmlCacheBehavior [ RunTime:0.000000s ]
INFO: [ app_begin ] --END-- [ RunTime:0.001000s ]
ERR: 非法操作:__LYUI__

[ 2017-04-08T13:15:50+08:00 ] 127.0.0.1 /index.php/Admin/Public/__LYUI__/css/lyui.min.css
INFO: [ app_init ] --START--
INFO: Run Behavior\BuildLiteBehavior [ RunTime:0.000000s ]
NOTIC: [8] Use of undefined constant MODULE_MARK - assumed 'MODULE_MARK' D:\phpStudy\WWW\thinkphp\admin.thinkphp.com\Application\Common\Behavior\InitModuleBehavior.class.php 第 7 行.
INFO: Run Common\Behavior\InitModuleBehavior [ RunTime:0.000000s ]
INFO: [ app_init ] --END-- [ RunTime:0.000000s ]
INFO: [ app_begin ] --START--
INFO: Run Behavior\ReadHtmlCacheBehavior [ RunTime:0.000000s ]
INFO: [ app_begin ] --END-- [ RunTime:0.000000s ]
ERR: 非法操作:__LYUI__

[ 2017-04-08T13:15:50+08:00 ] 127.0.0.1 /index.php/Admin/Public/__LYUI__/js/lyui.min.js
INFO: [ app_init ] --START--
INFO: Run Behavior\BuildLiteBehavior [ RunTime:0.000000s ]
NOTIC: [8] Use of undefined constant MODULE_MARK - assumed 'MODULE_MARK' D:\phpStudy\WWW\thinkphp\admin.thinkphp.com\Application\Common\Behavior\InitModuleBehavior.class.php 第 7 行.
INFO: Run Common\Behavior\InitModuleBehavior [ RunTime:0.000000s ]
INFO: [ app_init ] --END-- [ RunTime:0.000000s ]
INFO: [ app_begin ] --START--
INFO: Run Behavior\ReadHtmlCacheBehavior [ RunTime:0.001000s ]
INFO: [ app_begin ] --END-- [ RunTime:0.001000s ]
ERR: 非法操作:__LYUI__

[ 2017-04-08T13:15:51+08:00 ] 127.0.0.1 /index.php/Admin/Public/__ADMIN_JS__/admin.js
INFO: [ app_init ] --START--
INFO: Run Behavior\BuildLiteBehavior [ RunTime:0.000000s ]
NOTIC: [8] Use of undefined constant MODULE_MARK - assumed 'MODULE_MARK' D:\phpStudy\WWW\thinkphp\admin.thinkphp.com\Application\Common\Behavior\InitModuleBehavior.class.php 第 7 行.
INFO: Run Common\Behavior\InitModuleBehavior [ RunTime:0.000000s ]
INFO: [ app_init ] --END-- [ RunTime:0.001000s ]
INFO: [ app_begin ] --START--
INFO: Run Behavior\ReadHtmlCacheBehavior [ RunTime:0.001000s ]
INFO: [ app_begin ] --END-- [ RunTime:0.001000s ]
ERR: 非法操作:__ADMIN_JS__

[ 2017-04-08T13:15:51+08:00 ] 127.0.0.1 /index.php/Admin/Index/index.html
INFO: [ app_init ] --START--
INFO: Run Behavior\BuildLiteBehavior [ RunTime:0.000000s ]
NOTIC: [8] Use of undefined constant MODULE_MARK - assumed 'MODULE_MARK' D:\phpStudy\WWW\thinkphp\admin.thinkphp.com\Application\Common\Behavior\InitModuleBehavior.class.php 第 7 行.
INFO: Run Common\Behavior\InitModuleBehavior [ RunTime:0.000000s ]
INFO: [ app_init ] --END-- [ RunTime:0.000000s ]
INFO: [ app_begin ] --START--
INFO: Run Behavior\ReadHtmlCacheBehavior [ RunTime:0.000000s ]
INFO: [ app_begin ] --END-- [ RunTime:0.000000s ]
ERR: 1146:Table 'lyadmin.lyadmin_user' doesn't exist
 [ SQL语句 ] : SHOW COLUMNS FROM `lyadmin_user`
ERR: 1146:Table 'lyadmin.lyadmin_user' doesn't exist
 [ SQL语句 ] : SHOW COLUMNS FROM `lyadmin_user`

[ 2017-04-08T13:15:54+08:00 ] 127.0.0.1 /index.php/Admin/Index/index.html
INFO: [ app_init ] --START--
INFO: Run Behavior\BuildLiteBehavior [ RunTime:0.000000s ]
NOTIC: [8] Use of undefined constant MODULE_MARK - assumed 'MODULE_MARK' D:\phpStudy\WWW\thinkphp\admin.thinkphp.com\Application\Common\Behavior\InitModuleBehavior.class.php 第 7 行.
INFO: Run Common\Behavior\InitModuleBehavior [ RunTime:0.001000s ]
INFO: [ app_init ] --END-- [ RunTime:0.001000s ]
INFO: [ app_begin ] --START--
INFO: Run Behavior\ReadHtmlCacheBehavior [ RunTime:0.001000s ]
INFO: [ app_begin ] --END-- [ RunTime:0.001000s ]
ERR: 1146:Table 'lyadmin.lyadmin_user' doesn't exist
 [ SQL语句 ] : SHOW COLUMNS FROM `lyadmin_user`
ERR: 1146:Table 'lyadmin.lyadmin_user' doesn't exist
 [ SQL语句 ] : SHOW COLUMNS FROM `lyadmin_user`

[ 2017-04-08T13:15:56+08:00 ] 127.0.0.1 /index.php/Admin/Index/index.html
INFO: [ app_init ] --START--
INFO: Run Behavior\BuildLiteBehavior [ RunTime:0.000000s ]
NOTIC: [8] Use of undefined constant MODULE_MARK - assumed 'MODULE_MARK' D:\phpStudy\WWW\thinkphp\admin.thinkphp.com\Application\Common\Behavior\InitModuleBehavior.class.php 第 7 行.
INFO: Run Common\Behavior\InitModuleBehavior [ RunTime:0.001000s ]
INFO: [ app_init ] --END-- [ RunTime:0.001000s ]
INFO: [ app_begin ] --START--
INFO: Run Behavior\ReadHtmlCacheBehavior [ RunTime:0.000000s ]
INFO: [ app_begin ] --END-- [ RunTime:0.000000s ]
ERR: 1146:Table 'lyadmin.lyadmin_user' doesn't exist
 [ SQL语句 ] : SHOW COLUMNS FROM `lyadmin_user`
ERR: 1146:Table 'lyadmin.lyadmin_user' doesn't exist
 [ SQL语句 ] : SHOW COLUMNS FROM `lyadmin_user`

[ 2017-04-08T13:16:48+08:00 ] 127.0.0.1 /index.php/Admin/Index/index.html
INFO: [ app_init ] --START--
INFO: Run Behavior\BuildLiteBehavior [ RunTime:0.000000s ]
NOTIC: [8] Use of undefined constant MODULE_MARK - assumed 'MODULE_MARK' D:\phpStudy\WWW\thinkphp\admin.thinkphp.com\Application\Common\Behavior\InitModuleBehavior.class.php 第 7 行.
INFO: Run Common\Behavior\InitModuleBehavior [ RunTime:0.003000s ]
INFO: [ app_init ] --END-- [ RunTime:0.003000s ]
INFO: [ app_begin ] --START--
INFO: Run Behavior\ReadHtmlCacheBehavior [ RunTime:0.001000s ]
INFO: [ app_begin ] --END-- [ RunTime:0.001000s ]
ERR: 1146:Table 'lyadmin.11lyadmin_user' doesn't exist
 [ SQL语句 ] : SHOW COLUMNS FROM `11lyadmin_user`
ERR: 1146:Table 'lyadmin.11lyadmin_user' doesn't exist
 [ SQL语句 ] : SHOW COLUMNS FROM `11lyadmin_user`

[ 2017-04-08T13:16:56+08:00 ] 127.0.0.1 /index.php/Admin/Index/index.html
INFO: [ app_init ] --START--
INFO: Run Behavior\BuildLiteBehavior [ RunTime:0.000000s ]
NOTIC: [8] Use of undefined constant MODULE_MARK - assumed 'MODULE_MARK' D:\phpStudy\WWW\thinkphp\admin.thinkphp.com\Application\Common\Behavior\InitModuleBehavior.class.php 第 7 行.
INFO: Run Common\Behavior\InitModuleBehavior [ RunTime:0.001000s ]
INFO: [ app_init ] --END-- [ RunTime:0.001000s ]
INFO: [ app_begin ] --START--
INFO: Run Behavior\ReadHtmlCacheBehavior [ RunTime:0.000000s ]
INFO: [ app_begin ] --END-- [ RunTime:0.000000s ]
ERR: 1146:Table 'lyadmin.11lyadmin_user' doesn't exist
 [ SQL语句 ] : SHOW COLUMNS FROM `11lyadmin_user`
ERR: 1146:Table 'lyadmin.11lyadmin_user' doesn't exist
 [ SQL语句 ] : SHOW COLUMNS FROM `11lyadmin_user`

[ 2017-04-08T13:16:57+08:00 ] 127.0.0.1 /index.php/Admin/Index/index.html
INFO: [ app_init ] --START--
INFO: Run Behavior\BuildLiteBehavior [ RunTime:0.000000s ]
NOTIC: [8] Use of undefined constant MODULE_MARK - assumed 'MODULE_MARK' D:\phpStudy\WWW\thinkphp\admin.thinkphp.com\Application\Common\Behavior\InitModuleBehavior.class.php 第 7 行.
INFO: Run Common\Behavior\InitModuleBehavior [ RunTime:0.001000s ]
INFO: [ app_init ] --END-- [ RunTime:0.001000s ]
INFO: [ app_begin ] --START--
INFO: Run Behavior\ReadHtmlCacheBehavior [ RunTime:0.000000s ]
INFO: [ app_begin ] --END-- [ RunTime:0.001000s ]
ERR: 1146:Table 'lyadmin.11lyadmin_user' doesn't exist
 [ SQL语句 ] : SHOW COLUMNS FROM `11lyadmin_user`
ERR: 1146:Table 'lyadmin.11lyadmin_user' doesn't exist
 [ SQL语句 ] : SHOW COLUMNS FROM `11lyadmin_user`

[ 2017-04-08T13:16:59+08:00 ] 127.0.0.1 /index.php/Admin/Index/index.html
INFO: [ app_init ] --START--
INFO: Run Behavior\BuildLiteBehavior [ RunTime:0.000000s ]
NOTIC: [8] Use of undefined constant MODULE_MARK - assumed 'MODULE_MARK' D:\phpStudy\WWW\thinkphp\admin.thinkphp.com\Application\Common\Behavior\InitModuleBehavior.class.php 第 7 行.
INFO: Run Common\Behavior\InitModuleBehavior [ RunTime:0.001000s ]
INFO: [ app_init ] --END-- [ RunTime:0.001000s ]
INFO: [ app_begin ] --START--
INFO: Run Behavior\ReadHtmlCacheBehavior [ RunTime:0.001000s ]
INFO: [ app_begin ] --END-- [ RunTime:0.001000s ]
ERR: 1146:Table 'lyadmin.11lyadmin_user' doesn't exist
 [ SQL语句 ] : SHOW COLUMNS FROM `11lyadmin_user`
ERR: 1146:Table 'lyadmin.11lyadmin_user' doesn't exist
 [ SQL语句 ] : SHOW COLUMNS FROM `11lyadmin_user`

[ 2017-04-08T13:17:05+08:00 ] 127.0.0.1 /index.php/Admin/Index/index.html
INFO: [ app_init ] --START--
INFO: Run Behavior\BuildLiteBehavior [ RunTime:0.000000s ]
NOTIC: [8] Use of undefined constant MODULE_MARK - assumed 'MODULE_MARK' D:\phpStudy\WWW\thinkphp\admin.thinkphp.com\Application\Common\Behavior\InitModuleBehavior.class.php 第 7 行.
INFO: Run Common\Behavior\InitModuleBehavior [ RunTime:0.001000s ]
INFO: [ app_init ] --END-- [ RunTime:0.001000s ]
INFO: [ app_begin ] --START--
INFO: Run Behavior\ReadHtmlCacheBehavior [ RunTime:0.001000s ]
INFO: [ app_begin ] --END-- [ RunTime:0.001000s ]
ERR: 1146:Table 'lyadmin.11222lyadmin_user' doesn't exist
 [ SQL语句 ] : SHOW COLUMNS FROM `11222lyadmin_user`
ERR: 1146:Table 'lyadmin.11222lyadmin_user' doesn't exist
 [ SQL语句 ] : SHOW COLUMNS FROM `11222lyadmin_user`

[ 2017-04-08T13:17:14+08:00 ] 127.0.0.1 /index.php/Admin/Index/index.html
INFO: [ app_init ] --START--
INFO: Run Behavior\BuildLiteBehavior [ RunTime:0.000000s ]
NOTIC: [8] Use of undefined constant MODULE_MARK - assumed 'MODULE_MARK' D:\phpStudy\WWW\thinkphp\admin.thinkphp.com\Application\Common\Behavior\InitModuleBehavior.class.php 第 7 行.
INFO: Run Common\Behavior\InitModuleBehavior [ RunTime:0.001000s ]
INFO: [ app_init ] --END-- [ RunTime:0.001000s ]
INFO: [ app_begin ] --START--
INFO: Run Behavior\ReadHtmlCacheBehavior [ RunTime:0.001000s ]
INFO: [ app_begin ] --END-- [ RunTime:0.001000s ]
SQL: SHOW COLUMNS FROM `ly_admin_user` [ RunTime:0.0030s ]

[ 2017-04-08T13:17:14+08:00 ] 127.0.0.1 /index.php/Admin/Public/login.html
INFO: [ app_init ] --START--
INFO: Run Behavior\BuildLiteBehavior [ RunTime:0.000000s ]
NOTIC: [8] Use of undefined constant MODULE_MARK - assumed 'MODULE_MARK' D:\phpStudy\WWW\thinkphp\admin.thinkphp.com\Application\Common\Behavior\InitModuleBehavior.class.php 第 7 行.
INFO: Run Common\Behavior\InitModuleBehavior [ RunTime:0.001000s ]
INFO: [ app_init ] --END-- [ RunTime:0.001000s ]
INFO: [ app_begin ] --START--
INFO: Run Behavior\ReadHtmlCacheBehavior [ RunTime:0.000000s ]
INFO: [ app_begin ] --END-- [ RunTime:0.000000s ]
SQL: SHOW COLUMNS FROM `ly_admin_user` [ RunTime:0.0030s ]
INFO: [ view_parse ] --START--
INFO: [ template_filter ] --START--
INFO: Run Behavior\ContentReplaceBehavior [ RunTime:0.001000s ]
INFO: [ template_filter ] --END-- [ RunTime:0.001000s ]
NOTIC: [8] Undefined variable: meta_keywords D:\phpStudy\WWW\thinkphp\admin.thinkphp.com\Application\Runtime\Cache\Admin\3c5566b2bfbf6ef00ac5366ba47246fe.php 第 9 行.
NOTIC: [8] Undefined variable: meta_description D:\phpStudy\WWW\thinkphp\admin.thinkphp.com\Application\Runtime\Cache\Admin\3c5566b2bfbf6ef00ac5366ba47246fe.php 第 10 行.
NOTIC: [8] Undefined variable: _page_name D:\phpStudy\WWW\thinkphp\admin.thinkphp.com\Application\Runtime\Cache\Admin\3c5566b2bfbf6ef00ac5366ba47246fe.php 第 202 行.
NOTIC: [8] Undefined variable: _admin_tabs D:\phpStudy\WWW\thinkphp\admin.thinkphp.com\Application\Runtime\Cache\Admin\3c5566b2bfbf6ef00ac5366ba47246fe.php 第 257 行.
INFO: Run Behavior\ParseTemplateBehavior [ RunTime:0.006001s ]
INFO: [ view_parse ] --END-- [ RunTime:0.006001s ]
INFO: [ view_filter ] --START--
INFO: Run Behavior\WriteHtmlCacheBehavior [ RunTime:0.000000s ]
INFO: [ view_filter ] --END-- [ RunTime:0.000000s ]

[ 2017-04-08T13:17:14+08:00 ] 127.0.0.1 /index.php/Admin/Public/__LYUI__/js/lyui.min.js
INFO: [ app_init ] --START--
INFO: Run Behavior\BuildLiteBehavior [ RunTime:0.000000s ]
NOTIC: [8] Use of undefined constant MODULE_MARK - assumed 'MODULE_MARK' D:\phpStudy\WWW\thinkphp\admin.thinkphp.com\Application\Common\Behavior\InitModuleBehavior.class.php 第 7 行.
INFO: Run Common\Behavior\InitModuleBehavior [ RunTime:0.001000s ]
INFO: [ app_init ] --END-- [ RunTime:0.001000s ]
INFO: [ app_begin ] --START--
INFO: Run Behavior\ReadHtmlCacheBehavior [ RunTime:0.001000s ]
INFO: [ app_begin ] --END-- [ RunTime:0.001000s ]
ERR: 非法操作:__LYUI__

[ 2017-04-08T13:17:14+08:00 ] 127.0.0.1 /index.php/Admin/Public/__LYUI__/css/lyui.min.css
INFO: [ app_init ] --START--
INFO: Run Behavior\BuildLiteBehavior [ RunTime:0.000000s ]
NOTIC: [8] Use of undefined constant MODULE_MARK - assumed 'MODULE_MARK' D:\phpStudy\WWW\thinkphp\admin.thinkphp.com\Application\Common\Behavior\InitModuleBehavior.class.php 第 7 行.
INFO: Run Common\Behavior\InitModuleBehavior [ RunTime:0.002000s ]
INFO: [ app_init ] --END-- [ RunTime:0.002000s ]
INFO: [ app_begin ] --START--
INFO: Run Behavior\ReadHtmlCacheBehavior [ RunTime:0.001000s ]
INFO: [ app_begin ] --END-- [ RunTime:0.001000s ]
ERR: 非法操作:__LYUI__

[ 2017-04-08T13:17:14+08:00 ] 127.0.0.1 /index.php/Admin/Public/__ADMIN_CSS__/.css
INFO: [ app_init ] --START--
INFO: Run Behavior\BuildLiteBehavior [ RunTime:0.000000s ]
NOTIC: [8] Use of undefined constant MODULE_MARK - assumed 'MODULE_MARK' D:\phpStudy\WWW\thinkphp\admin.thinkphp.com\Application\Common\Behavior\InitModuleBehavior.class.php 第 7 行.
INFO: Run Common\Behavior\InitModuleBehavior [ RunTime:0.001000s ]
INFO: [ app_init ] --END-- [ RunTime:0.001000s ]
INFO: [ app_begin ] --START--
INFO: Run Behavior\ReadHtmlCacheBehavior [ RunTime:0.001000s ]
INFO: [ app_begin ] --END-- [ RunTime:0.001000s ]
ERR: 非法操作:__ADMIN_CSS__

[ 2017-04-08T13:17:14+08:00 ] 127.0.0.1 /index.php/Admin/Public/__LYUI__/js/lyui.min.js
INFO: [ app_init ] --START--
INFO: Run Behavior\BuildLiteBehavior [ RunTime:0.000000s ]
NOTIC: [8] Use of undefined constant MODULE_MARK - assumed 'MODULE_MARK' D:\phpStudy\WWW\thinkphp\admin.thinkphp.com\Application\Common\Behavior\InitModuleBehavior.class.php 第 7 行.
INFO: Run Common\Behavior\InitModuleBehavior [ RunTime:0.001000s ]
INFO: [ app_init ] --END-- [ RunTime:0.001000s ]
INFO: [ app_begin ] --START--
INFO: Run Behavior\ReadHtmlCacheBehavior [ RunTime:0.001000s ]
INFO: [ app_begin ] --END-- [ RunTime:0.001000s ]
ERR: 非法操作:__LYUI__

[ 2017-04-08T13:17:15+08:00 ] 127.0.0.1 /index.php/Admin/Public/__ADMIN_JS__/admin.js
INFO: [ app_init ] --START--
INFO: Run Behavior\BuildLiteBehavior [ RunTime:0.000000s ]
NOTIC: [8] Use of undefined constant MODULE_MARK - assumed 'MODULE_MARK' D:\phpStudy\WWW\thinkphp\admin.thinkphp.com\Application\Common\Behavior\InitModuleBehavior.class.php 第 7 行.
INFO: Run Common\Behavior\InitModuleBehavior [ RunTime:0.001000s ]
INFO: [ app_init ] --END-- [ RunTime:0.001000s ]
INFO: [ app_begin ] --START--
INFO: Run Behavior\ReadHtmlCacheBehavior [ RunTime:0.001000s ]
INFO: [ app_begin ] --END-- [ RunTime:0.001000s ]
ERR: 非法操作:__ADMIN_JS__

[ 2017-04-08T13:17:15+08:00 ] 127.0.0.1 /index.php/Admin/Index/index.html
INFO: [ app_init ] --START--
INFO: Run Behavior\BuildLiteBehavior [ RunTime:0.000000s ]
NOTIC: [8] Use of undefined constant MODULE_MARK - assumed 'MODULE_MARK' D:\phpStudy\WWW\thinkphp\admin.thinkphp.com\Application\Common\Behavior\InitModuleBehavior.class.php 第 7 行.
INFO: Run Common\Behavior\InitModuleBehavior [ RunTime:0.001000s ]
INFO: [ app_init ] --END-- [ RunTime:0.001000s ]
INFO: [ app_begin ] --START--
INFO: Run Behavior\ReadHtmlCacheBehavior [ RunTime:0.000000s ]
INFO: [ app_begin ] --END-- [ RunTime:0.000000s ]
SQL: SHOW COLUMNS FROM `ly_admin_user` [ RunTime:0.0030s ]

[ 2017-04-08T13:17:15+08:00 ] 127.0.0.1 /index.php/Admin/Public/login.html
INFO: [ app_init ] --START--
INFO: Run Behavior\BuildLiteBehavior [ RunTime:0.000000s ]
NOTIC: [8] Use of undefined constant MODULE_MARK - assumed 'MODULE_MARK' D:\phpStudy\WWW\thinkphp\admin.thinkphp.com\Application\Common\Behavior\InitModuleBehavior.class.php 第 7 行.
INFO: Run Common\Behavior\InitModuleBehavior [ RunTime:0.001000s ]
INFO: [ app_init ] --END-- [ RunTime:0.001000s ]
INFO: [ app_begin ] --START--
INFO: Run Behavior\ReadHtmlCacheBehavior [ RunTime:0.000000s ]
INFO: [ app_begin ] --END-- [ RunTime:0.000000s ]
SQL: SHOW COLUMNS FROM `ly_admin_user` [ RunTime:0.0030s ]
INFO: [ view_parse ] --START--
INFO: [ template_filter ] --START--
INFO: Run Behavior\ContentReplaceBehavior [ RunTime:0.000000s ]
INFO: [ template_filter ] --END-- [ RunTime:0.000000s ]
NOTIC: [8] Undefined variable: meta_keywords D:\phpStudy\WWW\thinkphp\admin.thinkphp.com\Application\Runtime\Cache\Admin\3c5566b2bfbf6ef00ac5366ba47246fe.php 第 9 行.
NOTIC: [8] Undefined variable: meta_description D:\phpStudy\WWW\thinkphp\admin.thinkphp.com\Application\Runtime\Cache\Admin\3c5566b2bfbf6ef00ac5366ba47246fe.php 第 10 行.
NOTIC: [8] Undefined variable: _page_name D:\phpStudy\WWW\thinkphp\admin.thinkphp.com\Application\Runtime\Cache\Admin\3c5566b2bfbf6ef00ac5366ba47246fe.php 第 202 行.
NOTIC: [8] Undefined variable: _admin_tabs D:\phpStudy\WWW\thinkphp\admin.thinkphp.com\Application\Runtime\Cache\Admin\3c5566b2bfbf6ef00ac5366ba47246fe.php 第 257 行.
INFO: Run Behavior\ParseTemplateBehavior [ RunTime:0.006001s ]
INFO: [ view_parse ] --END-- [ RunTime:0.006001s ]
INFO: [ view_filter ] --START--
INFO: Run Behavior\WriteHtmlCacheBehavior [ RunTime:0.000000s ]
INFO: [ view_filter ] --END-- [ RunTime:0.000000s ]

[ 2017-04-08T13:17:15+08:00 ] 127.0.0.1 /index.php/Admin/Public/__ADMIN_CSS__/.css
INFO: [ app_init ] --START--
INFO: Run Behavior\BuildLiteBehavior [ RunTime:0.000000s ]
NOTIC: [8] Use of undefined constant MODULE_MARK - assumed 'MODULE_MARK' D:\phpStudy\WWW\thinkphp\admin.thinkphp.com\Application\Common\Behavior\InitModuleBehavior.class.php 第 7 行.
INFO: Run Common\Behavior\InitModuleBehavior [ RunTime:0.000000s ]
INFO: [ app_init ] --END-- [ RunTime:0.000000s ]
INFO: [ app_begin ] --START--
INFO: Run Behavior\ReadHtmlCacheBehavior [ RunTime:0.000000s ]
INFO: [ app_begin ] --END-- [ RunTime:0.000000s ]
ERR: 非法操作:__ADMIN_CSS__

[ 2017-04-08T13:17:15+08:00 ] 127.0.0.1 /index.php/Admin/Public/__LYUI__/js/lyui.min.js
INFO: [ app_init ] --START--
INFO: Run Behavior\BuildLiteBehavior [ RunTime:0.000000s ]
NOTIC: [8] Use of undefined constant MODULE_MARK - assumed 'MODULE_MARK' D:\phpStudy\WWW\thinkphp\admin.thinkphp.com\Application\Common\Behavior\InitModuleBehavior.class.php 第 7 行.
INFO: Run Common\Behavior\InitModuleBehavior [ RunTime:0.000000s ]
INFO: [ app_init ] --END-- [ RunTime:0.001000s ]
INFO: [ app_begin ] --START--
INFO: Run Behavior\ReadHtmlCacheBehavior [ RunTime:0.000000s ]
INFO: [ app_begin ] --END-- [ RunTime:0.000000s ]
ERR: 非法操作:__LYUI__

[ 2017-04-08T13:17:15+08:00 ] 127.0.0.1 /index.php/Admin/Public/__LYUI__/css/lyui.min.css
INFO: [ app_init ] --START--
INFO: Run Behavior\BuildLiteBehavior [ RunTime:0.000000s ]
NOTIC: [8] Use of undefined constant MODULE_MARK - assumed 'MODULE_MARK' D:\phpStudy\WWW\thinkphp\admin.thinkphp.com\Application\Common\Behavior\InitModuleBehavior.class.php 第 7 行.
INFO: Run Common\Behavior\InitModuleBehavior [ RunTime:0.001000s ]
INFO: [ app_init ] --END-- [ RunTime:0.001000s ]
INFO: [ app_begin ] --START--
INFO: Run Behavior\ReadHtmlCacheBehavior [ RunTime:0.001000s ]
INFO: [ app_begin ] --END-- [ RunTime:0.001000s ]
ERR: 非法操作:__LYUI__

[ 2017-04-08T13:17:15+08:00 ] 127.0.0.1 /index.php/Admin/Public/__LYUI__/js/lyui.min.js
INFO: [ app_init ] --START--
INFO: Run Behavior\BuildLiteBehavior [ RunTime:0.000000s ]
NOTIC: [8] Use of undefined constant MODULE_MARK - assumed 'MODULE_MARK' D:\phpStudy\WWW\thinkphp\admin.thinkphp.com\Application\Common\Behavior\InitModuleBehavior.class.php 第 7 行.
INFO: Run Common\Behavior\InitModuleBehavior [ RunTime:0.001000s ]
INFO: [ app_init ] --END-- [ RunTime:0.001000s ]
INFO: [ app_begin ] --START--
INFO: Run Behavior\ReadHtmlCacheBehavior [ RunTime:0.001000s ]
INFO: [ app_begin ] --END-- [ RunTime:0.001000s ]
ERR: 非法操作:__LYUI__

[ 2017-04-08T13:17:16+08:00 ] 127.0.0.1 /index.php/Admin/Public/__ADMIN_JS__/admin.js
INFO: [ app_init ] --START--
INFO: Run Behavior\BuildLiteBehavior [ RunTime:0.000000s ]
NOTIC: [8] Use of undefined constant MODULE_MARK - assumed 'MODULE_MARK' D:\phpStudy\WWW\thinkphp\admin.thinkphp.com\Application\Common\Behavior\InitModuleBehavior.class.php 第 7 行.
INFO: Run Common\Behavior\InitModuleBehavior [ RunTime:0.001000s ]
INFO: [ app_init ] --END-- [ RunTime:0.001000s ]
INFO: [ app_begin ] --START--
INFO: Run Behavior\ReadHtmlCacheBehavior [ RunTime:0.001000s ]
INFO: [ app_begin ] --END-- [ RunTime:0.001000s ]
ERR: 非法操作:__ADMIN_JS__

[ 2017-04-08T13:17:16+08:00 ] 127.0.0.1 /index.php/Admin/Index/index.html
INFO: [ app_init ] --START--
INFO: Run Behavior\BuildLiteBehavior [ RunTime:0.000000s ]
NOTIC: [8] Use of undefined constant MODULE_MARK - assumed 'MODULE_MARK' D:\phpStudy\WWW\thinkphp\admin.thinkphp.com\Application\Common\Behavior\InitModuleBehavior.class.php 第 7 行.
INFO: Run Common\Behavior\InitModuleBehavior [ RunTime:0.000000s ]
INFO: [ app_init ] --END-- [ RunTime:0.001000s ]
INFO: [ app_begin ] --START--
INFO: Run Behavior\ReadHtmlCacheBehavior [ RunTime:0.001000s ]
INFO: [ app_begin ] --END-- [ RunTime:0.001000s ]
ERR: 1146:Table 'lyadmin.lyadmin_user' doesn't exist
 [ SQL语句 ] : SHOW COLUMNS FROM `lyadmin_user`
ERR: 1146:Table 'lyadmin.lyadmin_user' doesn't exist
 [ SQL语句 ] : SHOW COLUMNS FROM `lyadmin_user`

[ 2017-04-08T13:18:11+08:00 ] 127.0.0.1 /index.php/Admin/Index/index.html
INFO: [ app_init ] --START--
INFO: Run Behavior\BuildLiteBehavior [ RunTime:0.000000s ]
NOTIC: [8] Use of undefined constant MODULE_MARK - assumed 'MODULE_MARK' D:\phpStudy\WWW\thinkphp\admin.thinkphp.com\Application\Common\Behavior\InitModuleBehavior.class.php 第 7 行.
INFO: Run Common\Behavior\InitModuleBehavior [ RunTime:0.000000s ]
INFO: [ app_init ] --END-- [ RunTime:0.000000s ]
INFO: [ app_begin ] --START--
INFO: Run Behavior\ReadHtmlCacheBehavior [ RunTime:0.001000s ]
INFO: [ app_begin ] --END-- [ RunTime:0.001000s ]
ERR: 1146:Table 'lyadmin.lyadmin_user' doesn't exist
 [ SQL语句 ] : SHOW COLUMNS FROM `lyadmin_user`
ERR: 1146:Table 'lyadmin.lyadmin_user' doesn't exist
 [ SQL语句 ] : SHOW COLUMNS FROM `lyadmin_user`

[ 2017-04-08T13:18:43+08:00 ] 127.0.0.1 /index.php/Admin/Index/index.html
INFO: [ app_init ] --START--
INFO: Run Behavior\BuildLiteBehavior [ RunTime:0.000000s ]
NOTIC: [8] Use of undefined constant MODULE_MARK - assumed 'MODULE_MARK' D:\phpStudy\WWW\thinkphp\admin.thinkphp.com\Application\Common\Behavior\InitModuleBehavior.class.php 第 7 行.
INFO: Run Common\Behavior\InitModuleBehavior [ RunTime:0.001000s ]
INFO: [ app_init ] --END-- [ RunTime:0.001000s ]
INFO: [ app_begin ] --START--
INFO: Run Behavior\ReadHtmlCacheBehavior [ RunTime:0.001000s ]
INFO: [ app_begin ] --END-- [ RunTime:0.001000s ]
ERR: 1146:Table 'lyadmin.lyadmin_user' doesn't exist
 [ SQL语句 ] : SHOW COLUMNS FROM `lyadmin_user`
ERR: 1146:Table 'lyadmin.lyadmin_user' doesn't exist
 [ SQL语句 ] : SHOW COLUMNS FROM `lyadmin_user`

[ 2017-04-08T13:18:56+08:00 ] 127.0.0.1 /index.php/Admin/Index/index.html
INFO: [ app_init ] --START--
INFO: Run Behavior\BuildLiteBehavior [ RunTime:0.000000s ]
NOTIC: [8] Use of undefined constant MODULE_MARK - assumed 'MODULE_MARK' D:\phpStudy\WWW\thinkphp\admin.thinkphp.com\Application\Common\Behavior\InitModuleBehavior.class.php 第 7 行.
INFO: Run Common\Behavior\InitModuleBehavior [ RunTime:0.001000s ]
INFO: [ app_init ] --END-- [ RunTime:0.001000s ]
INFO: [ app_begin ] --START--
INFO: Run Behavior\ReadHtmlCacheBehavior [ RunTime:0.001000s ]
INFO: [ app_begin ] --END-- [ RunTime:0.001000s ]
ERR: 1146:Table 'lyadmin.lyadmin_user' doesn't exist
 [ SQL语句 ] : SHOW COLUMNS FROM `lyadmin_user`
ERR: 1146:Table 'lyadmin.lyadmin_user' doesn't exist
 [ SQL语句 ] : SHOW COLUMNS FROM `lyadmin_user`

[ 2017-04-08T13:19:36+08:00 ] 127.0.0.1 /index.php/Admin/Index/index.html
INFO: [ app_init ] --START--
INFO: Run Behavior\BuildLiteBehavior [ RunTime:0.000000s ]
NOTIC: [8] Use of undefined constant MODULE_MARK - assumed 'MODULE_MARK' D:\phpStudy\WWW\thinkphp\admin.thinkphp.com\Application\Common\Behavior\InitModuleBehavior.class.php 第 7 行.
INFO: Run Common\Behavior\InitModuleBehavior [ RunTime:0.001000s ]
INFO: [ app_init ] --END-- [ RunTime:0.001000s ]
INFO: [ app_begin ] --START--
INFO: Run Behavior\ReadHtmlCacheBehavior [ RunTime:0.001000s ]
INFO: [ app_begin ] --END-- [ RunTime:0.001000s ]
ERR: 1146:Table 'lyadmin.lyadmin_user' doesn't exist
 [ SQL语句 ] : SHOW COLUMNS FROM `lyadmin_user`
ERR: 1146:Table 'lyadmin.lyadmin_user' doesn't exist
 [ SQL语句 ] : SHOW COLUMNS FROM `lyadmin_user`

[ 2017-04-08T13:19:37+08:00 ] 127.0.0.1 /index.php/Admin/Index/index.html
INFO: [ app_init ] --START--
INFO: Run Behavior\BuildLiteBehavior [ RunTime:0.000000s ]
NOTIC: [8] Use of undefined constant MODULE_MARK - assumed 'MODULE_MARK' D:\phpStudy\WWW\thinkphp\admin.thinkphp.com\Application\Common\Behavior\InitModuleBehavior.class.php 第 7 行.
INFO: Run Common\Behavior\InitModuleBehavior [ RunTime:0.001001s ]
INFO: [ app_init ] --END-- [ RunTime:0.001001s ]
INFO: [ app_begin ] --START--
INFO: Run Behavior\ReadHtmlCacheBehavior [ RunTime:0.002000s ]
INFO: [ app_begin ] --END-- [ RunTime:0.002000s ]
ERR: 1146:Table 'lyadmin.lyadmin_user' doesn't exist
 [ SQL语句 ] : SHOW COLUMNS FROM `lyadmin_user`
ERR: 1146:Table 'lyadmin.lyadmin_user' doesn't exist
 [ SQL语句 ] : SHOW COLUMNS FROM `lyadmin_user`

[ 2017-04-08T13:19:43+08:00 ] 127.0.0.1 /admin
INFO: [ app_init ] --START--
INFO: Run Behavior\BuildLiteBehavior [ RunTime:0.000000s ]
NOTIC: [8] Use of undefined constant MODULE_MARK - assumed 'MODULE_MARK' D:\phpStudy\WWW\thinkphp\admin.thinkphp.com\Application\Common\Behavior\InitModuleBehavior.class.php 第 7 行.
INFO: Run Common\Behavior\InitModuleBehavior [ RunTime:0.001000s ]
INFO: [ app_init ] --END-- [ RunTime:0.001000s ]
INFO: [ app_begin ] --START--
INFO: Run Behavior\ReadHtmlCacheBehavior [ RunTime:0.001000s ]
INFO: [ app_begin ] --END-- [ RunTime:0.001000s ]
ERR: 1146:Table 'lyadmin.lyadmin_user' doesn't exist
 [ SQL语句 ] : SHOW COLUMNS FROM `lyadmin_user`
ERR: 1146:Table 'lyadmin.lyadmin_user' doesn't exist
 [ SQL语句 ] : SHOW COLUMNS FROM `lyadmin_user`

[ 2017-04-08T13:20:06+08:00 ] 127.0.0.1 /admin
INFO: [ app_init ] --START--
INFO: Run Behavior\BuildLiteBehavior [ RunTime:0.000000s ]
NOTIC: [8] Use of undefined constant MODULE_MARK - assumed 'MODULE_MARK' D:\phpStudy\WWW\thinkphp\admin.thinkphp.com\Application\Common\Behavior\InitModuleBehavior.class.php 第 7 行.
INFO: Run Common\Behavior\InitModuleBehavior [ RunTime:0.001000s ]
INFO: [ app_init ] --END-- [ RunTime:0.001000s ]
INFO: [ app_begin ] --START--
INFO: Run Behavior\ReadHtmlCacheBehavior [ RunTime:0.001000s ]
INFO: [ app_begin ] --END-- [ RunTime:0.001000s ]
ERR: 1146:Table 'lyadmin.lyadmin_user' doesn't exist
 [ SQL语句 ] : SHOW COLUMNS FROM `lyadmin_user`
ERR: 1146:Table 'lyadmin.lyadmin_user' doesn't exist
 [ SQL语句 ] : SHOW COLUMNS FROM `lyadmin_user`

